1.9175 	WARNING 	sounddevice audio lib was requested but not loaded: sounddevice not working
58.5992 	WARNING 	User requested fullscreen with size [1024  768], but screen is actually [1440, 900]. Using actual size
59.3456 	EXP 	Created window1 = Window(allowGUI=False, allowStencil=False, args=UNKNOWN, autoLog=True, bitsMode=UNKNOWN, blendMode='avg', color=array([0., 0., 0.]), colorSpace='rgb', fullscr=<method-wrapper '__getattribute__' of attributeSetter object at 0x127a13e80>, gamma=None, kwargs=UNKNOWN, lms=UNKNOWN, monitor=<psychopy.monitors.calibTools.Monitor object at 0x12aec0fd0>, multiSample=False, name='window1', numSamples=2, pos=[0.0, 0.0], screen=0, size=array([2880, 1800]), stereo=False, units='height', useFBO=True, useRetina=True, viewOri=0.0, viewPos=None, viewScale=None, waitBlanking=True, winType='pyglet')
59.3456 	EXP 	window1: recordFrameIntervals = False
59.5106 	EXP 	window1: recordFrameIntervals = True
59.6945 	EXP 	window1: recordFrameIntervals = False
59.6996 	EXP 	Created image = ImageStim(__class__=<class 'psychopy.visual.image.ImageStim'>, autoLog=True, color=array([1., 1., 1.]), colorSpace='rgb', contrast=1.0, depth=0.0, flipHoriz=False, flipVert=False, image='sin', interpolate=True, mask=None, maskParams=None, name='image', opacity=1.0, ori=0.0, pos=array([-0.25,  0.25]), size=array([0.2, 0.2]), texRes=128, units='height', win=Window(...))
59.7027 	EXP 	Created image_2 = ImageStim(__class__=<class 'psychopy.visual.image.ImageStim'>, autoLog=True, color=array([1., 1., 1.]), colorSpace='rgb', contrast=1.0, depth=-1.0, flipHoriz=False, flipVert=False, image='sin', interpolate=True, mask=None, maskParams=None, name='image_2', opacity=1.0, ori=0.0, pos=array([0.25, 0.25]), size=array([0.2, 0.2]), texRes=128, units='height', win=Window(...))
59.7342 	EXP 	Created unnamed GratingStim = GratingStim(__class__=<class 'psychopy.visual.grating.GratingStim'>, autoDraw=False, autoLog=True, blendmode='avg', color='LightGray', colorSpace='named', contrast=1.0, depth=0, interpolate=False, mask='none', maskParams=None, name='unnamed GratingStim', opacity=1.0, ori=0.0, phase=array([0., 0.]), pos=array([ 0. , -0.3]), rgbPedestal=array([0., 0., 0.]), sf=array([0., 0.]), size=array([0.8  , 0.008]), tex='sin', texRes=128, units='height', win=Window(...))
59.7378 	EXP 	Created unnamed ElementArrayStim = ElementArrayStim(__class__=type(...), autoLog=True, colorSpace='named', colors='LightGray', contrs=array([1., 1., 1., 1., 1., 1., 1.]), depths=0, elementMask=method-wrapper(...), elementTex=method-wrapper(...), fieldDepth=0, fieldPos=array([0., 0.]), fieldShape='circle', fieldSize=array([1., 1.]), interpolate=True, maskParams=None, nElements=7, name='unnamed ElementArrayStim', opacities=array([1., 1., 1., 1., 1., 1., 1.]), oris=array([0., 0., 0., 0., 0., 0., 0.]), phases=ndarray(...), rgbs=ndarray(...), sfs=ndarray(...), sizes=ndarray(...), texRes=48, units='height', win=Window(...), xys=ndarray(...))
59.7404 	EXP 	Created unnamed Circle = Circle(__class__=<class 'psychopy.visual.circle.Circle'>, autoDraw=False, autoLog=True, closeShape=True, color=method-wrapper(...), colorSpace=None, contrast=1.0, depth=0, fillColor='red', fillColorSpace='named', fillRGB=array([255.,   0.,   0.]), interpolate=True, lineColor='red', lineColorSpace='named', lineRGB=array([255.,   0.,   0.]), lineWidth=1.5, name='unnamed Circle', opacity=1.0, ori=array(0.), pos=array([0., 0.]), size=array([0.1, 0.1]), units='height', vertices=ndarray(...), win=Window(...))
59.7414 	EXP 	Created unnamed Rect = Rect(__class__=<class 'psychopy.visual.rect.Rect'>, autoDraw=False, autoLog=True, closeShape=True, color=method-wrapper(...), colorSpace=None, contrast=1.0, depth=0, fillColor=None, fillColorSpace='rgb', fillRGB=None, interpolate=True, lineColor='DarkGrey', lineColorSpace='named', lineRGB=array([169., 169., 169.]), lineWidth=1.5, name='unnamed Rect', opacity=1.0, ori=array(0.), pos=array([ 0. , -0.3]), size=array([1., 1.]), units='height', vertices=ndarray(...), win=Window(...))
59.7418 	EXP 	Created slider = Slider(__class__=<class 'psychopy.visual.slider.Slider'>, autoDraw=False, autoLog=True, color='LightGray', depth=0, flip=False, font='HelveticaBold', granularity=0, labelHeight=0.1, labels=None, name='slider', pos=(0, -0.3), readOnly=False, self=UNKNOWN, size=(0.8, 0.1), style=method-wrapper(...), ticks=array([1, 2, 3, 4, 5, 6, 7]), units='height', win=Window(...))
59.8693 	EXP 	Created text = TextStim(__class__=<class 'psychopy.visual.text.TextStim'>, alignHoriz='center', alignVert='center', antialias=True, autoLog=True, bold=False, color='black', colorSpace='named', contrast=1.0, depth=-3.0, flipHoriz=False, flipVert=False, font='Arial', fontFiles=[], height=0.05, italic=False, languageStyle='LTR', name='text', opacity=1.0, ori=0, pos=array([ 0.  , -0.15]), rgb=array([0., 0., 0.]), text='Most similar  -  Least Similar', units='height', win=Window(...), wrapWidth=1)
59.8970 	EXP 	Imported AllColor.xlsx as conditions, 144 conditions, 4 params
59.8978 	EXP 	Created sequence: random, trialTypes=144, nReps=2, seed=None
59.8982 	EXP 	New trial (rep=0, index=0): OrderedDict([('color1', 'chartrueuse_green'), ('color2', 'spring_green'), ('color1a', 'chartrueuse_green.png'), ('color2a', 'spring_green.png')])
60.0114 	EXP 	slider: autoLog = True
60.0114 	EXP 	slider: markerPos = None
60.0114 	EXP 	slider: rating = None
60.0114 	EXP 	slider: markerPos = None
60.0114 	EXP 	unnamed Circle: contrast = 1.0
60.0114 	EXP 	unnamed GratingStim: contrast = 1.0
60.0114 	EXP 	slider: contrast = 1.0
60.0114 	EXP 	slider: autoLog = True
60.0114 	EXP 	slider: style = ('rating',)
60.0114 	EXP 	image: image = 'chartrueuse_green.png'
60.0114 	EXP 	image_2: image = 'spring_green.png'
60.0114 	EXP 	slider: markerPos = None
60.0114 	EXP 	slider: markerPos = None
60.0114 	EXP 	slider: rating = None
60.0114 	EXP 	image: autoDraw = True
60.0114 	EXP 	image_2: autoDraw = True
60.0114 	EXP 	slider: autoDraw = True
60.0114 	EXP 	text: autoDraw = True
87.0870 	DATA 	Keypress: escape
87.3752 	EXP 	window1: mouseVisible = True
