2.0846 	WARNING 	sounddevice audio lib was requested but not loaded: sounddevice not working
7.0694 	WARNING 	User requested fullscreen with size [1024  768], but screen is actually [1440, 900]. Using actual size
7.7668 	EXP 	Created window1 = Window(allowGUI=False, allowStencil=False, args=UNKNOWN, autoLog=True, bitsMode=UNKNOWN, blendMode='avg', color=array([0., 0., 0.]), colorSpace='rgb', fullscr=<method-wrapper '__getattribute__' of attributeSetter object at 0x125d67748>, gamma=None, kwargs=UNKNOWN, lms=UNKNOWN, monitor=<psychopy.monitors.calibTools.Monitor object at 0x12bd1b518>, multiSample=False, name='window1', numSamples=2, pos=[0.0, 0.0], screen=0, size=array([2880, 1800]), stereo=False, units='height', useFBO=True, useRetina=True, viewOri=0.0, viewPos=None, viewScale=None, waitBlanking=True, winType='pyglet')
7.7669 	EXP 	window1: recordFrameIntervals = False
7.9330 	EXP 	window1: recordFrameIntervals = True
8.1170 	EXP 	window1: recordFrameIntervals = False
8.1198 	EXP 	Created image = ImageStim(__class__=<class 'psychopy.visual.image.ImageStim'>, autoLog=True, color=array([1., 1., 1.]), colorSpace='rgb', contrast=1.0, depth=0.0, flipHoriz=False, flipVert=False, image='sin', interpolate=True, mask=None, maskParams=None, name='image', opacity=1.0, ori=0.0, pos=array([-0.25,  0.25]), size=array([0.1, 0.1]), texRes=128, units='height', win=Window(...))
8.1215 	EXP 	Created image_2 = ImageStim(__class__=<class 'psychopy.visual.image.ImageStim'>, autoLog=True, color=array([1., 1., 1.]), colorSpace='rgb', contrast=1.0, depth=-1.0, flipHoriz=False, flipVert=False, image='sin', interpolate=True, mask=None, maskParams=None, name='image_2', opacity=1.0, ori=0.0, pos=array([0.25, 0.25]), size=array([0.1, 0.1]), texRes=128, units='height', win=Window(...))
8.1437 	EXP 	Created unnamed GratingStim = GratingStim(__class__=<class 'psychopy.visual.grating.GratingStim'>, autoDraw=False, autoLog=True, blendmode='avg', color='LightGray', colorSpace='named', contrast=1.0, depth=0, interpolate=False, mask='none', maskParams=None, name='unnamed GratingStim', opacity=1.0, ori=0.0, phase=array([0., 0.]), pos=array([ 0. , -0.3]), rgbPedestal=array([0., 0., 0.]), sf=array([0., 0.]), size=array([0.8  , 0.008]), tex='sin', texRes=128, units='height', win=Window(...))
8.1473 	EXP 	Created unnamed ElementArrayStim = ElementArrayStim(__class__=type(...), autoLog=True, colorSpace='named', colors='LightGray', contrs=array([1., 1., 1., 1., 1., 1., 1.]), depths=0, elementMask=method-wrapper(...), elementTex=method-wrapper(...), fieldDepth=0, fieldPos=array([0., 0.]), fieldShape='circle', fieldSize=array([1., 1.]), interpolate=True, maskParams=None, nElements=7, name='unnamed ElementArrayStim', opacities=array([1., 1., 1., 1., 1., 1., 1.]), oris=array([0., 0., 0., 0., 0., 0., 0.]), phases=ndarray(...), rgbs=ndarray(...), sfs=ndarray(...), sizes=ndarray(...), texRes=48, units='height', win=Window(...), xys=ndarray(...))
8.1507 	EXP 	Created unnamed Circle = Circle(__class__=<class 'psychopy.visual.circle.Circle'>, autoDraw=False, autoLog=True, closeShape=True, color=method-wrapper(...), colorSpace=None, contrast=1.0, depth=0, fillColor='red', fillColorSpace='named', fillRGB=array([255.,   0.,   0.]), interpolate=True, lineColor='red', lineColorSpace='named', lineRGB=array([255.,   0.,   0.]), lineWidth=1.5, name='unnamed Circle', opacity=1.0, ori=array(0.), pos=array([0., 0.]), size=array([0.1, 0.1]), units='height', vertices=ndarray(...), win=Window(...))
8.1517 	EXP 	Created unnamed Rect = Rect(__class__=<class 'psychopy.visual.rect.Rect'>, autoDraw=False, autoLog=True, closeShape=True, color=method-wrapper(...), colorSpace=None, contrast=1.0, depth=0, fillColor=None, fillColorSpace='rgb', fillRGB=None, interpolate=True, lineColor='DarkGrey', lineColorSpace='named', lineRGB=array([169., 169., 169.]), lineWidth=1.5, name='unnamed Rect', opacity=1.0, ori=array(0.), pos=array([ 0. , -0.3]), size=array([1., 1.]), units='height', vertices=ndarray(...), win=Window(...))
8.1522 	EXP 	Created slider = Slider(__class__=<class 'psychopy.visual.slider.Slider'>, autoDraw=False, autoLog=True, color='LightGray', depth=0, flip=False, font='HelveticaBold', granularity=0, labelHeight=0.1, labels=None, name='slider', pos=(0, -0.3), readOnly=False, self=UNKNOWN, size=(0.8, 0.1), style=method-wrapper(...), ticks=array([1, 2, 3, 4, 5, 6, 7]), units='height', win=Window(...))
8.2848 	EXP 	Created text = TextStim(__class__=<class 'psychopy.visual.text.TextStim'>, alignHoriz='center', alignVert='center', antialias=True, autoLog=True, bold=False, color='black', colorSpace='named', contrast=1.0, depth=-3.0, flipHoriz=False, flipVert=False, font='Arial', fontFiles=[], height=0.05, italic=False, languageStyle='LTR', name='text', opacity=1.0, ori=0, pos=array([ 0.  , -0.15]), rgb=array([0., 0., 0.]), text='Most similar  -  Least Similar', units='height', win=Window(...), wrapWidth=1)
8.3104 	EXP 	Imported AllColor.xlsx as conditions, 144 conditions, 4 params
8.3112 	EXP 	Created sequence: random, trialTypes=144, nReps=2, seed=None
8.3117 	EXP 	New trial (rep=0, index=0): OrderedDict([('color1', 'rose'), ('color2', 'azure'), ('color1a', 'rose.png'), ('color2a', 'azure.png')])
8.4161 	EXP 	slider: autoLog = True
8.4161 	EXP 	slider: markerPos = None
8.4161 	EXP 	slider: rating = None
8.4161 	EXP 	slider: markerPos = None
8.4161 	EXP 	unnamed Circle: contrast = 1.0
8.4161 	EXP 	unnamed GratingStim: contrast = 1.0
8.4161 	EXP 	slider: contrast = 1.0
8.4161 	EXP 	slider: autoLog = True
8.4161 	EXP 	slider: style = ('rating',)
8.4161 	EXP 	image: image = 'rose.png'
8.4161 	EXP 	image_2: image = 'azure.png'
8.4161 	EXP 	slider: markerPos = None
8.4161 	EXP 	slider: markerPos = None
8.4161 	EXP 	slider: rating = None
8.4161 	EXP 	image: autoDraw = True
8.4161 	EXP 	image_2: autoDraw = True
8.4161 	EXP 	slider: autoDraw = True
8.4161 	EXP 	text: autoDraw = True
31.1337 	DATA 	Mouse: Left button down, pos=(425,177)
31.1648 	EXP 	slider: markerPos = 1.5416666666666667
31.1648 	EXP 	unnamed Circle: pos = array([[-0.32777778, -0.3       ]])
31.1811 	EXP 	slider: markerPos = 1.5416666666666667
31.1980 	EXP 	slider: markerPos = 1.5416666666666667
31.2148 	EXP 	slider: markerPos = 1.5416666666666667
31.2306 	EXP 	slider: markerPos = 1.5416666666666667
31.2471 	EXP 	slider: markerPos = 1.5416666666666667
31.2644 	EXP 	slider: markerPos = 1.5416666666666667
31.2815 	EXP 	slider: markerPos = 1.5416666666666667
31.2971 	EXP 	slider: markerPos = 1.5416666666666667
31.3139 	EXP 	slider: markerPos = 1.5416666666666667
31.3312 	EXP 	slider: markerPos = 1.5416666666666667
31.3473 	EXP 	slider: markerPos = 1.5416666666666667
31.3645 	EXP 	slider: markerPos = 1.5416666666666667
31.3811 	EXP 	slider: markerPos = 1.5416666666666667
31.3980 	EXP 	slider: markerPos = 1.5416666666666667
31.4143 	EXP 	slider: markerPos = 1.5416666666666667
31.4305 	EXP 	slider: markerPos = 1.5416666666666667
31.4478 	EXP 	slider: markerPos = 1.5416666666666667
31.4649 	EXP 	slider: markerPos = 1.5416666666666667
31.4808 	EXP 	slider: markerPos = 1.5416666666666667
31.4978 	EXP 	slider: markerPos = 1.5416666666666667
31.5145 	EXP 	slider: markerPos = 1.5416666666666667
31.5309 	EXP 	slider: markerPos = 1.5416666666666667
31.5479 	EXP 	slider: markerPos = 1.5416666666666667
31.5646 	EXP 	slider: markerPos = 1.5416666666666667
31.5812 	EXP 	slider: markerPos = 1.5416666666666667
31.5976 	EXP 	slider: markerPos = 1.5416666666666667
31.6137 	EXP 	slider: markerPos = 1.5416666666666667
31.6314 	EXP 	slider: markerPos = 1.5416666666666667
31.6472 	EXP 	slider: markerPos = 1.5416666666666667
31.6645 	EXP 	slider: markerPos = 1.5416666666666667
31.6813 	EXP 	slider: markerPos = 1.5416666666666667
31.6973 	EXP 	slider: markerPos = 1.5416666666666667
31.7150 	EXP 	slider: markerPos = 1.5416666666666667
31.7312 	EXP 	slider: markerPos = 1.5416666666666667
31.7479 	EXP 	slider: markerPos = 1.5416666666666667
31.7647 	EXP 	slider: markerPos = 1.5250000000000001
31.7647 	EXP 	unnamed Circle: pos = array([[-0.33, -0.3 ]])
31.7814 	EXP 	slider: markerPos = 1.5000000000000002
31.7814 	EXP 	unnamed Circle: pos = array([[-0.33333333, -0.3       ]])
31.7975 	EXP 	slider: markerPos = 1.475
31.7975 	EXP 	unnamed Circle: pos = array([[-0.33666667, -0.3       ]])
31.8139 	EXP 	slider: markerPos = 1.441666666666667
31.8139 	EXP 	unnamed Circle: pos = array([[-0.34111111, -0.3       ]])
31.8314 	EXP 	slider: markerPos = 1.4083333333333337
31.8314 	EXP 	unnamed Circle: pos = array([[-0.34555556, -0.3       ]])
31.8458 	EXP 	slider: markerPos = 1.3750000000000004
31.8458 	EXP 	unnamed Circle: pos = array([[-0.35, -0.3 ]])
31.8642 	EXP 	slider: markerPos = 1.3666666666666671
31.8642 	EXP 	unnamed Circle: pos = array([[-0.35111111, -0.3       ]])
31.8811 	EXP 	slider: markerPos = 1.3583333333333334
31.8811 	EXP 	unnamed Circle: pos = array([[-0.35222222, -0.3       ]])
31.8973 	EXP 	slider: markerPos = 1.35
31.8973 	EXP 	unnamed Circle: pos = array([[-0.35333333, -0.3       ]])
31.9144 	EXP 	slider: markerPos = 1.35
31.9313 	EXP 	slider: markerPos = 1.35
31.9479 	EXP 	slider: markerPos = 1.35
31.9648 	EXP 	slider: markerPos = 1.35
31.9809 	EXP 	slider: markerPos = 1.35
31.9974 	EXP 	slider: markerPos = 1.35
32.0140 	EXP 	slider: markerPos = 1.35
32.0313 	EXP 	slider: markerPos = 1.35
32.0460 	EXP 	slider: markerPos = 1.3333333333333335
32.0460 	EXP 	unnamed Circle: pos = array([[-0.35555556, -0.3       ]])
32.0641 	EXP 	slider: markerPos = 1.3333333333333335
32.0811 	EXP 	slider: markerPos = 1.3000000000000003
32.0811 	EXP 	unnamed Circle: pos = array([[-0.36, -0.3 ]])
32.0974 	EXP 	slider: markerPos = 1.275
32.0974 	EXP 	unnamed Circle: pos = array([[-0.36333333, -0.3       ]])
32.1145 	EXP 	slider: markerPos = 1.2583333333333333
32.1145 	EXP 	unnamed Circle: pos = array([[-0.36555556, -0.3       ]])
32.1311 	EXP 	slider: markerPos = 1.2416666666666667
32.1311 	EXP 	unnamed Circle: pos = array([[-0.36777778, -0.3       ]])
32.1479 	EXP 	slider: markerPos = 1.225
32.1479 	EXP 	unnamed Circle: pos = array([[-0.37, -0.3 ]])
32.1616 	EXP 	slider: markerPos = 1.225
32.1803 	EXP 	slider: markerPos = 1.225
32.1975 	EXP 	slider: markerPos = 1.2166666666666668
32.1975 	EXP 	unnamed Circle: pos = array([[-0.37111111, -0.3       ]])
32.2148 	EXP 	slider: markerPos = 1.2166666666666668
32.2285 	EXP 	slider: markerPos = 1.2166666666666668
32.2478 	EXP 	slider: markerPos = 1.2166666666666668
32.2644 	EXP 	slider: markerPos = 1.1916666666666667
32.2644 	EXP 	unnamed Circle: pos = array([[-0.37444444, -0.3       ]])
32.2815 	EXP 	slider: markerPos = 1.1833333333333336
32.2815 	EXP 	unnamed Circle: pos = array([[-0.37555556, -0.3       ]])
32.2977 	EXP 	slider: markerPos = 1.1583333333333334
32.2977 	EXP 	unnamed Circle: pos = array([[-0.37888889, -0.3       ]])
32.3149 	EXP 	slider: markerPos = 1.1416666666666668
32.3149 	EXP 	unnamed Circle: pos = array([[-0.38111111, -0.3       ]])
32.3291 	EXP 	slider: markerPos = 1.1083333333333336
32.3291 	EXP 	unnamed Circle: pos = array([[-0.38555556, -0.3       ]])
32.3474 	EXP 	slider: markerPos = 1.0833333333333335
32.3474 	EXP 	unnamed Circle: pos = array([[-0.38888889, -0.3       ]])
32.3619 	EXP 	slider: markerPos = 1.0583333333333331
32.3619 	EXP 	unnamed Circle: pos = array([[-0.39222222, -0.3       ]])
32.3811 	EXP 	slider: markerPos = 1.041666666666667
32.3811 	EXP 	unnamed Circle: pos = array([[-0.39444444, -0.3       ]])
32.3984 	EXP 	slider: markerPos = 1.0250000000000004
32.3984 	EXP 	unnamed Circle: pos = array([[-0.39666667, -0.3       ]])
32.4125 	EXP 	slider: markerPos = 1.0166666666666666
32.4125 	EXP 	unnamed Circle: pos = array([[-0.39777778, -0.3       ]])
32.4312 	EXP 	slider: markerPos = 1.0166666666666666
32.4478 	EXP 	slider: markerPos = 1.0166666666666666
32.4641 	EXP 	slider: markerPos = 1.0166666666666666
32.4807 	EXP 	slider: markerPos = 1.0166666666666666
32.4980 	EXP 	slider: markerPos = 1.0166666666666666
32.5145 	EXP 	slider: markerPos = 1.0166666666666666
32.5308 	EXP 	slider: markerPos = 1.0166666666666666
32.5472 	EXP 	slider: markerPos = 1.0166666666666666
32.5650 	EXP 	slider: markerPos = 1.0166666666666666
32.5813 	EXP 	slider: markerPos = 1.0166666666666666
32.5983 	EXP 	slider: markerPos = 1.0166666666666666
32.6139 	EXP 	slider: markerPos = 1.0166666666666666
32.6311 	EXP 	slider: markerPos = 1.0
32.6311 	EXP 	unnamed Circle: pos = array([[-0.4, -0.3]])
32.6480 	EXP 	slider: markerPos = 0.9583333333333335
32.6644 	EXP 	slider: markerPos = 0.9250000000000003
32.6814 	EXP 	slider: markerPos = 0.8833333333333337
32.6980 	EXP 	slider: markerPos = 0.8416666666666672
32.7148 	EXP 	slider: markerPos = 0.8166666666666667
32.7313 	EXP 	slider: markerPos = 0.7916666666666667
32.7470 	EXP 	slider: markerPos = 0.7833333333333334
32.7642 	EXP 	slider: markerPos = 0.7833333333333334
32.7813 	EXP 	slider: markerPos = 0.7750000000000001
32.7971 	EXP 	slider: markerPos = 0.7750000000000001
32.8144 	EXP 	slider: markerPos = 0.7750000000000001
32.8312 	EXP 	slider: markerPos = 0.7666666666666668
32.8483 	EXP 	slider: markerPos = 0.7416666666666669
32.8642 	EXP 	slider: markerPos = 0.716666666666667
32.8812 	EXP 	slider: markerPos = 0.6749999999999998
32.8975 	EXP 	slider: markerPos = 0.6416666666666666
32.9141 	EXP 	slider: markerPos = 0.6000000000000001
32.9306 	EXP 	slider: markerPos = 0.5750000000000002
32.9478 	EXP 	slider: markerPos = 0.5500000000000003
32.9647 	EXP 	slider: markerPos = 0.5000000000000004
32.9809 	EXP 	slider: markerPos = 0.48333333333333317
32.9978 	EXP 	slider: markerPos = 0.46666666666666723
33.0147 	EXP 	slider: markerPos = 0.4583333333333339
33.0306 	EXP 	slider: markerPos = 0.44999999999999996
33.0475 	EXP 	slider: markerPos = 0.44999999999999996
33.0646 	EXP 	slider: markerPos = 0.44999999999999996
33.0812 	EXP 	slider: markerPos = 0.44999999999999996
33.0973 	EXP 	slider: markerPos = 0.44999999999999996
33.1138 	EXP 	slider: markerPos = 0.44999999999999996
33.1313 	EXP 	slider: markerPos = 0.44999999999999996
33.1481 	EXP 	slider: markerPos = 0.4583333333333339
33.1644 	EXP 	slider: markerPos = 0.4583333333333339
33.1811 	EXP 	slider: markerPos = 0.46666666666666723
33.1973 	EXP 	slider: markerPos = 0.46666666666666723
33.2145 	EXP 	slider: markerPos = 0.46666666666666723
33.2312 	EXP 	slider: markerPos = 0.47500000000000053
33.2480 	EXP 	slider: markerPos = 0.5083333333333337
33.2648 	EXP 	slider: markerPos = 0.6000000000000001
33.2812 	EXP 	slider: markerPos = 0.7416666666666669
33.2949 	EXP 	slider: markerPos = 0.9500000000000002
33.3146 	EXP 	slider: markerPos = 1.1750000000000003
33.3146 	EXP 	unnamed Circle: pos = array([[-0.37666667, -0.3       ]])
33.3291 	EXP 	slider: markerPos = 1.3916666666666666
33.3291 	EXP 	unnamed Circle: pos = array([[-0.34777778, -0.3       ]])
33.3474 	EXP 	slider: markerPos = 1.6
33.3474 	EXP 	unnamed Circle: pos = array([[-0.32, -0.3 ]])
33.3621 	EXP 	slider: markerPos = 1.9
33.3621 	EXP 	unnamed Circle: pos = array([[-0.28, -0.3 ]])
33.3812 	EXP 	slider: markerPos = 1.9500000000000002
33.3812 	EXP 	unnamed Circle: pos = array([[-0.27333333, -0.3       ]])
33.3979 	EXP 	slider: markerPos = 2.2
33.3979 	EXP 	unnamed Circle: pos = array([[-0.24, -0.3 ]])
33.4140 	EXP 	slider: markerPos = 2.325
33.4140 	EXP 	unnamed Circle: pos = array([[-0.22333333, -0.3       ]])
33.4317 	EXP 	slider: markerPos = 2.3916666666666666
33.4317 	EXP 	unnamed Circle: pos = array([[-0.21444444, -0.3       ]])
33.4462 	EXP 	slider: markerPos = 2.441666666666667
33.4462 	EXP 	unnamed Circle: pos = array([[-0.20777778, -0.3       ]])
33.4643 	EXP 	slider: markerPos = 2.475
33.4643 	EXP 	unnamed Circle: pos = array([[-0.20333333, -0.3       ]])
33.4787 	EXP 	slider: markerPos = 2.4916666666666667
33.4787 	EXP 	unnamed Circle: pos = array([[-0.20111111, -0.3       ]])
33.4971 	EXP 	slider: markerPos = 2.5
33.4971 	EXP 	unnamed Circle: pos = array([[-0.2, -0.3]])
33.5145 	EXP 	slider: markerPos = 2.5
33.5313 	EXP 	slider: markerPos = 2.5
33.5475 	EXP 	slider: markerPos = 2.5
33.5645 	EXP 	slider: markerPos = 2.5
33.5816 	EXP 	slider: markerPos = 2.5
33.5979 	EXP 	slider: markerPos = 2.5
33.6137 	EXP 	slider: markerPos = 2.5
33.6311 	EXP 	slider: markerPos = 2.5
33.6477 	EXP 	slider: markerPos = 2.5
33.6649 	EXP 	slider: markerPos = 2.5
33.6807 	EXP 	slider: markerPos = 2.5
33.6979 	EXP 	slider: markerPos = 2.5
33.7144 	EXP 	slider: markerPos = 2.5
33.7287 	EXP 	slider: markerPos = 2.5083333333333333
33.7287 	EXP 	unnamed Circle: pos = array([[-0.19888889, -0.3       ]])
33.7475 	EXP 	slider: markerPos = 2.525
33.7475 	EXP 	unnamed Circle: pos = array([[-0.19666667, -0.3       ]])
33.7646 	EXP 	slider: markerPos = 2.6
33.7646 	EXP 	unnamed Circle: pos = array([[-0.18666667, -0.3       ]])
33.7812 	EXP 	slider: markerPos = 2.7249999999999996
33.7812 	EXP 	unnamed Circle: pos = array([[-0.17, -0.3 ]])
33.7978 	EXP 	slider: markerPos = 2.9
33.7978 	EXP 	unnamed Circle: pos = array([[-0.14666667, -0.3       ]])
33.8121 	EXP 	slider: markerPos = 3.2416666666666667
33.8121 	EXP 	unnamed Circle: pos = array([[-0.10111111, -0.3       ]])
33.8310 	EXP 	slider: markerPos = 3.6416666666666666
33.8310 	EXP 	unnamed Circle: pos = array([[-0.04777778, -0.3       ]])
33.8453 	EXP 	slider: markerPos = 4.158333333333333
33.8453 	EXP 	unnamed Circle: pos = array([[ 0.02111111, -0.3       ]])
33.8645 	EXP 	slider: markerPos = 4.725
33.8645 	EXP 	unnamed Circle: pos = array([[ 0.09666667, -0.3       ]])
33.8817 	EXP 	slider: markerPos = 5.316666666666666
33.8817 	EXP 	unnamed Circle: pos = array([[ 0.17555556, -0.3       ]])
33.8957 	EXP 	slider: markerPos = 5.55
33.8957 	EXP 	unnamed Circle: pos = array([[ 0.20666667, -0.3       ]])
33.9144 	EXP 	slider: markerPos = 5.683333333333334
33.9144 	EXP 	unnamed Circle: pos = array([[ 0.22444444, -0.3       ]])
33.9311 	EXP 	slider: markerPos = 5.916666666666666
33.9311 	EXP 	unnamed Circle: pos = array([[ 0.25555556, -0.3       ]])
33.9473 	EXP 	slider: markerPos = 6.025
33.9473 	EXP 	unnamed Circle: pos = array([[ 0.27, -0.3 ]])
33.9643 	EXP 	slider: markerPos = 6.125
33.9643 	EXP 	unnamed Circle: pos = array([[ 0.28333333, -0.3       ]])
33.9813 	EXP 	slider: markerPos = 6.216666666666667
33.9813 	EXP 	unnamed Circle: pos = array([[ 0.29555556, -0.3       ]])
33.9956 	EXP 	slider: markerPos = 6.266666666666667
33.9956 	EXP 	unnamed Circle: pos = array([[ 0.30222222, -0.3       ]])
34.0141 	EXP 	slider: markerPos = 6.316666666666666
34.0141 	EXP 	unnamed Circle: pos = array([[ 0.30888889, -0.3       ]])
34.0284 	EXP 	slider: markerPos = 6.366666666666666
34.0284 	EXP 	unnamed Circle: pos = array([[ 0.31555556, -0.3       ]])
34.0479 	EXP 	slider: markerPos = 6.416666666666667
34.0479 	EXP 	unnamed Circle: pos = array([[ 0.32222222, -0.3       ]])
34.0650 	EXP 	slider: markerPos = 6.475
34.0650 	EXP 	unnamed Circle: pos = array([[ 0.33, -0.3 ]])
34.0792 	EXP 	slider: markerPos = 6.591666666666667
34.0792 	EXP 	unnamed Circle: pos = array([[ 0.34555556, -0.3       ]])
34.0976 	EXP 	slider: markerPos = 6.633333333333333
34.0976 	EXP 	unnamed Circle: pos = array([[ 0.35111111, -0.3       ]])
34.1143 	EXP 	slider: markerPos = 6.708333333333333
34.1143 	EXP 	unnamed Circle: pos = array([[ 0.36111111, -0.3       ]])
34.1305 	EXP 	slider: markerPos = 6.75
34.1305 	EXP 	unnamed Circle: pos = array([[ 0.36666667, -0.3       ]])
34.1483 	EXP 	slider: markerPos = 6.766666666666666
34.1483 	EXP 	unnamed Circle: pos = array([[ 0.36888889, -0.3       ]])
34.1627 	EXP 	slider: markerPos = 6.791666666666667
34.1627 	EXP 	unnamed Circle: pos = array([[ 0.37222222, -0.3       ]])
34.1815 	EXP 	slider: markerPos = 6.808333333333334
34.1815 	EXP 	unnamed Circle: pos = array([[ 0.37444444, -0.3       ]])
34.1958 	EXP 	slider: markerPos = 6.833333333333333
34.1958 	EXP 	unnamed Circle: pos = array([[ 0.37777778, -0.3       ]])
34.2138 	EXP 	slider: markerPos = 6.858333333333333
34.2138 	EXP 	unnamed Circle: pos = array([[ 0.38111111, -0.3       ]])
34.2313 	EXP 	slider: markerPos = 6.875
34.2313 	EXP 	unnamed Circle: pos = array([[ 0.38333333, -0.3       ]])
34.2456 	EXP 	slider: markerPos = 6.883333333333333
34.2456 	EXP 	unnamed Circle: pos = array([[ 0.38444444, -0.3       ]])
34.2646 	EXP 	slider: markerPos = 6.891666666666667
34.2646 	EXP 	unnamed Circle: pos = array([[ 0.38555556, -0.3       ]])
34.2806 	EXP 	slider: markerPos = 6.891666666666667
34.2972 	EXP 	slider: markerPos = 6.8999999999999995
34.2972 	EXP 	unnamed Circle: pos = array([[ 0.38666667, -0.3       ]])
34.3143 	EXP 	slider: markerPos = 6.908333333333333
34.3143 	EXP 	unnamed Circle: pos = array([[ 0.38777778, -0.3       ]])
34.3307 	EXP 	slider: markerPos = 6.908333333333333
34.3472 	EXP 	slider: markerPos = 6.916666666666667
34.3472 	EXP 	unnamed Circle: pos = array([[ 0.38888889, -0.3       ]])
34.4372 	EXP 	slider: markerPos = 6.916666666666667
34.4639 	EXP 	slider: markerPos = 6.125
34.4639 	EXP 	unnamed Circle: pos = array([[ 0.28333333, -0.3       ]])
34.4807 	EXP 	slider: markerPos = 3.841666666666667
34.4807 	EXP 	unnamed Circle: pos = array([[-0.02111111, -0.3       ]])
34.4976 	EXP 	slider: markerPos = 2.3666666666666667
34.4976 	EXP 	unnamed Circle: pos = array([[-0.21777778, -0.3       ]])
34.5142 	EXP 	slider: markerPos = 1.2583333333333333
34.5142 	EXP 	unnamed Circle: pos = array([[-0.36555556, -0.3       ]])
34.5311 	EXP 	slider: markerPos = -0.0416666666666663
34.5311 	EXP 	unnamed Circle: pos = array([[-0.4, -0.3]])
34.5478 	EXP 	slider: markerPos = -1.2249999999999996
34.5638 	EXP 	slider: markerPos = -1.9416666666666669
34.5803 	EXP 	slider: markerPos = -2.0
34.5978 	EXP 	slider: markerPos = -2.0
34.6135 	EXP 	slider: markerPos = -2.0
34.6306 	EXP 	slider: markerPos = -2.0
34.6479 	EXP 	slider: markerPos = -2.0
34.6644 	EXP 	slider: markerPos = -2.0
34.6809 	EXP 	slider: markerPos = -2.0
34.6972 	EXP 	slider: markerPos = -2.0
34.7141 	EXP 	slider: markerPos = -2.0
34.7310 	EXP 	slider: markerPos = -2.0
34.7474 	EXP 	slider: markerPos = -2.0
34.7640 	EXP 	slider: markerPos = -2.0
34.7806 	EXP 	slider: markerPos = -2.0
34.7972 	EXP 	slider: markerPos = -2.0
34.8139 	EXP 	slider: markerPos = -2.0
34.8312 	EXP 	slider: markerPos = -2.0
34.8479 	EXP 	slider: markerPos = -2.0
34.8547 	DATA 	Mouse:  Left button up, pos=(0,215)
34.8624 	EXP 	slider: markerPos = -2.0
34.8808 	EXP 	slider: markerPos = 1
34.8808 	EXP 	slider: rating = 1
34.8808 	EXP 	unnamed Circle: pos = array([[-0.4, -0.3]])
34.8840 	EXP 	New trial (rep=0, index=1): OrderedDict([('color1', 'magenta'), ('color2', 'violet'), ('color1a', 'magenta.png'), ('color2a', 'violet.png')])
34.8984 	EXP 	image: autoDraw = False
34.8984 	EXP 	image_2: autoDraw = False
34.8984 	EXP 	slider: autoDraw = False
34.8984 	EXP 	text: autoDraw = False
34.8984 	EXP 	image: image = 'magenta.png'
34.8984 	EXP 	image_2: image = 'violet.png'
34.8984 	EXP 	slider: markerPos = None
34.8984 	EXP 	slider: markerPos = None
34.8984 	EXP 	slider: rating = None
34.8984 	EXP 	image: autoDraw = True
34.8984 	EXP 	image_2: autoDraw = True
34.8984 	EXP 	slider: autoDraw = True
34.8984 	EXP 	text: autoDraw = True
35.8033 	DATA 	Keypress: escape
36.0957 	EXP 	window1: mouseVisible = True
