2.0759 	WARNING 	sounddevice audio lib was requested but not loaded: sounddevice not working
7.6163 	WARNING 	User requested fullscreen with size [1024  768], but screen is actually [1440, 900]. Using actual size
8.2864 	EXP 	Created window1 = Window(allowGUI=False, allowStencil=False, args=UNKNOWN, autoLog=True, bitsMode=UNKNOWN, blendMode='avg', color=array([0., 0., 0.]), colorSpace='rgb', fullscr=<method-wrapper '__getattribute__' of attributeSetter object at 0x1278d9e80>, gamma=None, kwargs=UNKNOWN, lms=UNKNOWN, monitor=<psychopy.monitors.calibTools.Monitor object at 0x12aec0fd0>, multiSample=False, name='window1', numSamples=2, pos=[0.0, 0.0], screen=0, size=array([2880, 1800]), stereo=False, units='height', useFBO=True, useRetina=True, viewOri=0.0, viewPos=None, viewScale=None, waitBlanking=True, winType='pyglet')
8.2864 	EXP 	window1: recordFrameIntervals = False
8.4517 	EXP 	window1: recordFrameIntervals = True
8.6349 	EXP 	window1: recordFrameIntervals = False
8.6373 	EXP 	Created image = ImageStim(__class__=<class 'psychopy.visual.image.ImageStim'>, autoLog=True, color=array([1., 1., 1.]), colorSpace='rgb', contrast=1.0, depth=0.0, flipHoriz=False, flipVert=False, image='sin', interpolate=True, mask=None, maskParams=None, name='image', opacity=1.0, ori=0.0, pos=array([-0.25,  0.25]), size=array([0.1, 0.1]), texRes=128, units='height', win=Window(...))
8.6390 	EXP 	Created image_2 = ImageStim(__class__=<class 'psychopy.visual.image.ImageStim'>, autoLog=True, color=array([1., 1., 1.]), colorSpace='rgb', contrast=1.0, depth=-1.0, flipHoriz=False, flipVert=False, image='sin', interpolate=True, mask=None, maskParams=None, name='image_2', opacity=1.0, ori=0.0, pos=array([0.25, 0.25]), size=array([0.1, 0.1]), texRes=128, units='height', win=Window(...))
8.6596 	EXP 	Created unnamed GratingStim = GratingStim(__class__=<class 'psychopy.visual.grating.GratingStim'>, autoDraw=False, autoLog=True, blendmode='avg', color='LightGray', colorSpace='named', contrast=1.0, depth=0, interpolate=False, mask='none', maskParams=None, name='unnamed GratingStim', opacity=1.0, ori=0.0, phase=array([0., 0.]), pos=array([ 0. , -0.3]), rgbPedestal=array([0., 0., 0.]), sf=array([0., 0.]), size=array([0.8  , 0.008]), tex='sin', texRes=128, units='height', win=Window(...))
8.6625 	EXP 	Created unnamed ElementArrayStim = ElementArrayStim(__class__=type(...), autoLog=True, colorSpace='named', colors='LightGray', contrs=array([1., 1., 1., 1., 1., 1., 1.]), depths=0, elementMask=method-wrapper(...), elementTex=method-wrapper(...), fieldDepth=0, fieldPos=array([0., 0.]), fieldShape='circle', fieldSize=array([1., 1.]), interpolate=True, maskParams=None, nElements=7, name='unnamed ElementArrayStim', opacities=array([1., 1., 1., 1., 1., 1., 1.]), oris=array([0., 0., 0., 0., 0., 0., 0.]), phases=ndarray(...), rgbs=ndarray(...), sfs=ndarray(...), sizes=ndarray(...), texRes=48, units='height', win=Window(...), xys=ndarray(...))
8.6646 	EXP 	Created unnamed Circle = Circle(__class__=<class 'psychopy.visual.circle.Circle'>, autoDraw=False, autoLog=True, closeShape=True, color=method-wrapper(...), colorSpace=None, contrast=1.0, depth=0, fillColor='red', fillColorSpace='named', fillRGB=array([255.,   0.,   0.]), interpolate=True, lineColor='red', lineColorSpace='named', lineRGB=array([255.,   0.,   0.]), lineWidth=1.5, name='unnamed Circle', opacity=1.0, ori=array(0.), pos=array([0., 0.]), size=array([0.1, 0.1]), units='height', vertices=ndarray(...), win=Window(...))
8.6656 	EXP 	Created unnamed Rect = Rect(__class__=<class 'psychopy.visual.rect.Rect'>, autoDraw=False, autoLog=True, closeShape=True, color=method-wrapper(...), colorSpace=None, contrast=1.0, depth=0, fillColor=None, fillColorSpace='rgb', fillRGB=None, interpolate=True, lineColor='DarkGrey', lineColorSpace='named', lineRGB=array([169., 169., 169.]), lineWidth=1.5, name='unnamed Rect', opacity=1.0, ori=array(0.), pos=array([ 0. , -0.3]), size=array([1., 1.]), units='height', vertices=ndarray(...), win=Window(...))
8.6659 	EXP 	Created slider = Slider(__class__=<class 'psychopy.visual.slider.Slider'>, autoDraw=False, autoLog=True, color='LightGray', depth=0, flip=False, font='HelveticaBold', granularity=0, labelHeight=0.1, labels=None, name='slider', pos=(0, -0.3), readOnly=False, self=UNKNOWN, size=(0.8, 0.1), style=method-wrapper(...), ticks=array([1, 2, 3, 4, 5, 6, 7]), units='height', win=Window(...))
8.7916 	EXP 	Created text = TextStim(__class__=<class 'psychopy.visual.text.TextStim'>, alignHoriz='center', alignVert='center', antialias=True, autoLog=True, bold=False, color='black', colorSpace='named', contrast=1.0, depth=-3.0, flipHoriz=False, flipVert=False, font='Arial', fontFiles=[], height=0.075, italic=False, languageStyle='LTR', name='text', opacity=1.0, ori=0, pos=array([0., 0.]), rgb=array([0., 0., 0.]), text='Most similar  -  Least Similar', units='height', win=Window(...), wrapWidth=1)
8.8154 	EXP 	Imported AllColor.xlsx as conditions, 144 conditions, 4 params
8.8163 	EXP 	Created sequence: random, trialTypes=144, nReps=2, seed=None
8.8166 	EXP 	New trial (rep=0, index=0): OrderedDict([('color1', 'green'), ('color2', 'violet'), ('color1a', 'green.png'), ('color2a', 'violet.png')])
8.9185 	EXP 	slider: autoLog = True
8.9185 	EXP 	slider: markerPos = None
8.9185 	EXP 	slider: rating = None
8.9185 	EXP 	slider: markerPos = None
8.9185 	EXP 	unnamed Circle: contrast = 1.0
8.9185 	EXP 	unnamed GratingStim: contrast = 1.0
8.9185 	EXP 	slider: contrast = 1.0
8.9185 	EXP 	slider: autoLog = True
8.9185 	EXP 	slider: style = ('rating',)
8.9185 	EXP 	image: image = 'green.png'
8.9185 	EXP 	image_2: image = 'violet.png'
8.9185 	EXP 	slider: markerPos = None
8.9185 	EXP 	slider: markerPos = None
8.9185 	EXP 	slider: rating = None
8.9185 	EXP 	image: autoDraw = True
8.9185 	EXP 	image_2: autoDraw = True
8.9185 	EXP 	slider: autoDraw = True
8.9185 	EXP 	text: autoDraw = True
14.1059 	DATA 	Mouse: Left button down, pos=(483,172)
14.1211 	EXP 	slider: markerPos = 2.0250000000000004
14.1211 	EXP 	unnamed Circle: pos = array([[-0.26333333, -0.3       ]])
14.1381 	EXP 	slider: markerPos = 2.0250000000000004
14.1545 	EXP 	slider: markerPos = 2.0250000000000004
14.1712 	EXP 	slider: markerPos = 2.0250000000000004
14.1874 	EXP 	slider: markerPos = 2.0250000000000004
14.2048 	EXP 	slider: markerPos = 2.0250000000000004
14.2215 	EXP 	slider: markerPos = 2.0250000000000004
14.2378 	EXP 	slider: markerPos = 2.0250000000000004
14.2545 	EXP 	slider: markerPos = 2.0250000000000004
14.2715 	EXP 	slider: markerPos = 2.0250000000000004
14.2875 	EXP 	slider: markerPos = 2.0250000000000004
14.3043 	EXP 	slider: markerPos = 2.0250000000000004
14.3051 	DATA 	Mouse:  Left button up, pos=(483,172)
14.3216 	EXP 	slider: markerPos = 2.0250000000000004
14.3216 	EXP 	slider: rating = 2.0250000000000004
14.3216 	EXP 	unnamed Circle: pos = array([[-0.26333333, -0.3       ]])
14.3229 	EXP 	New trial (rep=0, index=1): OrderedDict([('color1', 'blue'), ('color2', 'spring_green'), ('color1a', 'blue.png'), ('color2a', 'spring_green.png')])
14.3381 	EXP 	image: autoDraw = False
14.3381 	EXP 	image_2: autoDraw = False
14.3381 	EXP 	slider: autoDraw = False
14.3381 	EXP 	text: autoDraw = False
14.3381 	EXP 	image: image = 'blue.png'
14.3381 	EXP 	image_2: image = 'spring_green.png'
14.3381 	EXP 	slider: markerPos = None
14.3381 	EXP 	slider: markerPos = None
14.3381 	EXP 	slider: rating = None
14.3381 	EXP 	image: autoDraw = True
14.3381 	EXP 	image_2: autoDraw = True
14.3381 	EXP 	slider: autoDraw = True
14.3381 	EXP 	text: autoDraw = True
18.3055 	DATA 	Mouse: Left button down, pos=(650,175)
18.3212 	EXP 	slider: markerPos = 3.416666666666667
18.3212 	EXP 	unnamed Circle: pos = array([[-0.07777778, -0.3       ]])
18.3374 	EXP 	slider: markerPos = 3.416666666666667
18.3542 	EXP 	slider: markerPos = 3.416666666666667
18.3714 	EXP 	slider: markerPos = 3.416666666666667
18.3885 	EXP 	slider: markerPos = 3.416666666666667
18.4045 	EXP 	slider: markerPos = 3.416666666666667
18.4214 	EXP 	slider: markerPos = 3.416666666666667
18.4221 	DATA 	Mouse:  Left button up, pos=(650,175)
18.4381 	EXP 	slider: markerPos = 3.416666666666667
18.4381 	EXP 	slider: rating = 3.416666666666667
18.4381 	EXP 	unnamed Circle: pos = array([[-0.07777778, -0.3       ]])
18.4391 	EXP 	New trial (rep=0, index=2): OrderedDict([('color1', 'red'), ('color2', 'red'), ('color1a', 'red.png'), ('color2a', 'red.png')])
18.4547 	EXP 	image: autoDraw = False
18.4547 	EXP 	image_2: autoDraw = False
18.4547 	EXP 	slider: autoDraw = False
18.4547 	EXP 	text: autoDraw = False
18.4547 	EXP 	image: image = 'red.png'
18.4547 	EXP 	image_2: image = 'red.png'
18.4547 	EXP 	slider: markerPos = None
18.4547 	EXP 	slider: markerPos = None
18.4547 	EXP 	slider: rating = None
18.4547 	EXP 	image: autoDraw = True
18.4547 	EXP 	image_2: autoDraw = True
18.4547 	EXP 	slider: autoDraw = True
18.4547 	EXP 	text: autoDraw = True
20.8741 	DATA 	Mouse: Left button down, pos=(360,182)
20.9040 	EXP 	slider: markerPos = 1.0
20.9040 	EXP 	unnamed Circle: pos = array([[-0.4, -0.3]])
20.9209 	EXP 	slider: markerPos = 1.0
20.9379 	EXP 	slider: markerPos = 1.0
20.9548 	EXP 	slider: markerPos = 1.0
20.9557 	DATA 	Mouse:  Left button up, pos=(360,182)
20.9714 	EXP 	slider: markerPos = 1.0
20.9714 	EXP 	slider: rating = 1.0
20.9714 	EXP 	unnamed Circle: pos = array([[-0.4, -0.3]])
20.9725 	EXP 	New trial (rep=0, index=3): OrderedDict([('color1', 'blue'), ('color2', 'magenta'), ('color1a', 'blue.png'), ('color2a', 'magenta.png')])
20.9884 	EXP 	image: autoDraw = False
20.9884 	EXP 	image_2: autoDraw = False
20.9884 	EXP 	slider: autoDraw = False
20.9884 	EXP 	text: autoDraw = False
20.9884 	EXP 	image: image = 'blue.png'
20.9884 	EXP 	image_2: image = 'magenta.png'
20.9884 	EXP 	slider: markerPos = None
20.9884 	EXP 	slider: markerPos = None
20.9884 	EXP 	slider: rating = None
20.9884 	EXP 	image: autoDraw = True
20.9884 	EXP 	image_2: autoDraw = True
20.9884 	EXP 	slider: autoDraw = True
20.9884 	EXP 	text: autoDraw = True
26.1734 	DATA 	Mouse: Left button down, pos=(734,175)
26.1862 	EXP 	slider: markerPos = 4.116666666666667
26.1862 	EXP 	unnamed Circle: pos = array([[ 0.01555556, -0.3       ]])
26.2042 	EXP 	slider: markerPos = 4.116666666666667
26.2216 	EXP 	slider: markerPos = 4.116666666666667
26.2381 	EXP 	slider: markerPos = 4.116666666666667
26.2546 	EXP 	slider: markerPos = 4.116666666666667
26.2566 	DATA 	Mouse:  Left button up, pos=(734,175)
26.2688 	EXP 	slider: markerPos = 4.116666666666667
26.2688 	EXP 	slider: rating = 4.116666666666667
26.2688 	EXP 	unnamed Circle: pos = array([[ 0.01555556, -0.3       ]])
26.2716 	EXP 	New trial (rep=0, index=4): OrderedDict([('color1', 'azure'), ('color2', 'green'), ('color1a', 'azure.png'), ('color2a', 'green.png')])
26.2881 	EXP 	image: autoDraw = False
26.2881 	EXP 	image_2: autoDraw = False
26.2881 	EXP 	slider: autoDraw = False
26.2881 	EXP 	text: autoDraw = False
26.2881 	EXP 	image: image = 'azure.png'
26.2881 	EXP 	image_2: image = 'green.png'
26.2881 	EXP 	slider: markerPos = None
26.2881 	EXP 	slider: markerPos = None
26.2881 	EXP 	slider: rating = None
26.2881 	EXP 	image: autoDraw = True
26.2881 	EXP 	image_2: autoDraw = True
26.2881 	EXP 	slider: autoDraw = True
26.2881 	EXP 	text: autoDraw = True
29.1568 	DATA 	Mouse: Left button down, pos=(612,186)
29.1699 	EXP 	slider: markerPos = 3.0999999999999996
29.1699 	EXP 	unnamed Circle: pos = array([[-0.12, -0.3 ]])
29.1883 	EXP 	slider: markerPos = 3.0999999999999996
29.2045 	EXP 	slider: markerPos = 3.0999999999999996
29.2218 	EXP 	slider: markerPos = 3.0999999999999996
29.2381 	EXP 	slider: markerPos = 3.0999999999999996
29.2548 	EXP 	slider: markerPos = 3.0999999999999996
29.2573 	DATA 	Mouse:  Left button up, pos=(612,186)
29.2716 	EXP 	slider: markerPos = 3.0999999999999996
29.2716 	EXP 	slider: rating = 3.0999999999999996
29.2716 	EXP 	unnamed Circle: pos = array([[-0.12, -0.3 ]])
29.2741 	EXP 	New trial (rep=0, index=5): OrderedDict([('color1', 'violet'), ('color2', 'red'), ('color1a', 'violet.png'), ('color2a', 'red.png')])
29.2902 	EXP 	image: autoDraw = False
29.2902 	EXP 	image_2: autoDraw = False
29.2902 	EXP 	slider: autoDraw = False
29.2902 	EXP 	text: autoDraw = False
29.2902 	EXP 	image: image = 'violet.png'
29.2902 	EXP 	image_2: image = 'red.png'
29.2902 	EXP 	slider: markerPos = None
29.2902 	EXP 	slider: markerPos = None
29.2902 	EXP 	slider: rating = None
29.2902 	EXP 	image: autoDraw = True
29.2902 	EXP 	image_2: autoDraw = True
29.2902 	EXP 	slider: autoDraw = True
29.2902 	EXP 	text: autoDraw = True
31.4739 	DATA 	Mouse: Left button down, pos=(839,178)
31.4871 	EXP 	slider: markerPos = 4.991666666666666
31.4871 	EXP 	unnamed Circle: pos = array([[ 0.13222222, -0.3       ]])
31.5050 	EXP 	slider: markerPos = 4.991666666666666
31.5211 	EXP 	slider: markerPos = 4.991666666666666
31.5381 	EXP 	slider: markerPos = 4.991666666666666
31.5550 	EXP 	slider: markerPos = 4.991666666666666
31.5709 	EXP 	slider: markerPos = 4.991666666666666
31.5886 	EXP 	slider: markerPos = 4.991666666666666
31.5901 	DATA 	Mouse:  Left button up, pos=(839,178)
31.6021 	EXP 	slider: markerPos = 4.991666666666666
31.6021 	EXP 	slider: rating = 4.991666666666666
31.6021 	EXP 	unnamed Circle: pos = array([[ 0.13222222, -0.3       ]])
31.6054 	EXP 	New trial (rep=0, index=6): OrderedDict([('color1', 'chartrueuse_green'), ('color2', 'violet'), ('color1a', 'chartrueuse_green.png'), ('color2a', 'violet.png')])
31.6216 	EXP 	image: autoDraw = False
31.6216 	EXP 	image_2: autoDraw = False
31.6216 	EXP 	slider: autoDraw = False
31.6216 	EXP 	text: autoDraw = False
31.6216 	EXP 	image: image = 'chartrueuse_green.png'
31.6216 	EXP 	image_2: image = 'violet.png'
31.6216 	EXP 	slider: markerPos = None
31.6216 	EXP 	slider: markerPos = None
31.6216 	EXP 	slider: rating = None
31.6216 	EXP 	image: autoDraw = True
31.6216 	EXP 	image_2: autoDraw = True
31.6216 	EXP 	slider: autoDraw = True
31.6216 	EXP 	text: autoDraw = True
33.8061 	DATA 	Mouse: Left button down, pos=(945,190)
33.8216 	EXP 	slider: markerPos = 5.875
33.8216 	EXP 	unnamed Circle: pos = array([[ 0.25, -0.3 ]])
33.8380 	EXP 	slider: markerPos = 5.875
33.8550 	EXP 	slider: markerPos = 5.875
33.8714 	EXP 	slider: markerPos = 5.875
33.8883 	EXP 	slider: markerPos = 5.875
33.8910 	DATA 	Mouse:  Left button up, pos=(945,190)
33.9024 	EXP 	slider: markerPos = 5.875
33.9024 	EXP 	slider: rating = 5.875
33.9024 	EXP 	unnamed Circle: pos = array([[ 0.25, -0.3 ]])
33.9051 	EXP 	New trial (rep=0, index=7): OrderedDict([('color1', 'rose'), ('color2', 'yellow'), ('color1a', 'rose.png'), ('color2a', 'yellow.png')])
33.9225 	EXP 	image: autoDraw = False
33.9225 	EXP 	image_2: autoDraw = False
33.9225 	EXP 	slider: autoDraw = False
33.9225 	EXP 	text: autoDraw = False
33.9225 	EXP 	image: image = 'rose.png'
33.9225 	EXP 	image_2: image = 'yellow.png'
33.9225 	EXP 	slider: markerPos = None
33.9225 	EXP 	slider: markerPos = None
33.9225 	EXP 	slider: rating = None
33.9225 	EXP 	image: autoDraw = True
33.9225 	EXP 	image_2: autoDraw = True
33.9225 	EXP 	slider: autoDraw = True
33.9225 	EXP 	text: autoDraw = True
35.5595 	DATA 	Mouse: Left button down, pos=(722,169)
35.5874 	EXP 	slider: markerPos = 4.016666666666667
35.5874 	EXP 	unnamed Circle: pos = array([[ 0.00222222, -0.3       ]])
35.6046 	EXP 	slider: markerPos = 4.016666666666667
35.6216 	EXP 	slider: markerPos = 4.016666666666667
35.6384 	EXP 	slider: markerPos = 4.016666666666667
35.6549 	EXP 	slider: markerPos = 4.016666666666667
35.6564 	DATA 	Mouse:  Left button up, pos=(722,169)
35.6718 	EXP 	slider: markerPos = 4.016666666666667
35.6718 	EXP 	slider: rating = 4.016666666666667
35.6718 	EXP 	unnamed Circle: pos = array([[ 0.00222222, -0.3       ]])
35.6740 	EXP 	New trial (rep=0, index=8): OrderedDict([('color1', 'spring_green'), ('color2', 'red'), ('color1a', 'spring_green.png'), ('color2a', 'red.png')])
35.6878 	EXP 	image: autoDraw = False
35.6878 	EXP 	image_2: autoDraw = False
35.6878 	EXP 	slider: autoDraw = False
35.6878 	EXP 	text: autoDraw = False
35.6878 	EXP 	image: image = 'spring_green.png'
35.6878 	EXP 	image_2: image = 'red.png'
35.6878 	EXP 	slider: markerPos = None
35.6878 	EXP 	slider: markerPos = None
35.6878 	EXP 	slider: rating = None
35.6878 	EXP 	image: autoDraw = True
35.6878 	EXP 	image_2: autoDraw = True
35.6878 	EXP 	slider: autoDraw = True
35.6878 	EXP 	text: autoDraw = True
37.3931 	DATA 	Mouse: Left button down, pos=(1066,184)
37.4213 	EXP 	slider: markerPos = 6.883333333333333
37.4213 	EXP 	unnamed Circle: pos = array([[ 0.38444444, -0.3       ]])
37.4373 	EXP 	slider: markerPos = 6.883333333333333
37.4546 	EXP 	slider: markerPos = 6.883333333333333
37.4707 	EXP 	slider: markerPos = 6.883333333333333
37.4883 	EXP 	slider: markerPos = 6.883333333333333
37.4898 	DATA 	Mouse:  Left button up, pos=(1066,184)
37.5052 	EXP 	slider: markerPos = 6.883333333333333
37.5052 	EXP 	slider: rating = 6.883333333333333
37.5052 	EXP 	unnamed Circle: pos = array([[ 0.38444444, -0.3       ]])
37.5074 	EXP 	New trial (rep=0, index=9): OrderedDict([('color1', 'rose'), ('color2', 'spring_green'), ('color1a', 'rose.png'), ('color2a', 'spring_green.png')])
37.5215 	EXP 	image: autoDraw = False
37.5215 	EXP 	image_2: autoDraw = False
37.5215 	EXP 	slider: autoDraw = False
37.5215 	EXP 	text: autoDraw = False
37.5215 	EXP 	image: image = 'rose.png'
37.5215 	EXP 	image_2: image = 'spring_green.png'
37.5215 	EXP 	slider: markerPos = None
37.5215 	EXP 	slider: markerPos = None
37.5215 	EXP 	slider: rating = None
37.5215 	EXP 	image: autoDraw = True
37.5215 	EXP 	image_2: autoDraw = True
37.5215 	EXP 	slider: autoDraw = True
37.5215 	EXP 	text: autoDraw = True
39.5398 	DATA 	Mouse: Left button down, pos=(848,172)
39.5550 	EXP 	slider: markerPos = 5.066666666666666
39.5550 	EXP 	unnamed Circle: pos = array([[ 0.14222222, -0.3       ]])
39.5716 	EXP 	slider: markerPos = 5.066666666666666
39.5876 	EXP 	slider: markerPos = 5.066666666666666
39.6048 	EXP 	slider: markerPos = 5.066666666666666
39.6212 	EXP 	slider: markerPos = 5.066666666666666
39.6382 	EXP 	slider: markerPos = 5.066666666666666
39.6442 	DATA 	Mouse:  Left button up, pos=(848,172)
39.6520 	EXP 	slider: markerPos = 5.066666666666666
39.6716 	EXP 	slider: markerPos = 5.066666666666666
39.6716 	EXP 	slider: rating = 5.066666666666666
39.6716 	EXP 	unnamed Circle: pos = array([[ 0.14222222, -0.3       ]])
39.6744 	EXP 	New trial (rep=0, index=10): OrderedDict([('color1', 'chartrueuse_green'), ('color2', 'spring_green'), ('color1a', 'chartrueuse_green.png'), ('color2a', 'spring_green.png')])
39.6888 	EXP 	image: autoDraw = False
39.6888 	EXP 	image_2: autoDraw = False
39.6888 	EXP 	slider: autoDraw = False
39.6888 	EXP 	text: autoDraw = False
39.6888 	EXP 	image: image = 'chartrueuse_green.png'
39.6888 	EXP 	image_2: image = 'spring_green.png'
39.6888 	EXP 	slider: markerPos = None
39.6888 	EXP 	slider: markerPos = None
39.6888 	EXP 	slider: rating = None
39.6888 	EXP 	image: autoDraw = True
39.6888 	EXP 	image_2: autoDraw = True
39.6888 	EXP 	slider: autoDraw = True
39.6888 	EXP 	text: autoDraw = True
41.2387 	DATA 	Mouse: Left button down, pos=(492,186)
41.2542 	EXP 	slider: markerPos = 2.1
41.2542 	EXP 	unnamed Circle: pos = array([[-0.25333333, -0.3       ]])
41.2706 	EXP 	slider: markerPos = 2.1
41.2881 	EXP 	slider: markerPos = 2.1
41.3048 	EXP 	slider: markerPos = 2.1
41.3066 	DATA 	Mouse:  Left button up, pos=(492,186)
41.3191 	EXP 	slider: markerPos = 2.1
41.3191 	EXP 	slider: rating = 2.1
41.3191 	EXP 	unnamed Circle: pos = array([[-0.25333333, -0.3       ]])
41.3216 	EXP 	New trial (rep=0, index=11): OrderedDict([('color1', 'spring_green'), ('color2', 'yellow'), ('color1a', 'spring_green.png'), ('color2a', 'yellow.png')])
41.3364 	EXP 	image: autoDraw = False
41.3364 	EXP 	image_2: autoDraw = False
41.3364 	EXP 	slider: autoDraw = False
41.3364 	EXP 	text: autoDraw = False
41.3364 	EXP 	image: image = 'spring_green.png'
41.3364 	EXP 	image_2: image = 'yellow.png'
41.3364 	EXP 	slider: markerPos = None
41.3364 	EXP 	slider: markerPos = None
41.3364 	EXP 	slider: rating = None
41.3364 	EXP 	image: autoDraw = True
41.3364 	EXP 	image_2: autoDraw = True
41.3364 	EXP 	slider: autoDraw = True
41.3364 	EXP 	text: autoDraw = True
43.9566 	DATA 	Mouse: Left button down, pos=(588,186)
43.9719 	EXP 	slider: markerPos = 2.9
43.9719 	EXP 	unnamed Circle: pos = array([[-0.14666667, -0.3       ]])
43.9880 	EXP 	slider: markerPos = 2.9
44.0052 	EXP 	slider: markerPos = 2.9
44.0211 	EXP 	slider: markerPos = 2.9
44.0382 	EXP 	slider: markerPos = 2.9
44.0440 	DATA 	Mouse:  Left button up, pos=(588,186)
44.0518 	EXP 	slider: markerPos = 2.9
44.0714 	EXP 	slider: markerPos = 2.9
44.0714 	EXP 	slider: rating = 2.9
44.0714 	EXP 	unnamed Circle: pos = array([[-0.14666667, -0.3       ]])
44.0737 	EXP 	New trial (rep=0, index=12): OrderedDict([('color1', 'magenta'), ('color2', 'yellow'), ('color1a', 'magenta.png'), ('color2a', 'yellow.png')])
44.0889 	EXP 	image: autoDraw = False
44.0889 	EXP 	image_2: autoDraw = False
44.0889 	EXP 	slider: autoDraw = False
44.0889 	EXP 	text: autoDraw = False
44.0889 	EXP 	image: image = 'magenta.png'
44.0889 	EXP 	image_2: image = 'yellow.png'
44.0889 	EXP 	slider: markerPos = None
44.0889 	EXP 	slider: markerPos = None
44.0889 	EXP 	slider: rating = None
44.0889 	EXP 	image: autoDraw = True
44.0889 	EXP 	image_2: autoDraw = True
44.0889 	EXP 	slider: autoDraw = True
44.0889 	EXP 	text: autoDraw = True
47.4056 	DATA 	Mouse: Left button down, pos=(961,174)
47.4213 	EXP 	slider: markerPos = 6.008333333333333
47.4213 	EXP 	unnamed Circle: pos = array([[ 0.26777778, -0.3       ]])
47.4384 	EXP 	slider: markerPos = 6.008333333333333
47.4546 	EXP 	slider: markerPos = 6.008333333333333
47.4707 	EXP 	slider: markerPos = 6.008333333333333
47.4872 	EXP 	slider: markerPos = 6.008333333333333
47.5047 	EXP 	slider: markerPos = 6.008333333333333
47.5064 	DATA 	Mouse:  Left button up, pos=(961,174)
47.5215 	EXP 	slider: markerPos = 6.008333333333333
47.5215 	EXP 	slider: rating = 6.008333333333333
47.5215 	EXP 	unnamed Circle: pos = array([[ 0.26777778, -0.3       ]])
47.5241 	EXP 	New trial (rep=0, index=13): OrderedDict([('color1', 'orange'), ('color2', 'azure'), ('color1a', 'orange.png'), ('color2a', 'azure.png')])
47.5540 	EXP 	image: autoDraw = False
47.5540 	EXP 	image_2: autoDraw = False
47.5540 	EXP 	slider: autoDraw = False
47.5540 	EXP 	text: autoDraw = False
47.5540 	EXP 	image: image = 'orange.png'
47.5540 	EXP 	image_2: image = 'azure.png'
47.5540 	EXP 	slider: markerPos = None
47.5540 	EXP 	slider: markerPos = None
47.5540 	EXP 	slider: rating = None
47.5540 	EXP 	image: autoDraw = True
47.5540 	EXP 	image_2: autoDraw = True
47.5540 	EXP 	slider: autoDraw = True
47.5540 	EXP 	text: autoDraw = True
50.0904 	DATA 	Mouse: Left button down, pos=(961,175)
50.1045 	EXP 	slider: markerPos = 6.008333333333333
50.1045 	EXP 	unnamed Circle: pos = array([[ 0.26777778, -0.3       ]])
50.1213 	EXP 	slider: markerPos = 6.008333333333333
50.1372 	EXP 	slider: markerPos = 6.008333333333333
50.1544 	EXP 	slider: markerPos = 6.008333333333333
50.1711 	EXP 	slider: markerPos = 6.008333333333333
50.1881 	EXP 	slider: markerPos = 6.008333333333333
50.2045 	EXP 	slider: markerPos = 6.008333333333333
50.2217 	EXP 	slider: markerPos = 6.008333333333333
50.2236 	DATA 	Mouse:  Left button up, pos=(961,175)
50.2359 	EXP 	slider: markerPos = 6.008333333333333
50.2359 	EXP 	slider: rating = 6.008333333333333
50.2359 	EXP 	unnamed Circle: pos = array([[ 0.26777778, -0.3       ]])
50.2385 	EXP 	New trial (rep=0, index=14): OrderedDict([('color1', 'magenta'), ('color2', 'green'), ('color1a', 'magenta.png'), ('color2a', 'green.png')])
50.2537 	EXP 	image: autoDraw = False
50.2537 	EXP 	image_2: autoDraw = False
50.2537 	EXP 	slider: autoDraw = False
50.2537 	EXP 	text: autoDraw = False
50.2537 	EXP 	image: image = 'magenta.png'
50.2537 	EXP 	image_2: image = 'green.png'
50.2537 	EXP 	slider: markerPos = None
50.2537 	EXP 	slider: markerPos = None
50.2537 	EXP 	slider: rating = None
50.2537 	EXP 	image: autoDraw = True
50.2537 	EXP 	image_2: autoDraw = True
50.2537 	EXP 	slider: autoDraw = True
50.2537 	EXP 	text: autoDraw = True
52.8899 	DATA 	Mouse: Left button down, pos=(859,177)
52.9025 	EXP 	slider: markerPos = 5.158333333333333
52.9025 	EXP 	unnamed Circle: pos = array([[ 0.15444444, -0.3       ]])
52.9210 	EXP 	slider: markerPos = 5.158333333333333
52.9380 	EXP 	slider: markerPos = 5.158333333333333
52.9547 	EXP 	slider: markerPos = 5.158333333333333
52.9709 	EXP 	slider: markerPos = 5.158333333333333
52.9875 	EXP 	slider: markerPos = 5.158333333333333
53.0048 	EXP 	slider: markerPos = 5.158333333333333
53.0212 	EXP 	slider: markerPos = 5.158333333333333
53.0270 	DATA 	Mouse:  Left button up, pos=(859,177)
53.0381 	EXP 	slider: markerPos = 5.158333333333333
53.0538 	EXP 	slider: markerPos = 5.158333333333333
53.0538 	EXP 	slider: rating = 5.158333333333333
53.0538 	EXP 	unnamed Circle: pos = array([[ 0.15444444, -0.3       ]])
53.0560 	EXP 	New trial (rep=0, index=15): OrderedDict([('color1', 'chartrueuse_green'), ('color2', 'yellow'), ('color1a', 'chartrueuse_green.png'), ('color2a', 'yellow.png')])
53.0713 	EXP 	image: autoDraw = False
53.0713 	EXP 	image_2: autoDraw = False
53.0713 	EXP 	slider: autoDraw = False
53.0713 	EXP 	text: autoDraw = False
53.0713 	EXP 	image: image = 'chartrueuse_green.png'
53.0713 	EXP 	image_2: image = 'yellow.png'
53.0713 	EXP 	slider: markerPos = None
53.0713 	EXP 	slider: markerPos = None
53.0713 	EXP 	slider: rating = None
53.0713 	EXP 	image: autoDraw = True
53.0713 	EXP 	image_2: autoDraw = True
53.0713 	EXP 	slider: autoDraw = True
53.0713 	EXP 	text: autoDraw = True
54.3901 	DATA 	Mouse: Left button down, pos=(501,178)
54.4023 	EXP 	slider: markerPos = 2.1750000000000003
54.4023 	EXP 	unnamed Circle: pos = array([[-0.24333333, -0.3       ]])
54.4212 	EXP 	slider: markerPos = 2.1750000000000003
54.4373 	EXP 	slider: markerPos = 2.1750000000000003
54.4547 	EXP 	slider: markerPos = 2.1750000000000003
54.4604 	DATA 	Mouse:  Left button up, pos=(501,178)
54.4683 	EXP 	slider: markerPos = 2.1750000000000003
54.4880 	EXP 	slider: markerPos = 2.1750000000000003
54.4880 	EXP 	slider: rating = 2.1750000000000003
54.4880 	EXP 	unnamed Circle: pos = array([[-0.24333333, -0.3       ]])
54.4903 	EXP 	New trial (rep=0, index=16): OrderedDict([('color1', 'yellow'), ('color2', 'chartrueuse_green'), ('color1a', 'yellow.png'), ('color2a', 'chartrueuse_green.png')])
54.5054 	EXP 	image: autoDraw = False
54.5054 	EXP 	image_2: autoDraw = False
54.5054 	EXP 	slider: autoDraw = False
54.5054 	EXP 	text: autoDraw = False
54.5054 	EXP 	image: image = 'yellow.png'
54.5054 	EXP 	image_2: image = 'chartrueuse_green.png'
54.5054 	EXP 	slider: markerPos = None
54.5054 	EXP 	slider: markerPos = None
54.5054 	EXP 	slider: rating = None
54.5054 	EXP 	image: autoDraw = True
54.5054 	EXP 	image_2: autoDraw = True
54.5054 	EXP 	slider: autoDraw = True
54.5054 	EXP 	text: autoDraw = True
55.1565 	DATA 	Mouse: Left button down, pos=(501,178)
55.1690 	EXP 	slider: markerPos = 2.1750000000000003
55.1690 	EXP 	unnamed Circle: pos = array([[-0.24333333, -0.3       ]])
55.1880 	EXP 	slider: markerPos = 2.1750000000000003
55.2045 	EXP 	slider: markerPos = 2.1750000000000003
55.2212 	EXP 	slider: markerPos = 2.1750000000000003
55.2273 	DATA 	Mouse:  Left button up, pos=(501,178)
55.2380 	EXP 	slider: markerPos = 2.1750000000000003
55.2547 	EXP 	slider: markerPos = 2.1750000000000003
55.2547 	EXP 	slider: rating = 2.1750000000000003
55.2547 	EXP 	unnamed Circle: pos = array([[-0.24333333, -0.3       ]])
55.2569 	EXP 	New trial (rep=0, index=17): OrderedDict([('color1', 'rose'), ('color2', 'green'), ('color1a', 'rose.png'), ('color2a', 'green.png')])
55.2718 	EXP 	image: autoDraw = False
55.2718 	EXP 	image_2: autoDraw = False
55.2718 	EXP 	slider: autoDraw = False
55.2718 	EXP 	text: autoDraw = False
55.2718 	EXP 	image: image = 'rose.png'
55.2718 	EXP 	image_2: image = 'green.png'
55.2718 	EXP 	slider: markerPos = None
55.2718 	EXP 	slider: markerPos = None
55.2718 	EXP 	slider: rating = None
55.2718 	EXP 	image: autoDraw = True
55.2718 	EXP 	image_2: autoDraw = True
55.2718 	EXP 	slider: autoDraw = True
55.2718 	EXP 	text: autoDraw = True
57.6911 	DATA 	Mouse: Left button down, pos=(949,178)
57.7024 	EXP 	slider: markerPos = 5.908333333333333
57.7024 	EXP 	unnamed Circle: pos = array([[ 0.25444444, -0.3       ]])
57.7210 	EXP 	slider: markerPos = 5.908333333333333
57.7380 	EXP 	slider: markerPos = 5.908333333333333
57.7539 	EXP 	slider: markerPos = 5.908333333333333
57.7711 	EXP 	slider: markerPos = 5.908333333333333
57.7872 	EXP 	slider: markerPos = 5.908333333333333
57.7888 	DATA 	Mouse:  Left button up, pos=(949,178)
57.8046 	EXP 	slider: markerPos = 5.908333333333333
57.8046 	EXP 	slider: rating = 5.908333333333333
57.8046 	EXP 	unnamed Circle: pos = array([[ 0.25444444, -0.3       ]])
57.8075 	EXP 	New trial (rep=0, index=18): OrderedDict([('color1', 'cyan'), ('color2', 'magenta'), ('color1a', 'cyan.png'), ('color2a', 'magenta.png')])
57.8373 	EXP 	image: autoDraw = False
57.8373 	EXP 	image_2: autoDraw = False
57.8373 	EXP 	slider: autoDraw = False
57.8373 	EXP 	text: autoDraw = False
57.8373 	EXP 	image: image = 'cyan.png'
57.8373 	EXP 	image_2: image = 'magenta.png'
57.8373 	EXP 	slider: markerPos = None
57.8373 	EXP 	slider: markerPos = None
57.8373 	EXP 	slider: rating = None
57.8373 	EXP 	image: autoDraw = True
57.8373 	EXP 	image_2: autoDraw = True
57.8373 	EXP 	slider: autoDraw = True
57.8373 	EXP 	text: autoDraw = True
59.7257 	DATA 	Mouse: Left button down, pos=(718,167)
59.7549 	EXP 	slider: markerPos = 3.9833333333333334
59.7549 	EXP 	unnamed Circle: pos = array([[-0.00222222, -0.3       ]])
59.7708 	EXP 	slider: markerPos = 3.9833333333333334
59.7877 	EXP 	slider: markerPos = 3.9833333333333334
59.8046 	EXP 	slider: markerPos = 3.9833333333333334
59.8064 	DATA 	Mouse:  Left button up, pos=(718,167)
59.8211 	EXP 	slider: markerPos = 3.9833333333333334
59.8211 	EXP 	slider: rating = 3.9833333333333334
59.8211 	EXP 	unnamed Circle: pos = array([[-0.00222222, -0.3       ]])
59.8234 	EXP 	New trial (rep=0, index=19): OrderedDict([('color1', 'spring_green'), ('color2', 'cyan'), ('color1a', 'spring_green.png'), ('color2a', 'cyan.png')])
59.8386 	EXP 	image: autoDraw = False
59.8386 	EXP 	image_2: autoDraw = False
59.8386 	EXP 	slider: autoDraw = False
59.8386 	EXP 	text: autoDraw = False
59.8386 	EXP 	image: image = 'spring_green.png'
59.8386 	EXP 	image_2: image = 'cyan.png'
59.8386 	EXP 	slider: markerPos = None
59.8386 	EXP 	slider: markerPos = None
59.8386 	EXP 	slider: rating = None
59.8386 	EXP 	image: autoDraw = True
59.8386 	EXP 	image_2: autoDraw = True
59.8386 	EXP 	slider: autoDraw = True
59.8386 	EXP 	text: autoDraw = True
61.1401 	DATA 	Mouse: Left button down, pos=(631,175)
61.1535 	EXP 	slider: markerPos = 3.2583333333333333
61.1535 	EXP 	unnamed Circle: pos = array([[-0.09888889, -0.3       ]])
61.1707 	EXP 	slider: markerPos = 3.2583333333333333
61.1881 	EXP 	slider: markerPos = 3.2583333333333333
61.2045 	EXP 	slider: markerPos = 3.2583333333333333
61.2206 	EXP 	slider: markerPos = 3.2583333333333333
61.2372 	EXP 	slider: markerPos = 3.2583333333333333
61.2398 	DATA 	Mouse:  Left button up, pos=(631,175)
61.2546 	EXP 	slider: markerPos = 3.2583333333333333
61.2546 	EXP 	slider: rating = 3.2583333333333333
61.2546 	EXP 	unnamed Circle: pos = array([[-0.09888889, -0.3       ]])
61.2573 	EXP 	New trial (rep=0, index=20): OrderedDict([('color1', 'violet'), ('color2', 'yellow'), ('color1a', 'violet.png'), ('color2a', 'yellow.png')])
61.2712 	EXP 	image: autoDraw = False
61.2712 	EXP 	image_2: autoDraw = False
61.2712 	EXP 	slider: autoDraw = False
61.2712 	EXP 	text: autoDraw = False
61.2712 	EXP 	image: image = 'violet.png'
61.2712 	EXP 	image_2: image = 'yellow.png'
61.2712 	EXP 	slider: markerPos = None
61.2712 	EXP 	slider: markerPos = None
61.2712 	EXP 	slider: rating = None
61.2712 	EXP 	image: autoDraw = True
61.2712 	EXP 	image_2: autoDraw = True
61.2712 	EXP 	slider: autoDraw = True
61.2712 	EXP 	text: autoDraw = True
62.4064 	DATA 	Mouse: Left button down, pos=(929,168)
62.4209 	EXP 	slider: markerPos = 5.741666666666666
62.4209 	EXP 	unnamed Circle: pos = array([[ 0.23222222, -0.3       ]])
62.4379 	EXP 	slider: markerPos = 5.741666666666666
62.4546 	EXP 	slider: markerPos = 5.741666666666666
62.4711 	EXP 	slider: markerPos = 5.741666666666666
62.4771 	DATA 	Mouse:  Left button up, pos=(929,168)
62.4854 	EXP 	slider: markerPos = 5.741666666666666
62.5044 	EXP 	slider: markerPos = 5.741666666666666
62.5044 	EXP 	slider: rating = 5.741666666666666
62.5044 	EXP 	unnamed Circle: pos = array([[ 0.23222222, -0.3       ]])
62.5074 	EXP 	New trial (rep=0, index=21): OrderedDict([('color1', 'chartrueuse_green'), ('color2', 'red'), ('color1a', 'chartrueuse_green.png'), ('color2a', 'red.png')])
62.5221 	EXP 	image: autoDraw = False
62.5221 	EXP 	image_2: autoDraw = False
62.5221 	EXP 	slider: autoDraw = False
62.5221 	EXP 	text: autoDraw = False
62.5221 	EXP 	image: image = 'chartrueuse_green.png'
62.5221 	EXP 	image_2: image = 'red.png'
62.5221 	EXP 	slider: markerPos = None
62.5221 	EXP 	slider: markerPos = None
62.5221 	EXP 	slider: rating = None
62.5221 	EXP 	image: autoDraw = True
62.5221 	EXP 	image_2: autoDraw = True
62.5221 	EXP 	slider: autoDraw = True
62.5221 	EXP 	text: autoDraw = True
63.7561 	DATA 	Mouse: Left button down, pos=(1060,169)
63.7698 	EXP 	slider: markerPos = 6.833333333333333
63.7698 	EXP 	unnamed Circle: pos = array([[ 0.37777778, -0.3       ]])
63.7880 	EXP 	slider: markerPos = 6.833333333333333
63.8044 	EXP 	slider: markerPos = 6.833333333333333
63.8206 	EXP 	slider: markerPos = 6.833333333333333
63.8375 	EXP 	slider: markerPos = 6.833333333333333
63.8404 	DATA 	Mouse:  Left button up, pos=(1060,169)
63.8518 	EXP 	slider: markerPos = 6.833333333333333
63.8518 	EXP 	slider: rating = 6.833333333333333
63.8518 	EXP 	unnamed Circle: pos = array([[ 0.37777778, -0.3       ]])
63.8546 	EXP 	New trial (rep=0, index=22): OrderedDict([('color1', 'yellow'), ('color2', 'cyan'), ('color1a', 'yellow.png'), ('color2a', 'cyan.png')])
63.8693 	EXP 	image: autoDraw = False
63.8693 	EXP 	image_2: autoDraw = False
63.8693 	EXP 	slider: autoDraw = False
63.8693 	EXP 	text: autoDraw = False
63.8693 	EXP 	image: image = 'yellow.png'
63.8693 	EXP 	image_2: image = 'cyan.png'
63.8693 	EXP 	slider: markerPos = None
63.8693 	EXP 	slider: markerPos = None
63.8693 	EXP 	slider: rating = None
63.8693 	EXP 	image: autoDraw = True
63.8693 	EXP 	image_2: autoDraw = True
63.8693 	EXP 	slider: autoDraw = True
63.8693 	EXP 	text: autoDraw = True
65.4064 	DATA 	Mouse: Left button down, pos=(610,159)
65.4194 	EXP 	slider: markerPos = 3.083333333333333
65.4194 	EXP 	unnamed Circle: pos = array([[-0.12222222, -0.3       ]])
65.4379 	EXP 	slider: markerPos = 3.083333333333333
65.4544 	EXP 	slider: markerPos = 3.083333333333333
65.4710 	EXP 	slider: markerPos = 3.083333333333333
65.4732 	DATA 	Mouse:  Left button up, pos=(610,159)
65.4860 	EXP 	slider: markerPos = 3.083333333333333
65.4860 	EXP 	slider: rating = 3.083333333333333
65.4860 	EXP 	unnamed Circle: pos = array([[-0.12222222, -0.3       ]])
65.4886 	EXP 	New trial (rep=0, index=23): OrderedDict([('color1', 'spring_green'), ('color2', 'spring_green'), ('color1a', 'spring_green.png'), ('color2a', 'spring_green.png')])
65.5038 	EXP 	image: autoDraw = False
65.5038 	EXP 	image_2: autoDraw = False
65.5038 	EXP 	slider: autoDraw = False
65.5038 	EXP 	text: autoDraw = False
65.5038 	EXP 	image: image = 'spring_green.png'
65.5038 	EXP 	image_2: image = 'spring_green.png'
65.5038 	EXP 	slider: markerPos = None
65.5038 	EXP 	slider: markerPos = None
65.5038 	EXP 	slider: rating = None
65.5038 	EXP 	image: autoDraw = True
65.5038 	EXP 	image_2: autoDraw = True
65.5038 	EXP 	slider: autoDraw = True
65.5038 	EXP 	text: autoDraw = True
66.9230 	DATA 	Mouse: Left button down, pos=(366,175)
66.9382 	EXP 	slider: markerPos = 1.0500000000000003
66.9382 	EXP 	unnamed Circle: pos = array([[-0.39333333, -0.3       ]])
66.9538 	EXP 	slider: markerPos = 1.0500000000000003
66.9705 	EXP 	slider: markerPos = 1.0500000000000003
66.9879 	EXP 	slider: markerPos = 1.0500000000000003
67.0041 	EXP 	slider: markerPos = 1.0500000000000003
67.0211 	EXP 	slider: markerPos = 1.0500000000000003
67.0375 	EXP 	slider: markerPos = 1.0500000000000003
67.0542 	EXP 	slider: markerPos = 1.0500000000000003
67.0706 	EXP 	slider: markerPos = 1.0500000000000003
67.0878 	EXP 	slider: markerPos = 1.0500000000000003
67.1044 	EXP 	slider: markerPos = 1.0500000000000003
67.1212 	EXP 	slider: markerPos = 1.0500000000000003
67.1381 	EXP 	slider: markerPos = 1.0500000000000003
67.1544 	EXP 	slider: markerPos = 1.0500000000000003
67.1715 	EXP 	slider: markerPos = 1.0500000000000003
67.1731 	DATA 	Mouse:  Left button up, pos=(366,175)
67.1860 	EXP 	slider: markerPos = 1.0500000000000003
67.1860 	EXP 	slider: rating = 1.0500000000000003
67.1860 	EXP 	unnamed Circle: pos = array([[-0.39333333, -0.3       ]])
67.1887 	EXP 	New trial (rep=0, index=24): OrderedDict([('color1', 'azure'), ('color2', 'azure'), ('color1a', 'azure.png'), ('color2a', 'azure.png')])
67.2074 	EXP 	image: autoDraw = False
67.2074 	EXP 	image_2: autoDraw = False
67.2074 	EXP 	slider: autoDraw = False
67.2074 	EXP 	text: autoDraw = False
67.2074 	EXP 	image: image = 'azure.png'
67.2074 	EXP 	image_2: image = 'azure.png'
67.2074 	EXP 	slider: markerPos = None
67.2074 	EXP 	slider: markerPos = None
67.2074 	EXP 	slider: rating = None
67.2074 	EXP 	image: autoDraw = True
67.2074 	EXP 	image_2: autoDraw = True
67.2074 	EXP 	slider: autoDraw = True
67.2074 	EXP 	text: autoDraw = True
67.9245 	DATA 	Mouse: Left button down, pos=(366,175)
67.9359 	EXP 	slider: markerPos = 1.0500000000000003
67.9359 	EXP 	unnamed Circle: pos = array([[-0.39333333, -0.3       ]])
67.9547 	EXP 	slider: markerPos = 1.0500000000000003
67.9706 	EXP 	slider: markerPos = 1.0500000000000003
67.9877 	EXP 	slider: markerPos = 1.0500000000000003
68.0047 	EXP 	slider: markerPos = 1.0500000000000003
68.0062 	DATA 	Mouse:  Left button up, pos=(366,175)
68.0191 	EXP 	slider: markerPos = 1.0500000000000003
68.0191 	EXP 	slider: rating = 1.0500000000000003
68.0191 	EXP 	unnamed Circle: pos = array([[-0.39333333, -0.3       ]])
68.0221 	EXP 	New trial (rep=0, index=25): OrderedDict([('color1', 'violet'), ('color2', 'blue'), ('color1a', 'violet.png'), ('color2a', 'blue.png')])
68.0372 	EXP 	image: autoDraw = False
68.0372 	EXP 	image_2: autoDraw = False
68.0372 	EXP 	slider: autoDraw = False
68.0372 	EXP 	text: autoDraw = False
68.0372 	EXP 	image: image = 'violet.png'
68.0372 	EXP 	image_2: image = 'blue.png'
68.0372 	EXP 	slider: markerPos = None
68.0372 	EXP 	slider: markerPos = None
68.0372 	EXP 	slider: rating = None
68.0372 	EXP 	image: autoDraw = True
68.0372 	EXP 	image_2: autoDraw = True
68.0372 	EXP 	slider: autoDraw = True
68.0372 	EXP 	text: autoDraw = True
69.3553 	DATA 	Mouse: Left button down, pos=(458,181)
69.3697 	EXP 	slider: markerPos = 1.8166666666666669
69.3697 	EXP 	unnamed Circle: pos = array([[-0.29111111, -0.3       ]])
69.3874 	EXP 	slider: markerPos = 1.8166666666666669
69.4040 	EXP 	slider: markerPos = 1.8166666666666669
69.4204 	EXP 	slider: markerPos = 1.8166666666666669
69.4376 	EXP 	slider: markerPos = 1.8166666666666669
69.4394 	DATA 	Mouse:  Left button up, pos=(458,181)
69.4516 	EXP 	slider: markerPos = 1.8166666666666669
69.4516 	EXP 	slider: rating = 1.8166666666666669
69.4516 	EXP 	unnamed Circle: pos = array([[-0.29111111, -0.3       ]])
69.4544 	EXP 	New trial (rep=0, index=26): OrderedDict([('color1', 'violet'), ('color2', 'violet'), ('color1a', 'violet.png'), ('color2a', 'violet.png')])
69.4709 	EXP 	image: autoDraw = False
69.4709 	EXP 	image_2: autoDraw = False
69.4709 	EXP 	slider: autoDraw = False
69.4709 	EXP 	text: autoDraw = False
69.4709 	EXP 	image: image = 'violet.png'
69.4709 	EXP 	image_2: image = 'violet.png'
69.4709 	EXP 	slider: markerPos = None
69.4709 	EXP 	slider: markerPos = None
69.4709 	EXP 	slider: rating = None
69.4709 	EXP 	image: autoDraw = True
69.4709 	EXP 	image_2: autoDraw = True
69.4709 	EXP 	slider: autoDraw = True
69.4709 	EXP 	text: autoDraw = True
70.5077 	DATA 	Mouse: Left button down, pos=(363,180)
70.5192 	EXP 	slider: markerPos = 1.0250000000000004
70.5192 	EXP 	unnamed Circle: pos = array([[-0.39666667, -0.3       ]])
70.5379 	EXP 	slider: markerPos = 1.0250000000000004
70.5548 	EXP 	slider: markerPos = 1.0250000000000004
70.5707 	EXP 	slider: markerPos = 1.0250000000000004
70.5878 	EXP 	slider: markerPos = 1.0250000000000004
70.6046 	EXP 	slider: markerPos = 1.0250000000000004
70.6204 	EXP 	slider: markerPos = 1.0250000000000004
70.6219 	DATA 	Mouse:  Left button up, pos=(363,180)
70.6376 	EXP 	slider: markerPos = 1.0250000000000004
70.6376 	EXP 	slider: rating = 1.0250000000000004
70.6376 	EXP 	unnamed Circle: pos = array([[-0.39666667, -0.3       ]])
70.6399 	EXP 	New trial (rep=0, index=27): OrderedDict([('color1', 'violet'), ('color2', 'green'), ('color1a', 'violet.png'), ('color2a', 'green.png')])
70.6539 	EXP 	image: autoDraw = False
70.6539 	EXP 	image_2: autoDraw = False
70.6539 	EXP 	slider: autoDraw = False
70.6539 	EXP 	text: autoDraw = False
70.6539 	EXP 	image: image = 'violet.png'
70.6539 	EXP 	image_2: image = 'green.png'
70.6539 	EXP 	slider: markerPos = None
70.6539 	EXP 	slider: markerPos = None
70.6539 	EXP 	slider: rating = None
70.6539 	EXP 	image: autoDraw = True
70.6539 	EXP 	image_2: autoDraw = True
70.6539 	EXP 	slider: autoDraw = True
70.6539 	EXP 	text: autoDraw = True
72.6564 	DATA 	Mouse: Left button down, pos=(369,176)
72.6695 	EXP 	slider: markerPos = 1.0750000000000002
72.6695 	EXP 	unnamed Circle: pos = array([[-0.39, -0.3 ]])
72.6877 	EXP 	slider: markerPos = 1.0750000000000002
72.7044 	EXP 	slider: markerPos = 1.0750000000000002
72.7208 	EXP 	slider: markerPos = 1.0750000000000002
72.7373 	EXP 	slider: markerPos = 1.0750000000000002
72.7544 	EXP 	slider: markerPos = 1.0750000000000002
72.7560 	DATA 	Mouse:  Left button up, pos=(369,176)
72.7687 	EXP 	slider: markerPos = 1.0750000000000002
72.7687 	EXP 	slider: rating = 1.0750000000000002
72.7687 	EXP 	unnamed Circle: pos = array([[-0.39, -0.3 ]])
72.7714 	EXP 	New trial (rep=0, index=28): OrderedDict([('color1', 'red'), ('color2', 'cyan'), ('color1a', 'red.png'), ('color2a', 'cyan.png')])
72.7864 	EXP 	image: autoDraw = False
72.7864 	EXP 	image_2: autoDraw = False
72.7864 	EXP 	slider: autoDraw = False
72.7864 	EXP 	text: autoDraw = False
72.7864 	EXP 	image: image = 'red.png'
72.7864 	EXP 	image_2: image = 'cyan.png'
72.7864 	EXP 	slider: markerPos = None
72.7864 	EXP 	slider: markerPos = None
72.7864 	EXP 	slider: rating = None
72.7864 	EXP 	image: autoDraw = True
72.7864 	EXP 	image_2: autoDraw = True
72.7864 	EXP 	slider: autoDraw = True
72.7864 	EXP 	text: autoDraw = True
74.2406 	DATA 	Mouse: Left button down, pos=(951,177)
74.2521 	EXP 	slider: markerPos = 5.925
74.2521 	EXP 	unnamed Circle: pos = array([[ 0.25666667, -0.3       ]])
74.2714 	EXP 	slider: markerPos = 5.925
74.2873 	EXP 	slider: markerPos = 5.925
74.3043 	EXP 	slider: markerPos = 5.925
74.3210 	EXP 	slider: markerPos = 5.925
74.3225 	DATA 	Mouse:  Left button up, pos=(951,177)
74.3355 	EXP 	slider: markerPos = 5.925
74.3355 	EXP 	slider: rating = 5.925
74.3355 	EXP 	unnamed Circle: pos = array([[ 0.25666667, -0.3       ]])
74.3387 	EXP 	New trial (rep=0, index=29): OrderedDict([('color1', 'violet'), ('color2', 'cyan'), ('color1a', 'violet.png'), ('color2a', 'cyan.png')])
74.3539 	EXP 	image: autoDraw = False
74.3539 	EXP 	image_2: autoDraw = False
74.3539 	EXP 	slider: autoDraw = False
74.3539 	EXP 	text: autoDraw = False
74.3539 	EXP 	image: image = 'violet.png'
74.3539 	EXP 	image_2: image = 'cyan.png'
74.3539 	EXP 	slider: markerPos = None
74.3539 	EXP 	slider: markerPos = None
74.3539 	EXP 	slider: rating = None
74.3539 	EXP 	image: autoDraw = True
74.3539 	EXP 	image_2: autoDraw = True
74.3539 	EXP 	slider: autoDraw = True
74.3539 	EXP 	text: autoDraw = True
77.5224 	DATA 	Mouse: Left button down, pos=(618,186)
77.5357 	EXP 	slider: markerPos = 3.15
77.5357 	EXP 	unnamed Circle: pos = array([[-0.11333333, -0.3       ]])
77.5544 	EXP 	slider: markerPos = 3.15
77.5710 	EXP 	slider: markerPos = 3.15
77.5737 	DATA 	Mouse:  Left button up, pos=(618,186)
77.5852 	EXP 	slider: markerPos = 3.15
77.5852 	EXP 	slider: rating = 3.15
77.5852 	EXP 	unnamed Circle: pos = array([[-0.11333333, -0.3       ]])
77.5881 	EXP 	New trial (rep=0, index=30): OrderedDict([('color1', 'azure'), ('color2', 'violet'), ('color1a', 'azure.png'), ('color2a', 'violet.png')])
77.6038 	EXP 	image: autoDraw = False
77.6038 	EXP 	image_2: autoDraw = False
77.6038 	EXP 	slider: autoDraw = False
77.6038 	EXP 	text: autoDraw = False
77.6038 	EXP 	image: image = 'azure.png'
77.6038 	EXP 	image_2: image = 'violet.png'
77.6038 	EXP 	slider: markerPos = None
77.6038 	EXP 	slider: markerPos = None
77.6038 	EXP 	slider: rating = None
77.6038 	EXP 	image: autoDraw = True
77.6038 	EXP 	image_2: autoDraw = True
77.6038 	EXP 	slider: autoDraw = True
77.6038 	EXP 	text: autoDraw = True
79.3887 	DATA 	Mouse: Left button down, pos=(572,183)
79.4048 	EXP 	slider: markerPos = 2.7666666666666666
79.4048 	EXP 	unnamed Circle: pos = array([[-0.16444444, -0.3       ]])
79.4209 	EXP 	slider: markerPos = 2.7666666666666666
79.4370 	EXP 	slider: markerPos = 2.7666666666666666
79.4546 	EXP 	slider: markerPos = 2.7666666666666666
79.4705 	EXP 	slider: markerPos = 2.7666666666666666
79.4721 	DATA 	Mouse:  Left button up, pos=(572,183)
79.4869 	EXP 	slider: markerPos = 2.7666666666666666
79.4869 	EXP 	slider: rating = 2.7666666666666666
79.4869 	EXP 	unnamed Circle: pos = array([[-0.16444444, -0.3       ]])
79.4896 	EXP 	New trial (rep=0, index=31): OrderedDict([('color1', 'blue'), ('color2', 'chartrueuse_green'), ('color1a', 'blue.png'), ('color2a', 'chartrueuse_green.png')])
79.5031 	EXP 	image: autoDraw = False
79.5031 	EXP 	image_2: autoDraw = False
79.5031 	EXP 	slider: autoDraw = False
79.5031 	EXP 	text: autoDraw = False
79.5031 	EXP 	image: image = 'blue.png'
79.5031 	EXP 	image_2: image = 'chartrueuse_green.png'
79.5031 	EXP 	slider: markerPos = None
79.5031 	EXP 	slider: markerPos = None
79.5031 	EXP 	slider: rating = None
79.5031 	EXP 	image: autoDraw = True
79.5031 	EXP 	image_2: autoDraw = True
79.5031 	EXP 	slider: autoDraw = True
79.5031 	EXP 	text: autoDraw = True
80.7887 	DATA 	Mouse: Left button down, pos=(958,185)
80.8043 	EXP 	slider: markerPos = 5.9833333333333325
80.8043 	EXP 	unnamed Circle: pos = array([[ 0.26444444, -0.3       ]])
80.8205 	EXP 	slider: markerPos = 5.9833333333333325
80.8374 	EXP 	slider: markerPos = 5.9833333333333325
80.8535 	EXP 	slider: markerPos = 5.9833333333333325
80.8551 	DATA 	Mouse:  Left button up, pos=(958,185)
80.8710 	EXP 	slider: markerPos = 5.9833333333333325
80.8710 	EXP 	slider: rating = 5.9833333333333325
80.8710 	EXP 	unnamed Circle: pos = array([[ 0.26444444, -0.3       ]])
80.8734 	EXP 	New trial (rep=0, index=32): OrderedDict([('color1', 'spring_green'), ('color2', 'azure'), ('color1a', 'spring_green.png'), ('color2a', 'azure.png')])
80.8873 	EXP 	image: autoDraw = False
80.8873 	EXP 	image_2: autoDraw = False
80.8873 	EXP 	slider: autoDraw = False
80.8873 	EXP 	text: autoDraw = False
80.8873 	EXP 	image: image = 'spring_green.png'
80.8873 	EXP 	image_2: image = 'azure.png'
80.8873 	EXP 	slider: markerPos = None
80.8873 	EXP 	slider: markerPos = None
80.8873 	EXP 	slider: rating = None
80.8873 	EXP 	image: autoDraw = True
80.8873 	EXP 	image_2: autoDraw = True
80.8873 	EXP 	slider: autoDraw = True
80.8873 	EXP 	text: autoDraw = True
82.8599 	DATA 	Keypress: escape
83.1613 	EXP 	window1: mouseVisible = True
