2.0336 	WARNING 	sounddevice audio lib was requested but not loaded: sounddevice not working
6.9183 	WARNING 	User requested fullscreen with size [1024  768], but screen is actually [1440, 900]. Using actual size
7.9484 	EXP 	Created window1 = Window(allowGUI=False, allowStencil=False, args=UNKNOWN, autoLog=True, bitsMode=UNKNOWN, blendMode='avg', color=array([0., 0., 0.]), colorSpace='rgb', fullscr=<method-wrapper '__getattribute__' of attributeSetter object at 0x12876be48>, gamma=None, kwargs=UNKNOWN, lms=UNKNOWN, monitor=<psychopy.monitors.calibTools.Monitor object at 0x12b6df4a8>, multiSample=False, name='window1', numSamples=2, pos=[0.0, 0.0], screen=0, size=array([2880, 1800]), stereo=False, units='height', useFBO=True, useRetina=True, viewOri=0.0, viewPos=None, viewScale=None, waitBlanking=True, winType='pyglet')
7.9484 	EXP 	window1: recordFrameIntervals = False
8.1145 	EXP 	window1: recordFrameIntervals = True
8.2985 	EXP 	window1: recordFrameIntervals = False
8.3095 	EXP 	Created image = ImageStim(__class__=<class 'psychopy.visual.image.ImageStim'>, autoLog=True, color=array([1., 1., 1.]), colorSpace='rgb', contrast=1.0, depth=0.0, flipHoriz=False, flipVert=False, image='sin', interpolate=True, mask=None, maskParams=None, name='image', opacity=1.0, ori=0.0, pos=array([-0.25,  0.1 ]), size=array([0.1, 0.1]), texRes=128, units='height', win=Window(...))
8.3112 	EXP 	Created image_2 = ImageStim(__class__=<class 'psychopy.visual.image.ImageStim'>, autoLog=True, color=array([1., 1., 1.]), colorSpace='rgb', contrast=1.0, depth=-1.0, flipHoriz=False, flipVert=False, image='sin', interpolate=True, mask=None, maskParams=None, name='image_2', opacity=1.0, ori=0.0, pos=array([0.25, 0.1 ]), size=array([0.1, 0.1]), texRes=128, units='height', win=Window(...))
8.3334 	EXP 	Created unnamed GratingStim = GratingStim(__class__=<class 'psychopy.visual.grating.GratingStim'>, autoDraw=False, autoLog=True, blendmode='avg', color='LightGray', colorSpace='named', contrast=1.0, depth=0, interpolate=False, mask='none', maskParams=None, name='unnamed GratingStim', opacity=1.0, ori=0.0, phase=array([0., 0.]), pos=array([ 0. , -0.4]), rgbPedestal=array([0., 0., 0.]), sf=array([0., 0.]), size=array([1.  , 0.01]), tex='sin', texRes=128, units='height', win=Window(...))
8.3362 	EXP 	Created unnamed ElementArrayStim = ElementArrayStim(__class__=type(...), autoLog=True, colorSpace='named', colors='LightGray', contrs=array([1., 1., 1., 1., 1., 1., 1.]), depths=0, elementMask=method-wrapper(...), elementTex=method-wrapper(...), fieldDepth=0, fieldPos=array([0., 0.]), fieldShape='circle', fieldSize=array([1., 1.]), interpolate=True, maskParams=None, nElements=7, name='unnamed ElementArrayStim', opacities=array([1., 1., 1., 1., 1., 1., 1.]), oris=array([0., 0., 0., 0., 0., 0., 0.]), phases=ndarray(...), rgbs=ndarray(...), sfs=ndarray(...), sizes=ndarray(...), texRes=48, units='height', win=Window(...), xys=ndarray(...))
8.3387 	EXP 	Created unnamed Circle = Circle(__class__=<class 'psychopy.visual.circle.Circle'>, autoDraw=False, autoLog=True, closeShape=True, color=method-wrapper(...), colorSpace=None, contrast=1.0, depth=0, fillColor='red', fillColorSpace='named', fillRGB=array([255.,   0.,   0.]), interpolate=True, lineColor='red', lineColorSpace='named', lineRGB=array([255.,   0.,   0.]), lineWidth=1.5, name='unnamed Circle', opacity=1.0, ori=array(0.), pos=array([0., 0.]), size=array([0.1, 0.1]), units='height', vertices=ndarray(...), win=Window(...))
8.3396 	EXP 	Created unnamed Rect = Rect(__class__=<class 'psychopy.visual.rect.Rect'>, autoDraw=False, autoLog=True, closeShape=True, color=method-wrapper(...), colorSpace=None, contrast=1.0, depth=0, fillColor=None, fillColorSpace='rgb', fillRGB=None, interpolate=True, lineColor='DarkGrey', lineColorSpace='named', lineRGB=array([169., 169., 169.]), lineWidth=1.5, name='unnamed Rect', opacity=1.0, ori=array(0.), pos=array([ 0. , -0.4]), size=array([1., 1.]), units='height', vertices=ndarray(...), win=Window(...))
8.3401 	EXP 	Created slider = Slider(__class__=<class 'psychopy.visual.slider.Slider'>, autoDraw=False, autoLog=True, color='LightGray', depth=0, flip=False, font='HelveticaBold', granularity=0, labelHeight=0.1, labels=None, name='slider', pos=(0, -0.4), readOnly=False, self=UNKNOWN, size=(1.0, 0.1), style=method-wrapper(...), ticks=array([1, 2, 3, 4, 5, 6, 7]), units='height', win=Window(...))
8.4802 	EXP 	Created text = TextStim(__class__=<class 'psychopy.visual.text.TextStim'>, alignHoriz='center', alignVert='center', antialias=True, autoLog=True, bold=False, color='black', colorSpace='named', contrast=1.0, depth=-3.0, flipHoriz=False, flipVert=False, font='Arial', fontFiles=[], height=0.1, italic=False, languageStyle='LTR', name='text', opacity=1.0, ori=0, pos=array([0., 0.]), rgb=array([0., 0., 0.]), text='Most similar  -  Least Similar', units='height', win=Window(...), wrapWidth=1)
8.5125 	EXP 	Imported AllColor.xlsx as conditions, 144 conditions, 4 params
8.5135 	EXP 	Created sequence: random, trialTypes=144, nReps=2, seed=None
8.5139 	EXP 	New trial (rep=0, index=0): OrderedDict([('color1', 'spring_green'), ('color2', 'orange'), ('color1a', 'spring_green.png'), ('color2a', 'orange.png')])
8.6312 	EXP 	slider: autoLog = True
8.6312 	EXP 	slider: markerPos = None
8.6312 	EXP 	slider: rating = None
8.6312 	EXP 	slider: markerPos = None
8.6312 	EXP 	unnamed Circle: contrast = 1.0
8.6312 	EXP 	unnamed GratingStim: contrast = 1.0
8.6312 	EXP 	slider: contrast = 1.0
8.6312 	EXP 	slider: autoLog = True
8.6312 	EXP 	slider: style = ('rating',)
8.6312 	EXP 	image: image = 'spring_green.png'
8.6312 	EXP 	image_2: image = 'orange.png'
8.6312 	EXP 	slider: markerPos = None
8.6312 	EXP 	slider: markerPos = None
8.6312 	EXP 	slider: rating = None
8.6312 	EXP 	image: autoDraw = True
8.6312 	EXP 	image_2: autoDraw = True
8.6312 	EXP 	slider: autoDraw = True
8.6312 	EXP 	text: autoDraw = True
9.5348 	EXP 	image: autoDraw = False
9.5348 	EXP 	image_2: autoDraw = False
9.5348 	EXP 	text: autoDraw = False
11.9859 	DATA 	Mouse: Left button down, pos=(424,64)
12.0001 	EXP 	slider: markerPos = 2.0266666666666664
12.0001 	EXP 	unnamed Circle: pos = array([[-0.32888889, -0.4       ]])
12.0181 	EXP 	slider: markerPos = 2.0266666666666664
12.0351 	EXP 	slider: markerPos = 2.0266666666666664
12.0511 	EXP 	slider: markerPos = 2.0266666666666664
12.0679 	EXP 	slider: markerPos = 2.0266666666666664
12.0843 	EXP 	slider: markerPos = 2.0266666666666664
12.0851 	DATA 	Mouse:  Left button up, pos=(424,64)
12.1008 	EXP 	slider: markerPos = 2.0266666666666664
12.1008 	EXP 	slider: rating = 2.0266666666666664
12.1008 	EXP 	unnamed Circle: pos = array([[-0.32888889, -0.4       ]])
12.1023 	EXP 	New trial (rep=0, index=1): OrderedDict([('color1', 'orange'), ('color2', 'magenta'), ('color1a', 'orange.png'), ('color2a', 'magenta.png')])
12.1184 	EXP 	image: autoDraw = False
12.1184 	EXP 	image_2: autoDraw = False
12.1184 	EXP 	slider: autoDraw = False
12.1184 	EXP 	text: autoDraw = False
12.1184 	EXP 	image: image = 'orange.png'
12.1184 	EXP 	image_2: image = 'magenta.png'
12.1184 	EXP 	slider: markerPos = None
12.1184 	EXP 	slider: markerPos = None
12.1184 	EXP 	slider: rating = None
12.1184 	EXP 	image: autoDraw = True
12.1184 	EXP 	image_2: autoDraw = True
12.1184 	EXP 	slider: autoDraw = True
12.1184 	EXP 	text: autoDraw = True
13.1175 	EXP 	image: autoDraw = False
13.1175 	EXP 	image_2: autoDraw = False
13.1175 	EXP 	text: autoDraw = False
13.6044 	DATA 	Keypress: escape
13.9312 	EXP 	window1: mouseVisible = True
