1.3525 	WARNING 	sounddevice audio lib was requested but not loaded: sounddevice not working
9.4003 	WARNING 	User requested fullscreen with size [1024  768], but screen is actually [1440, 900]. Using actual size
10.0730 	EXP 	Created window1 = Window(allowGUI=False, allowStencil=False, args=UNKNOWN, autoLog=True, bitsMode=UNKNOWN, blendMode='avg', color=array([0., 0., 0.]), colorSpace='rgb', fullscr=<method-wrapper '__getattribute__' of attributeSetter object at 0x12a68ab38>, gamma=None, kwargs=UNKNOWN, lms=UNKNOWN, monitor=<psychopy.monitors.calibTools.Monitor object at 0x1295cb940>, multiSample=False, name='window1', numSamples=2, pos=[0.0, 0.0], screen=0, size=array([2880, 1800]), stereo=False, units='height', useFBO=True, useRetina=True, viewOri=0.0, viewPos=None, viewScale=None, waitBlanking=True, winType='pyglet')
10.0731 	EXP 	window1: recordFrameIntervals = False
10.2382 	EXP 	window1: recordFrameIntervals = True
10.4217 	EXP 	window1: recordFrameIntervals = False
10.4301 	EXP 	Created fixation_cross = ShapeStim(__class__=<class 'psychopy.visual.shape.ShapeStim'>, autoDraw=False, autoLog=True, closeShape=True, contrast=1.0, depth=-1.0, fillColor=array([1., 1., 1.]), fillColorSpace='rgb', interpolate=True, lineColor=array([1., 1., 1.]), lineColorSpace='rgb', lineWidth=0.001, name='fixation_cross', opacity=1.0, ori=array(0.), pos=array([0., 0.]), size=array([0.01, 0.01]), units='height', vertices=ndarray(...), win=Window(...), windingRule=None)
10.4922 	EXP 	Created sequence: random, trialTypes=2, nReps=100, seed=None
10.4929 	EXP 	New trial (rep=0, index=0): happy
10.5069 	EXP 	New trial (rep=0, index=1): sad
10.5173 	EXP 	New trial (rep=1, index=0): happy
10.5276 	EXP 	New trial (rep=1, index=1): sad
10.5375 	EXP 	New trial (rep=2, index=0): sad
10.5472 	EXP 	New trial (rep=2, index=1): happy
10.5571 	EXP 	New trial (rep=3, index=0): sad
10.5669 	EXP 	New trial (rep=3, index=1): happy
10.5769 	EXP 	New trial (rep=4, index=0): sad
10.5866 	EXP 	New trial (rep=4, index=1): happy
10.5962 	EXP 	New trial (rep=5, index=0): sad
10.6063 	EXP 	New trial (rep=5, index=1): happy
10.6167 	EXP 	New trial (rep=6, index=0): sad
10.6268 	EXP 	New trial (rep=6, index=1): happy
10.6369 	EXP 	New trial (rep=7, index=0): happy
10.6470 	EXP 	New trial (rep=7, index=1): sad
10.6568 	EXP 	New trial (rep=8, index=0): happy
10.6670 	EXP 	New trial (rep=8, index=1): sad
10.6767 	EXP 	New trial (rep=9, index=0): sad
10.6866 	EXP 	New trial (rep=9, index=1): happy
10.6964 	EXP 	New trial (rep=10, index=0): sad
10.7063 	EXP 	New trial (rep=10, index=1): happy
10.7161 	EXP 	New trial (rep=11, index=0): happy
10.7258 	EXP 	New trial (rep=11, index=1): sad
10.7355 	EXP 	New trial (rep=12, index=0): happy
10.7451 	EXP 	New trial (rep=12, index=1): sad
10.7548 	EXP 	New trial (rep=13, index=0): happy
10.7646 	EXP 	New trial (rep=13, index=1): sad
10.7743 	EXP 	New trial (rep=14, index=0): happy
10.7841 	EXP 	New trial (rep=14, index=1): sad
10.7937 	EXP 	New trial (rep=15, index=0): happy
10.8035 	EXP 	New trial (rep=15, index=1): sad
10.8132 	EXP 	New trial (rep=16, index=0): sad
10.8232 	EXP 	New trial (rep=16, index=1): happy
10.8331 	EXP 	New trial (rep=17, index=0): sad
10.8429 	EXP 	New trial (rep=17, index=1): happy
10.8527 	EXP 	New trial (rep=18, index=0): sad
10.8632 	EXP 	New trial (rep=18, index=1): happy
10.8738 	EXP 	New trial (rep=19, index=0): sad
10.8836 	EXP 	New trial (rep=19, index=1): happy
10.8934 	EXP 	New trial (rep=20, index=0): happy
10.9033 	EXP 	New trial (rep=20, index=1): sad
10.9137 	EXP 	New trial (rep=21, index=0): sad
10.9234 	EXP 	New trial (rep=21, index=1): happy
10.9336 	EXP 	New trial (rep=22, index=0): sad
10.9434 	EXP 	New trial (rep=22, index=1): happy
10.9545 	EXP 	New trial (rep=23, index=0): sad
10.9643 	EXP 	New trial (rep=23, index=1): happy
10.9741 	EXP 	New trial (rep=24, index=0): sad
10.9844 	EXP 	New trial (rep=24, index=1): happy
10.9941 	EXP 	New trial (rep=25, index=0): happy
11.0048 	EXP 	New trial (rep=25, index=1): sad
11.0150 	EXP 	New trial (rep=26, index=0): happy
11.0248 	EXP 	New trial (rep=26, index=1): sad
11.0346 	EXP 	New trial (rep=27, index=0): sad
11.0443 	EXP 	New trial (rep=27, index=1): happy
11.0544 	EXP 	New trial (rep=28, index=0): sad
11.0642 	EXP 	New trial (rep=28, index=1): happy
11.0747 	EXP 	New trial (rep=29, index=0): sad
11.0887 	EXP 	New trial (rep=29, index=1): happy
11.1050 	EXP 	New trial (rep=30, index=0): sad
11.1193 	EXP 	New trial (rep=30, index=1): happy
11.1332 	EXP 	New trial (rep=31, index=0): sad
11.1471 	EXP 	New trial (rep=31, index=1): happy
11.1615 	EXP 	New trial (rep=32, index=0): sad
11.1721 	EXP 	New trial (rep=32, index=1): happy
11.1818 	EXP 	New trial (rep=33, index=0): sad
11.1917 	EXP 	New trial (rep=33, index=1): happy
11.2020 	EXP 	New trial (rep=34, index=0): happy
11.2122 	EXP 	New trial (rep=34, index=1): sad
11.2222 	EXP 	New trial (rep=35, index=0): happy
11.2325 	EXP 	New trial (rep=35, index=1): sad
11.2424 	EXP 	New trial (rep=36, index=0): sad
11.2523 	EXP 	New trial (rep=36, index=1): happy
11.2621 	EXP 	New trial (rep=37, index=0): sad
11.2720 	EXP 	New trial (rep=37, index=1): happy
11.2823 	EXP 	New trial (rep=38, index=0): sad
11.2922 	EXP 	New trial (rep=38, index=1): happy
11.3030 	EXP 	New trial (rep=39, index=0): sad
11.3132 	EXP 	New trial (rep=39, index=1): happy
11.3232 	EXP 	New trial (rep=40, index=0): sad
11.3335 	EXP 	New trial (rep=40, index=1): happy
11.3438 	EXP 	New trial (rep=41, index=0): sad
11.3540 	EXP 	New trial (rep=41, index=1): happy
11.3642 	EXP 	New trial (rep=42, index=0): sad
11.3742 	EXP 	New trial (rep=42, index=1): happy
11.3847 	EXP 	New trial (rep=43, index=0): happy
11.3946 	EXP 	New trial (rep=43, index=1): sad
11.4049 	EXP 	New trial (rep=44, index=0): happy
11.4152 	EXP 	New trial (rep=44, index=1): sad
11.4252 	EXP 	New trial (rep=45, index=0): sad
11.4351 	EXP 	New trial (rep=45, index=1): happy
11.4451 	EXP 	New trial (rep=46, index=0): sad
11.4550 	EXP 	New trial (rep=46, index=1): happy
11.4650 	EXP 	New trial (rep=47, index=0): sad
11.4750 	EXP 	New trial (rep=47, index=1): happy
11.4853 	EXP 	New trial (rep=48, index=0): happy
11.4951 	EXP 	New trial (rep=48, index=1): sad
11.5053 	EXP 	New trial (rep=49, index=0): sad
11.5156 	EXP 	New trial (rep=49, index=1): happy
11.5255 	EXP 	New trial (rep=50, index=0): happy
11.5355 	EXP 	New trial (rep=50, index=1): sad
11.5455 	EXP 	New trial (rep=51, index=0): sad
11.5554 	EXP 	New trial (rep=51, index=1): happy
11.5654 	EXP 	New trial (rep=52, index=0): sad
11.5752 	EXP 	New trial (rep=52, index=1): happy
11.5853 	EXP 	New trial (rep=53, index=0): happy
11.5955 	EXP 	New trial (rep=53, index=1): sad
11.6056 	EXP 	New trial (rep=54, index=0): sad
11.6159 	EXP 	New trial (rep=54, index=1): happy
11.6261 	EXP 	New trial (rep=55, index=0): happy
11.6363 	EXP 	New trial (rep=55, index=1): sad
11.6462 	EXP 	New trial (rep=56, index=0): happy
11.6561 	EXP 	New trial (rep=56, index=1): sad
11.6662 	EXP 	New trial (rep=57, index=0): sad
11.6762 	EXP 	New trial (rep=57, index=1): happy
11.6868 	EXP 	New trial (rep=58, index=0): happy
11.6972 	EXP 	New trial (rep=58, index=1): sad
11.7072 	EXP 	New trial (rep=59, index=0): sad
11.7174 	EXP 	New trial (rep=59, index=1): happy
11.7275 	EXP 	New trial (rep=60, index=0): sad
11.7378 	EXP 	New trial (rep=60, index=1): happy
11.7478 	EXP 	New trial (rep=61, index=0): happy
11.7578 	EXP 	New trial (rep=61, index=1): sad
11.7676 	EXP 	New trial (rep=62, index=0): happy
11.7778 	EXP 	New trial (rep=62, index=1): sad
11.7878 	EXP 	New trial (rep=63, index=0): happy
11.7980 	EXP 	New trial (rep=63, index=1): sad
11.8077 	EXP 	New trial (rep=64, index=0): sad
11.8178 	EXP 	New trial (rep=64, index=1): happy
11.8274 	EXP 	New trial (rep=65, index=0): sad
11.8372 	EXP 	New trial (rep=65, index=1): happy
11.8470 	EXP 	New trial (rep=66, index=0): sad
11.8570 	EXP 	New trial (rep=66, index=1): happy
11.8673 	EXP 	New trial (rep=67, index=0): happy
11.8774 	EXP 	New trial (rep=67, index=1): sad
11.8874 	EXP 	New trial (rep=68, index=0): sad
11.8977 	EXP 	New trial (rep=68, index=1): happy
11.9079 	EXP 	New trial (rep=69, index=0): sad
11.9178 	EXP 	New trial (rep=69, index=1): happy
11.9277 	EXP 	New trial (rep=70, index=0): happy
11.9376 	EXP 	New trial (rep=70, index=1): sad
11.9475 	EXP 	New trial (rep=71, index=0): happy
11.9573 	EXP 	New trial (rep=71, index=1): sad
11.9671 	EXP 	New trial (rep=72, index=0): happy
11.9772 	EXP 	New trial (rep=72, index=1): sad
11.9872 	EXP 	New trial (rep=73, index=0): happy
11.9970 	EXP 	New trial (rep=73, index=1): sad
12.0073 	EXP 	New trial (rep=74, index=0): happy
12.0173 	EXP 	New trial (rep=74, index=1): sad
12.0272 	EXP 	New trial (rep=75, index=0): sad
12.0373 	EXP 	New trial (rep=75, index=1): happy
12.0472 	EXP 	New trial (rep=76, index=0): sad
12.0572 	EXP 	New trial (rep=76, index=1): happy
12.0672 	EXP 	New trial (rep=77, index=0): sad
12.0773 	EXP 	New trial (rep=77, index=1): happy
12.0876 	EXP 	New trial (rep=78, index=0): sad
12.0981 	EXP 	New trial (rep=78, index=1): happy
12.1083 	EXP 	New trial (rep=79, index=0): sad
12.1183 	EXP 	New trial (rep=79, index=1): happy
12.1282 	EXP 	New trial (rep=80, index=0): sad
12.1382 	EXP 	New trial (rep=80, index=1): happy
12.1480 	EXP 	New trial (rep=81, index=0): sad
12.1580 	EXP 	New trial (rep=81, index=1): happy
12.1678 	EXP 	New trial (rep=82, index=0): sad
12.1780 	EXP 	New trial (rep=82, index=1): happy
12.1881 	EXP 	New trial (rep=83, index=0): happy
12.1984 	EXP 	New trial (rep=83, index=1): sad
12.2085 	EXP 	New trial (rep=84, index=0): sad
12.2186 	EXP 	New trial (rep=84, index=1): happy
12.2287 	EXP 	New trial (rep=85, index=0): happy
12.2387 	EXP 	New trial (rep=85, index=1): sad
12.2487 	EXP 	New trial (rep=86, index=0): happy
12.2585 	EXP 	New trial (rep=86, index=1): sad
12.2682 	EXP 	New trial (rep=87, index=0): happy
12.2781 	EXP 	New trial (rep=87, index=1): sad
12.2878 	EXP 	New trial (rep=88, index=0): sad
12.2974 	EXP 	New trial (rep=88, index=1): happy
12.3070 	EXP 	New trial (rep=89, index=0): happy
12.3169 	EXP 	New trial (rep=89, index=1): sad
12.3266 	EXP 	New trial (rep=90, index=0): sad
12.3367 	EXP 	New trial (rep=90, index=1): happy
12.3467 	EXP 	New trial (rep=91, index=0): sad
12.3569 	EXP 	New trial (rep=91, index=1): happy
12.3673 	EXP 	New trial (rep=92, index=0): happy
12.3776 	EXP 	New trial (rep=92, index=1): sad
12.3879 	EXP 	New trial (rep=93, index=0): happy
12.3984 	EXP 	New trial (rep=93, index=1): sad
12.4091 	EXP 	New trial (rep=94, index=0): sad
12.4196 	EXP 	New trial (rep=94, index=1): happy
12.4296 	EXP 	New trial (rep=95, index=0): happy
12.4396 	EXP 	New trial (rep=95, index=1): sad
12.4499 	EXP 	New trial (rep=96, index=0): happy
12.4597 	EXP 	New trial (rep=96, index=1): sad
12.4695 	EXP 	New trial (rep=97, index=0): happy
12.4794 	EXP 	New trial (rep=97, index=1): sad
12.4892 	EXP 	New trial (rep=98, index=0): happy
12.4991 	EXP 	New trial (rep=98, index=1): sad
12.5091 	EXP 	New trial (rep=99, index=0): sad
12.5188 	EXP 	New trial (rep=99, index=1): happy
12.8882 	EXP 	window1: mouseVisible = True
