1.6663 	WARNING 	sounddevice audio lib was requested but not loaded: sounddevice not working
6.7344 	WARNING 	User requested fullscreen with size [1024  768], but screen is actually [1440, 900]. Using actual size
7.3807 	EXP 	Created window1 = Window(allowGUI=False, allowStencil=False, args=UNKNOWN, autoLog=True, bitsMode=UNKNOWN, blendMode='avg', color=array([0., 0., 0.]), colorSpace='rgb', fullscr=<method-wrapper '__getattribute__' of attributeSetter object at 0x1286ddbe0>, gamma=None, kwargs=UNKNOWN, lms=UNKNOWN, monitor=<psychopy.monitors.calibTools.Monitor object at 0x12b3b5f60>, multiSample=False, name='window1', numSamples=2, pos=[0.0, 0.0], screen=0, size=array([2880, 1800]), stereo=False, units='height', useFBO=True, useRetina=True, viewOri=0.0, viewPos=None, viewScale=None, waitBlanking=True, winType='pyglet')
7.3808 	EXP 	window1: recordFrameIntervals = False
7.5470 	EXP 	window1: recordFrameIntervals = True
7.7315 	EXP 	window1: recordFrameIntervals = False
7.7390 	EXP 	Created fixation_cross = ShapeStim(__class__=<class 'psychopy.visual.shape.ShapeStim'>, autoDraw=False, autoLog=True, closeShape=True, contrast=1.0, depth=-1.0, fillColor=array([1., 1., 1.]), fillColorSpace='rgb', interpolate=True, lineColor=array([1., 1., 1.]), lineColorSpace='rgb', lineWidth=0.001, name='fixation_cross', opacity=1.0, ori=array(0.), pos=array([0., 0.]), size=array([0.01, 0.01]), units='height', vertices=ndarray(...), win=Window(...), windingRule=None)
7.8001 	EXP 	Created unnamed ImageStim = ImageStim(__class__=<class 'psychopy.visual.image.ImageStim'>, autoLog=True, color=array([1., 1., 1.]), colorSpace='rgb', contrast=1.0, depth=0, flipHoriz=False, flipVert=False, image=BmpImageFile(...), interpolate=False, mask=None, maskParams=None, name='unnamed ImageStim', opacity=1.0, ori=0.0, pos=array([-0.25,  0.1 ]), size=array([0.15555556, 0.23333333]), texRes=128, units='height', win=Window(...))
7.8023 	EXP 	Created unnamed ImageStim = ImageStim(__class__=<class 'psychopy.visual.image.ImageStim'>, autoLog=True, color=array([1., 1., 1.]), colorSpace='rgb', contrast=1.0, depth=0, flipHoriz=False, flipVert=False, image=BmpImageFile(...), interpolate=False, mask=None, maskParams=None, name='unnamed ImageStim', opacity=1.0, ori=0.0, pos=array([0.25, 0.1 ]), size=array([0.15555556, 0.23333333]), texRes=128, units='height', win=Window(...))
7.8921 	EXP 	Created unnamed TextStim = TextStim(__class__=<class 'psychopy.visual.text.TextStim'>, alignHoriz='center', alignVert='center', antialias=True, autoLog=True, bold=False, color=array([1., 1., 1.]), colorSpace='rgb', contrast=1.0, depth=0, flipHoriz=False, flipVert=False, font='', fontFiles=[], height=0.2, italic=False, languageStyle='LTR', name='unnamed TextStim', opacity=1.0, ori=0.0, pos=array([-0.25, -0.1 ]), rgb=array([1., 1., 1.]), text='q', units='height', win=Window(...), wrapWidth=1)
7.8977 	EXP 	Created unnamed TextStim = TextStim(__class__=<class 'psychopy.visual.text.TextStim'>, alignHoriz='center', alignVert='center', antialias=True, autoLog=True, bold=False, color=array([1., 1., 1.]), colorSpace='rgb', contrast=1.0, depth=0, flipHoriz=False, flipVert=False, font='', fontFiles=[], height=0.2, italic=False, languageStyle='LTR', name='unnamed TextStim', opacity=1.0, ori=0.0, pos=array([ 0.25, -0.1 ]), rgb=array([1., 1., 1.]), text='p', units='height', win=Window(...), wrapWidth=1)
7.9129 	EXP 	Created unnamed TextStim = TextStim(__class__=<class 'psychopy.visual.text.TextStim'>, alignHoriz='center', alignVert='center', antialias=True, autoLog=True, bold=False, color=array([1., 1., 1.]), colorSpace='rgb', contrast=1.0, depth=0, flipHoriz=False, flipVert=False, font='', fontFiles=[], height=0.07, italic=False, languageStyle='LTR', name='unnamed TextStim', opacity=1.0, ori=0.0, pos=array([ 0. , -0.4]), rgb=array([1., 1., 1.]), text='Press spacebar to continue', units='height', win=Window(...), wrapWidth=1)
7.9473 	EXP 	unnamed ImageStim: autoDraw = True
7.9473 	EXP 	unnamed ImageStim: autoDraw = True
7.9473 	EXP 	unnamed TextStim: autoDraw = True
7.9473 	EXP 	unnamed TextStim: autoDraw = True
7.9473 	EXP 	unnamed TextStim: autoDraw = True
8.8014 	DATA 	Keypress: space
8.9772 	EXP 	Created unnamed ImageStim = ImageStim(__class__=<class 'psychopy.visual.image.ImageStim'>, autoLog=True, color=array([1., 1., 1.]), colorSpace='rgb', contrast=1.0, depth=0, flipHoriz=False, flipVert=False, image=BmpImageFile(...), interpolate=False, mask=None, maskParams=None, name='unnamed ImageStim', opacity=1.0, ori=0.0, pos=array([0., 0.]), size=array([0.15555556, 0.23333333]), texRes=128, units='height', win=Window(...))
8.9959 	EXP 	unnamed ImageStim: autoDraw = False
8.9959 	EXP 	unnamed ImageStim: autoDraw = False
8.9959 	EXP 	unnamed TextStim: autoDraw = False
8.9959 	EXP 	unnamed TextStim: autoDraw = False
8.9959 	EXP 	unnamed TextStim: autoDraw = False
8.9959 	EXP 	unnamed ImageStim: size = array([0.15555556, 0.23333333])
8.9959 	EXP 	unnamed ImageStim: image = <PIL.Image.Image image mode=F size=140x210 at 0x12B48CE10>
8.9959 	EXP 	fixation_cross: autoDraw = True
9.1465 	EXP 	fixation_cross: autoDraw = False
9.3975 	EXP 	unnamed ImageStim: autoDraw = True
9.8660 	DATA 	Keypress: q
11.0141 	EXP 	unnamed ImageStim: autoDraw = False
11.0141 	EXP 	fixation_cross: autoDraw = False
11.0141 	EXP 	unnamed ImageStim: size = array([0.15555556, 0.23333333])
11.0141 	EXP 	unnamed ImageStim: image = <PIL.Image.Image image mode=F size=140x210 at 0x12B263748>
11.0141 	EXP 	fixation_cross: autoDraw = True
11.1640 	EXP 	fixation_cross: autoDraw = False
11.4298 	EXP 	unnamed ImageStim: autoDraw = True
11.9136 	EXP 	unnamed ImageStim: autoDraw = False
11.9159 	DATA 	Keypress: q
13.0304 	EXP 	unnamed ImageStim: autoDraw = False
13.0304 	EXP 	fixation_cross: autoDraw = False
13.0304 	EXP 	unnamed ImageStim: size = array([0.15555556, 0.23333333])
13.0304 	EXP 	unnamed ImageStim: image = <PIL.Image.Image image mode=F size=140x210 at 0x12B263978>
13.0304 	EXP 	fixation_cross: autoDraw = True
13.1804 	EXP 	fixation_cross: autoDraw = False
13.4472 	EXP 	unnamed ImageStim: autoDraw = True
13.9298 	EXP 	unnamed ImageStim: autoDraw = False
13.9823 	DATA 	Keypress: p
15.0473 	EXP 	unnamed ImageStim: autoDraw = False
15.0473 	EXP 	fixation_cross: autoDraw = False
15.0473 	EXP 	unnamed ImageStim: size = array([0.15555556, 0.23333333])
15.0473 	EXP 	unnamed ImageStim: image = <PIL.Image.Image image mode=F size=140x210 at 0x12B263BA8>
15.0473 	EXP 	fixation_cross: autoDraw = True
15.1970 	EXP 	fixation_cross: autoDraw = False
15.4633 	EXP 	unnamed ImageStim: autoDraw = True
15.9159 	DATA 	Keypress: q
17.0799 	EXP 	unnamed ImageStim: autoDraw = False
17.0799 	EXP 	fixation_cross: autoDraw = False
17.0799 	EXP 	unnamed ImageStim: size = array([0.15555556, 0.23333333])
17.0799 	EXP 	unnamed ImageStim: image = <PIL.Image.Image image mode=F size=140x210 at 0x12B263B38>
17.0799 	EXP 	fixation_cross: autoDraw = True
17.2135 	EXP 	fixation_cross: autoDraw = False
17.4798 	EXP 	unnamed ImageStim: autoDraw = True
17.9630 	EXP 	unnamed ImageStim: autoDraw = False
18.0158 	DATA 	Keypress: p
19.0957 	EXP 	unnamed ImageStim: autoDraw = False
19.0957 	EXP 	fixation_cross: autoDraw = False
19.0957 	EXP 	unnamed ImageStim: size = array([0.15555556, 0.23333333])
19.0957 	EXP 	unnamed ImageStim: image = <PIL.Image.Image image mode=F size=140x210 at 0x12B263F60>
19.0957 	EXP 	fixation_cross: autoDraw = True
19.2466 	EXP 	fixation_cross: autoDraw = False
19.4964 	EXP 	unnamed ImageStim: autoDraw = True
19.9970 	EXP 	unnamed ImageStim: autoDraw = False
20.1984 	DATA 	Keypress: q
21.1134 	EXP 	unnamed ImageStim: autoDraw = False
21.1134 	EXP 	fixation_cross: autoDraw = False
21.1134 	EXP 	unnamed ImageStim: size = array([0.15555556, 0.23333333])
21.1134 	EXP 	unnamed ImageStim: image = <PIL.Image.Image image mode=F size=140x210 at 0x1381790F0>
21.1134 	EXP 	fixation_cross: autoDraw = True
21.2630 	EXP 	fixation_cross: autoDraw = False
21.5302 	EXP 	unnamed ImageStim: autoDraw = True
22.0136 	EXP 	unnamed ImageStim: autoDraw = False
22.0481 	DATA 	Keypress: p
23.1308 	EXP 	unnamed ImageStim: autoDraw = False
23.1308 	EXP 	fixation_cross: autoDraw = False
23.1308 	EXP 	unnamed ImageStim: size = array([0.15555556, 0.23333333])
23.1308 	EXP 	unnamed ImageStim: image = <PIL.Image.Image image mode=F size=140x210 at 0x138179278>
23.1308 	EXP 	fixation_cross: autoDraw = True
23.2795 	EXP 	fixation_cross: autoDraw = False
23.5468 	EXP 	unnamed ImageStim: autoDraw = True
24.0157 	DATA 	Keypress: q
24.0301 	EXP 	unnamed ImageStim: autoDraw = False
25.1454 	EXP 	unnamed ImageStim: autoDraw = False
25.1454 	EXP 	fixation_cross: autoDraw = False
25.1454 	EXP 	unnamed ImageStim: size = array([0.15555556, 0.23333333])
25.1454 	EXP 	unnamed ImageStim: image = <PIL.Image.Image image mode=F size=140x210 at 0x138179390>
25.1454 	EXP 	fixation_cross: autoDraw = True
25.3002 	EXP 	fixation_cross: autoDraw = False
25.5641 	EXP 	unnamed ImageStim: autoDraw = True
26.0471 	EXP 	unnamed ImageStim: autoDraw = False
26.2679 	DATA 	Keypress: p
27.1651 	EXP 	unnamed ImageStim: autoDraw = False
27.1651 	EXP 	fixation_cross: autoDraw = False
27.1651 	EXP 	unnamed ImageStim: size = array([0.15555556, 0.23333333])
27.1651 	EXP 	unnamed ImageStim: image = <PIL.Image.Image image mode=F size=140x210 at 0x1381794A8>
27.1651 	EXP 	fixation_cross: autoDraw = True
27.3136 	EXP 	fixation_cross: autoDraw = False
27.5805 	EXP 	unnamed ImageStim: autoDraw = True
28.0637 	EXP 	unnamed ImageStim: autoDraw = False
28.1012 	DATA 	Keypress: q
29.1970 	EXP 	unnamed ImageStim: autoDraw = False
29.1970 	EXP 	fixation_cross: autoDraw = False
29.1970 	EXP 	unnamed ImageStim: size = array([0.15555556, 0.23333333])
29.1970 	EXP 	unnamed ImageStim: image = <PIL.Image.Image image mode=F size=140x210 at 0x138179978>
29.1970 	EXP 	fixation_cross: autoDraw = True
29.3472 	EXP 	fixation_cross: autoDraw = False
29.5971 	EXP 	unnamed ImageStim: autoDraw = True
30.0972 	EXP 	unnamed ImageStim: autoDraw = False
30.4508 	DATA 	Keypress: q
31.2135 	EXP 	unnamed ImageStim: autoDraw = False
31.2135 	EXP 	fixation_cross: autoDraw = False
31.2135 	EXP 	unnamed ImageStim: size = array([0.15555556, 0.23333333])
31.2135 	EXP 	unnamed ImageStim: image = <PIL.Image.Image image mode=F size=140x210 at 0x138179B70>
31.2135 	EXP 	fixation_cross: autoDraw = True
31.3638 	EXP 	fixation_cross: autoDraw = False
31.6305 	EXP 	unnamed ImageStim: autoDraw = True
32.1140 	EXP 	unnamed ImageStim: autoDraw = False
32.4184 	DATA 	Keypress: q
33.2298 	EXP 	unnamed ImageStim: autoDraw = False
33.2298 	EXP 	fixation_cross: autoDraw = False
33.2298 	EXP 	unnamed ImageStim: size = array([0.15555556, 0.23333333])
33.2298 	EXP 	unnamed ImageStim: image = <PIL.Image.Image image mode=F size=140x210 at 0x138179CF8>
33.2298 	EXP 	fixation_cross: autoDraw = True
33.3803 	EXP 	fixation_cross: autoDraw = False
33.6469 	EXP 	unnamed ImageStim: autoDraw = True
34.1306 	EXP 	unnamed ImageStim: autoDraw = False
34.3006 	DATA 	Keypress: p
35.2462 	EXP 	unnamed ImageStim: autoDraw = False
35.2462 	EXP 	fixation_cross: autoDraw = False
35.2462 	EXP 	unnamed ImageStim: size = array([0.15555556, 0.23333333])
35.2462 	EXP 	unnamed ImageStim: image = <PIL.Image.Image image mode=F size=140x210 at 0x138179F60>
35.2462 	EXP 	fixation_cross: autoDraw = True
35.3970 	EXP 	fixation_cross: autoDraw = False
35.6637 	EXP 	unnamed ImageStim: autoDraw = True
36.1472 	EXP 	unnamed ImageStim: autoDraw = False
36.7839 	DATA 	Keypress: q
37.2804 	EXP 	unnamed ImageStim: autoDraw = False
37.2804 	EXP 	fixation_cross: autoDraw = False
37.2804 	EXP 	unnamed ImageStim: size = array([0.15555556, 0.23333333])
37.2804 	EXP 	unnamed ImageStim: image = <PIL.Image.Image image mode=F size=140x210 at 0x138180080>
37.2804 	EXP 	fixation_cross: autoDraw = True
37.4137 	EXP 	fixation_cross: autoDraw = False
37.6802 	EXP 	unnamed ImageStim: autoDraw = True
38.1636 	EXP 	unnamed ImageStim: autoDraw = False
38.7506 	DATA 	Keypress: q
39.2962 	EXP 	unnamed ImageStim: autoDraw = False
39.2962 	EXP 	fixation_cross: autoDraw = False
39.2962 	EXP 	unnamed ImageStim: size = array([0.15555556, 0.23333333])
39.2962 	EXP 	unnamed ImageStim: image = <PIL.Image.Image image mode=F size=140x210 at 0x1381802B0>
39.2962 	EXP 	fixation_cross: autoDraw = True
39.4470 	EXP 	fixation_cross: autoDraw = False
39.6969 	EXP 	unnamed ImageStim: autoDraw = True
40.1971 	EXP 	unnamed ImageStim: autoDraw = False
40.2348 	DATA 	Keypress: p
41.3134 	EXP 	unnamed ImageStim: autoDraw = False
41.3134 	EXP 	fixation_cross: autoDraw = False
41.3134 	EXP 	unnamed ImageStim: size = array([0.15555556, 0.23333333])
41.3134 	EXP 	unnamed ImageStim: image = <PIL.Image.Image image mode=F size=140x210 at 0x138180390>
41.3134 	EXP 	fixation_cross: autoDraw = True
41.4637 	EXP 	fixation_cross: autoDraw = False
41.7302 	EXP 	unnamed ImageStim: autoDraw = True
42.2135 	EXP 	unnamed ImageStim: autoDraw = False
42.2840 	DATA 	Keypress: q
43.3298 	EXP 	unnamed ImageStim: autoDraw = False
43.3298 	EXP 	fixation_cross: autoDraw = False
43.3298 	EXP 	unnamed ImageStim: size = array([0.15555556, 0.23333333])
43.3298 	EXP 	unnamed ImageStim: image = <PIL.Image.Image image mode=F size=140x210 at 0x138180518>
43.3298 	EXP 	fixation_cross: autoDraw = True
43.4803 	EXP 	fixation_cross: autoDraw = False
43.7462 	EXP 	unnamed ImageStim: autoDraw = True
44.2305 	EXP 	unnamed ImageStim: autoDraw = False
44.3175 	DATA 	Keypress: q
45.3458 	EXP 	unnamed ImageStim: autoDraw = False
45.3458 	EXP 	fixation_cross: autoDraw = False
45.3458 	EXP 	unnamed ImageStim: size = array([0.15555556, 0.23333333])
45.3458 	EXP 	unnamed ImageStim: image = <PIL.Image.Image image mode=F size=140x210 at 0x138180860>
45.3458 	EXP 	fixation_cross: autoDraw = True
45.4970 	EXP 	fixation_cross: autoDraw = False
45.7637 	EXP 	unnamed ImageStim: autoDraw = True
46.2468 	EXP 	unnamed ImageStim: autoDraw = False
46.4173 	DATA 	Keypress: p
47.3795 	EXP 	unnamed ImageStim: autoDraw = False
47.3795 	EXP 	fixation_cross: autoDraw = False
47.3795 	EXP 	unnamed ImageStim: size = array([0.15555556, 0.23333333])
47.3795 	EXP 	unnamed ImageStim: image = <PIL.Image.Image image mode=F size=140x210 at 0x138180B38>
47.3795 	EXP 	fixation_cross: autoDraw = True
47.5136 	EXP 	fixation_cross: autoDraw = False
47.7802 	EXP 	unnamed ImageStim: autoDraw = True
48.2636 	EXP 	unnamed ImageStim: autoDraw = False
48.3496 	DATA 	Keypress: q
49.3963 	EXP 	unnamed ImageStim: autoDraw = False
49.3963 	EXP 	fixation_cross: autoDraw = False
49.3963 	EXP 	unnamed ImageStim: size = array([0.15555556, 0.23333333])
49.3963 	EXP 	unnamed ImageStim: image = <PIL.Image.Image image mode=F size=140x210 at 0x138180C88>
49.3963 	EXP 	fixation_cross: autoDraw = True
49.5470 	EXP 	fixation_cross: autoDraw = False
49.7968 	EXP 	unnamed ImageStim: autoDraw = True
50.2967 	EXP 	unnamed ImageStim: autoDraw = False
50.5172 	DATA 	Keypress: p
51.4135 	EXP 	unnamed ImageStim: autoDraw = False
51.4135 	EXP 	fixation_cross: autoDraw = False
51.4135 	EXP 	unnamed ImageStim: size = array([0.15555556, 0.23333333])
51.4135 	EXP 	unnamed ImageStim: image = <PIL.Image.Image image mode=F size=140x210 at 0x138180F28>
51.4135 	EXP 	fixation_cross: autoDraw = True
51.5635 	EXP 	fixation_cross: autoDraw = False
51.8301 	EXP 	unnamed ImageStim: autoDraw = True
52.3136 	EXP 	unnamed ImageStim: autoDraw = False
52.4838 	DATA 	Keypress: q
53.4300 	EXP 	unnamed ImageStim: autoDraw = False
53.4300 	EXP 	fixation_cross: autoDraw = False
53.4300 	EXP 	unnamed ImageStim: size = array([0.15555556, 0.23333333])
53.4300 	EXP 	unnamed ImageStim: image = <PIL.Image.Image image mode=F size=140x210 at 0x138188160>
53.4300 	EXP 	fixation_cross: autoDraw = True
53.5800 	EXP 	fixation_cross: autoDraw = False
53.8466 	EXP 	unnamed ImageStim: autoDraw = True
54.3300 	EXP 	unnamed ImageStim: autoDraw = False
54.4671 	DATA 	Keypress: p
55.4475 	EXP 	unnamed ImageStim: autoDraw = False
55.4475 	EXP 	fixation_cross: autoDraw = False
55.4475 	EXP 	unnamed ImageStim: size = array([0.15555556, 0.23333333])
55.4475 	EXP 	unnamed ImageStim: image = <PIL.Image.Image image mode=F size=140x210 at 0x138188278>
55.4475 	EXP 	fixation_cross: autoDraw = True
55.5968 	EXP 	fixation_cross: autoDraw = False
55.8634 	EXP 	unnamed ImageStim: autoDraw = True
56.3468 	EXP 	unnamed ImageStim: autoDraw = False
56.4999 	DATA 	Keypress: q
57.4801 	EXP 	unnamed ImageStim: autoDraw = False
57.4801 	EXP 	fixation_cross: autoDraw = False
57.4801 	EXP 	unnamed ImageStim: size = array([0.15555556, 0.23333333])
57.4801 	EXP 	unnamed ImageStim: image = <PIL.Image.Image image mode=F size=140x210 at 0x138188518>
57.4801 	EXP 	fixation_cross: autoDraw = True
57.6301 	EXP 	fixation_cross: autoDraw = False
57.8801 	EXP 	unnamed ImageStim: autoDraw = True
58.3800 	EXP 	unnamed ImageStim: autoDraw = False
58.8005 	DATA 	Keypress: p
59.4968 	EXP 	unnamed ImageStim: autoDraw = False
59.4968 	EXP 	fixation_cross: autoDraw = False
59.4968 	EXP 	unnamed ImageStim: size = array([0.15555556, 0.23333333])
59.4968 	EXP 	unnamed ImageStim: image = <PIL.Image.Image image mode=F size=140x210 at 0x138188550>
59.4968 	EXP 	fixation_cross: autoDraw = True
59.6467 	EXP 	fixation_cross: autoDraw = False
59.9135 	EXP 	unnamed ImageStim: autoDraw = True
60.3968 	EXP 	unnamed ImageStim: autoDraw = False
60.6504 	DATA 	Keypress: p
61.5132 	EXP 	unnamed ImageStim: autoDraw = False
61.5132 	EXP 	fixation_cross: autoDraw = False
61.5132 	EXP 	unnamed ImageStim: size = array([0.15555556, 0.23333333])
61.5132 	EXP 	unnamed ImageStim: image = <PIL.Image.Image image mode=F size=140x210 at 0x138188940>
61.5132 	EXP 	fixation_cross: autoDraw = True
61.6633 	EXP 	fixation_cross: autoDraw = False
61.9302 	EXP 	unnamed ImageStim: autoDraw = True
62.4136 	EXP 	unnamed ImageStim: autoDraw = False
62.6998 	DATA 	Keypress: q
63.5282 	EXP 	unnamed ImageStim: autoDraw = False
63.5282 	EXP 	fixation_cross: autoDraw = False
63.5282 	EXP 	unnamed ImageStim: size = array([0.15555556, 0.23333333])
63.5282 	EXP 	unnamed ImageStim: image = <PIL.Image.Image image mode=F size=140x210 at 0x138188B70>
63.5282 	EXP 	fixation_cross: autoDraw = True
63.6801 	EXP 	fixation_cross: autoDraw = False
63.9465 	EXP 	unnamed ImageStim: autoDraw = True
64.4301 	EXP 	unnamed ImageStim: autoDraw = False
64.4673 	DATA 	Keypress: p
65.5479 	EXP 	unnamed ImageStim: autoDraw = False
65.5479 	EXP 	fixation_cross: autoDraw = False
65.5479 	EXP 	unnamed ImageStim: size = array([0.15555556, 0.23333333])
65.5479 	EXP 	unnamed ImageStim: image = <PIL.Image.Image image mode=F size=140x210 at 0x138188C50>
65.5479 	EXP 	fixation_cross: autoDraw = True
65.6969 	EXP 	fixation_cross: autoDraw = False
65.9633 	EXP 	unnamed ImageStim: autoDraw = True
66.4460 	EXP 	unnamed ImageStim: autoDraw = False
66.6014 	DATA 	Keypress: p
67.5797 	EXP 	unnamed ImageStim: autoDraw = False
67.5797 	EXP 	fixation_cross: autoDraw = False
67.5797 	EXP 	unnamed ImageStim: size = array([0.15555556, 0.23333333])
67.5797 	EXP 	unnamed ImageStim: image = <PIL.Image.Image image mode=F size=140x210 at 0x138188E48>
67.5797 	EXP 	fixation_cross: autoDraw = True
67.7296 	EXP 	fixation_cross: autoDraw = False
67.9800 	EXP 	unnamed ImageStim: autoDraw = True
68.4798 	EXP 	unnamed ImageStim: autoDraw = False
68.5509 	DATA 	Keypress: p
69.5967 	EXP 	unnamed ImageStim: autoDraw = False
69.5967 	EXP 	fixation_cross: autoDraw = False
69.5967 	EXP 	unnamed ImageStim: size = array([0.15555556, 0.23333333])
69.5967 	EXP 	unnamed ImageStim: image = <PIL.Image.Image image mode=F size=140x210 at 0x1381900F0>
69.5967 	EXP 	fixation_cross: autoDraw = True
69.7467 	EXP 	fixation_cross: autoDraw = False
69.9967 	EXP 	unnamed ImageStim: autoDraw = True
70.4966 	EXP 	unnamed ImageStim: autoDraw = False
70.7336 	DATA 	Keypress: q
71.6127 	EXP 	unnamed ImageStim: autoDraw = False
71.6127 	EXP 	fixation_cross: autoDraw = False
71.6127 	EXP 	unnamed ImageStim: size = array([0.15555556, 0.23333333])
71.6127 	EXP 	unnamed ImageStim: image = <PIL.Image.Image image mode=F size=140x210 at 0x138190320>
71.6127 	EXP 	fixation_cross: autoDraw = True
71.7636 	EXP 	fixation_cross: autoDraw = False
72.0299 	EXP 	unnamed ImageStim: autoDraw = True
72.5134 	EXP 	unnamed ImageStim: autoDraw = False
72.8336 	DATA 	Keypress: q
73.6276 	EXP 	unnamed ImageStim: autoDraw = False
73.6276 	EXP 	fixation_cross: autoDraw = False
73.6276 	EXP 	unnamed ImageStim: size = array([0.15555556, 0.23333333])
73.6276 	EXP 	unnamed ImageStim: image = <PIL.Image.Image image mode=F size=140x210 at 0x138190550>
73.6276 	EXP 	fixation_cross: autoDraw = True
73.7799 	EXP 	fixation_cross: autoDraw = False
74.0466 	EXP 	unnamed ImageStim: autoDraw = True
74.5297 	EXP 	unnamed ImageStim: autoDraw = False
74.6995 	DATA 	Keypress: p
75.6624 	EXP 	unnamed ImageStim: autoDraw = False
75.6624 	EXP 	fixation_cross: autoDraw = False
75.6624 	EXP 	unnamed ImageStim: size = array([0.15555556, 0.23333333])
75.6624 	EXP 	unnamed ImageStim: image = <PIL.Image.Image image mode=F size=140x210 at 0x138190470>
75.6624 	EXP 	fixation_cross: autoDraw = True
75.7966 	EXP 	fixation_cross: autoDraw = False
76.0633 	EXP 	unnamed ImageStim: autoDraw = True
76.5466 	EXP 	unnamed ImageStim: autoDraw = False
76.9336 	DATA 	Keypress: q
77.6791 	EXP 	unnamed ImageStim: autoDraw = False
77.6791 	EXP 	fixation_cross: autoDraw = False
77.6791 	EXP 	unnamed ImageStim: size = array([0.15555556, 0.23333333])
77.6791 	EXP 	unnamed ImageStim: image = <PIL.Image.Image image mode=F size=140x210 at 0x138190668>
77.6791 	EXP 	fixation_cross: autoDraw = True
77.8300 	EXP 	fixation_cross: autoDraw = False
78.0799 	EXP 	unnamed ImageStim: autoDraw = True
78.5799 	EXP 	unnamed ImageStim: autoDraw = False
78.6501 	DATA 	Keypress: q
79.6966 	EXP 	unnamed ImageStim: autoDraw = False
79.6966 	EXP 	fixation_cross: autoDraw = False
79.6966 	EXP 	unnamed ImageStim: size = array([0.15555556, 0.23333333])
79.6966 	EXP 	unnamed ImageStim: image = <PIL.Image.Image image mode=F size=140x210 at 0x138190B38>
79.6966 	EXP 	fixation_cross: autoDraw = True
79.8465 	EXP 	fixation_cross: autoDraw = False
80.1130 	EXP 	unnamed ImageStim: autoDraw = True
80.5966 	EXP 	unnamed ImageStim: autoDraw = False
81.2011 	DATA 	Keypress: q
81.7132 	EXP 	unnamed ImageStim: autoDraw = False
81.7132 	EXP 	fixation_cross: autoDraw = False
81.7132 	EXP 	unnamed ImageStim: size = array([0.15555556, 0.23333333])
81.7132 	EXP 	unnamed ImageStim: image = <PIL.Image.Image image mode=F size=140x210 at 0x138190D68>
81.7132 	EXP 	fixation_cross: autoDraw = True
81.8633 	EXP 	fixation_cross: autoDraw = False
82.1296 	EXP 	unnamed ImageStim: autoDraw = True
82.6131 	EXP 	unnamed ImageStim: autoDraw = False
83.0334 	DATA 	Keypress: p
83.7298 	EXP 	unnamed ImageStim: autoDraw = False
83.7298 	EXP 	fixation_cross: autoDraw = False
83.7298 	EXP 	unnamed ImageStim: size = array([0.15555556, 0.23333333])
83.7298 	EXP 	unnamed ImageStim: image = <PIL.Image.Image image mode=F size=140x210 at 0x138190F28>
83.7298 	EXP 	fixation_cross: autoDraw = True
83.8798 	EXP 	fixation_cross: autoDraw = False
84.1463 	EXP 	unnamed ImageStim: autoDraw = True
84.6298 	EXP 	unnamed ImageStim: autoDraw = False
84.7001 	DATA 	Keypress: q
85.7628 	EXP 	unnamed ImageStim: autoDraw = False
85.7628 	EXP 	fixation_cross: autoDraw = False
85.7628 	EXP 	unnamed ImageStim: size = array([0.15555556, 0.23333333])
85.7628 	EXP 	unnamed ImageStim: image = <PIL.Image.Image image mode=F size=140x210 at 0x138196160>
85.7628 	EXP 	fixation_cross: autoDraw = True
85.8961 	EXP 	fixation_cross: autoDraw = False
86.1629 	EXP 	unnamed ImageStim: autoDraw = True
86.6463 	EXP 	unnamed ImageStim: autoDraw = False
86.9668 	DATA 	Keypress: p
87.7798 	EXP 	unnamed ImageStim: autoDraw = False
87.7798 	EXP 	fixation_cross: autoDraw = False
87.7798 	EXP 	unnamed ImageStim: size = array([0.15555556, 0.23333333])
87.7798 	EXP 	unnamed ImageStim: image = <PIL.Image.Image image mode=F size=140x210 at 0x138196358>
87.7798 	EXP 	fixation_cross: autoDraw = True
87.9131 	EXP 	fixation_cross: autoDraw = False
88.1797 	EXP 	unnamed ImageStim: autoDraw = True
88.6797 	EXP 	unnamed ImageStim: autoDraw = False
88.8000 	DATA 	Keypress: p
89.7957 	EXP 	unnamed ImageStim: autoDraw = False
89.7957 	EXP 	fixation_cross: autoDraw = False
89.7957 	EXP 	unnamed ImageStim: size = array([0.15555556, 0.23333333])
89.7957 	EXP 	unnamed ImageStim: image = <PIL.Image.Image image mode=F size=140x210 at 0x1381962B0>
89.7957 	EXP 	fixation_cross: autoDraw = True
89.9465 	EXP 	fixation_cross: autoDraw = False
90.1966 	EXP 	unnamed ImageStim: autoDraw = True
90.6963 	EXP 	unnamed ImageStim: autoDraw = False
91.2000 	DATA 	Keypress: q
91.8130 	EXP 	unnamed ImageStim: autoDraw = False
91.8130 	EXP 	fixation_cross: autoDraw = False
91.8130 	EXP 	unnamed ImageStim: size = array([0.15555556, 0.23333333])
91.8130 	EXP 	unnamed ImageStim: image = <PIL.Image.Image image mode=F size=140x210 at 0x138196518>
91.8130 	EXP 	fixation_cross: autoDraw = True
91.9630 	EXP 	fixation_cross: autoDraw = False
92.2296 	EXP 	unnamed ImageStim: autoDraw = True
92.7128 	EXP 	unnamed ImageStim: autoDraw = False
92.8336 	DATA 	Keypress: q
93.8291 	EXP 	unnamed ImageStim: autoDraw = False
93.8291 	EXP 	fixation_cross: autoDraw = False
93.8291 	EXP 	unnamed ImageStim: size = array([0.15555556, 0.23333333])
93.8291 	EXP 	unnamed ImageStim: image = <PIL.Image.Image image mode=F size=140x210 at 0x138196978>
93.8291 	EXP 	fixation_cross: autoDraw = True
93.9795 	EXP 	fixation_cross: autoDraw = False
94.2461 	EXP 	unnamed ImageStim: autoDraw = True
94.7296 	EXP 	unnamed ImageStim: autoDraw = False
94.8335 	DATA 	Keypress: q
95.8458 	EXP 	unnamed ImageStim: autoDraw = False
95.8458 	EXP 	fixation_cross: autoDraw = False
95.8458 	EXP 	unnamed ImageStim: size = array([0.15555556, 0.23333333])
95.8458 	EXP 	unnamed ImageStim: image = <PIL.Image.Image image mode=F size=140x210 at 0x138196B70>
95.8458 	EXP 	fixation_cross: autoDraw = True
95.9963 	EXP 	fixation_cross: autoDraw = False
96.2629 	EXP 	unnamed ImageStim: autoDraw = True
96.7461 	EXP 	unnamed ImageStim: autoDraw = False
96.9999 	DATA 	Keypress: q
97.8795 	EXP 	unnamed ImageStim: autoDraw = False
97.8795 	EXP 	fixation_cross: autoDraw = False
97.8795 	EXP 	unnamed ImageStim: size = array([0.15555556, 0.23333333])
97.8795 	EXP 	unnamed ImageStim: image = <PIL.Image.Image image mode=F size=140x210 at 0x138196D68>
97.8795 	EXP 	fixation_cross: autoDraw = True
98.0128 	EXP 	fixation_cross: autoDraw = False
98.2796 	EXP 	unnamed ImageStim: autoDraw = True
98.7628 	EXP 	unnamed ImageStim: autoDraw = False
99.2327 	DATA 	Keypress: p
99.8961 	EXP 	unnamed ImageStim: autoDraw = False
99.8961 	EXP 	fixation_cross: autoDraw = False
99.8961 	EXP 	unnamed ImageStim: size = array([0.15555556, 0.23333333])
99.8961 	EXP 	unnamed ImageStim: image = <PIL.Image.Image image mode=F size=140x210 at 0x138196F60>
99.8961 	EXP 	fixation_cross: autoDraw = True
100.0463 	EXP 	fixation_cross: autoDraw = False
100.2961 	EXP 	unnamed ImageStim: autoDraw = True
100.7961 	EXP 	unnamed ImageStim: autoDraw = False
101.3496 	DATA 	Keypress: q
101.9129 	EXP 	unnamed ImageStim: autoDraw = False
101.9129 	EXP 	fixation_cross: autoDraw = False
101.9129 	EXP 	unnamed ImageStim: size = array([0.15555556, 0.23333333])
101.9129 	EXP 	unnamed ImageStim: image = <PIL.Image.Image image mode=F size=140x210 at 0x1307900F0>
101.9129 	EXP 	fixation_cross: autoDraw = True
102.0629 	EXP 	fixation_cross: autoDraw = False
102.3295 	EXP 	unnamed ImageStim: autoDraw = True
102.8129 	EXP 	unnamed ImageStim: autoDraw = False
103.2000 	DATA 	Keypress: p
103.9296 	EXP 	unnamed ImageStim: autoDraw = False
103.9296 	EXP 	fixation_cross: autoDraw = False
103.9296 	EXP 	unnamed ImageStim: size = array([0.15555556, 0.23333333])
103.9296 	EXP 	unnamed ImageStim: image = <PIL.Image.Image image mode=F size=140x210 at 0x130790278>
103.9296 	EXP 	fixation_cross: autoDraw = True
104.0795 	EXP 	fixation_cross: autoDraw = False
104.3462 	EXP 	unnamed ImageStim: autoDraw = True
104.8295 	EXP 	unnamed ImageStim: autoDraw = False
106.2665 	DATA 	Keypress: p
106.2953 	EXP 	unnamed ImageStim: autoDraw = False
106.2953 	EXP 	fixation_cross: autoDraw = False
106.2953 	EXP 	unnamed ImageStim: size = array([0.15555556, 0.23333333])
106.2953 	EXP 	unnamed ImageStim: image = <PIL.Image.Image image mode=F size=140x210 at 0x130790320>
106.2953 	EXP 	fixation_cross: autoDraw = True
106.4295 	EXP 	fixation_cross: autoDraw = False
106.6960 	EXP 	unnamed ImageStim: autoDraw = True
107.1796 	EXP 	unnamed ImageStim: autoDraw = False
107.7824 	DATA 	Keypress: p
108.3119 	EXP 	unnamed ImageStim: autoDraw = False
108.3119 	EXP 	fixation_cross: autoDraw = False
108.3119 	EXP 	unnamed ImageStim: size = array([0.15555556, 0.23333333])
108.3119 	EXP 	unnamed ImageStim: image = <PIL.Image.Image image mode=F size=140x210 at 0x130790780>
108.3119 	EXP 	fixation_cross: autoDraw = True
108.4628 	EXP 	fixation_cross: autoDraw = False
108.7128 	EXP 	unnamed ImageStim: autoDraw = True
109.2128 	EXP 	unnamed ImageStim: autoDraw = False
109.3332 	DATA 	Keypress: q
115.5987 	EXP 	window1: mouseVisible = True
