1.2953 	WARNING 	sounddevice audio lib was requested but not loaded: sounddevice not working
7.9674 	WARNING 	User requested fullscreen with size [1024  768], but screen is actually [1440, 900]. Using actual size
8.6396 	EXP 	Created window1 = Window(allowGUI=False, allowStencil=False, args=UNKNOWN, autoLog=True, bitsMode=UNKNOWN, blendMode='avg', color=array([0., 0., 0.]), colorSpace='rgb', fullscr=<method-wrapper '__getattribute__' of attributeSetter object at 0x127dddba8>, gamma=None, kwargs=UNKNOWN, lms=UNKNOWN, monitor=<psychopy.monitors.calibTools.Monitor object at 0x12b695a58>, multiSample=False, name='window1', numSamples=2, pos=[0.0, 0.0], screen=0, size=array([2880, 1800]), stereo=False, units='height', useFBO=True, useRetina=True, viewOri=0.0, viewPos=None, viewScale=None, waitBlanking=True, winType='pyglet')
8.6396 	EXP 	window1: recordFrameIntervals = False
8.8067 	EXP 	window1: recordFrameIntervals = True
8.9890 	EXP 	window1: recordFrameIntervals = False
8.9992 	EXP 	Created fixation_cross = ShapeStim(__class__=<class 'psychopy.visual.shape.ShapeStim'>, autoDraw=False, autoLog=True, closeShape=True, contrast=1.0, depth=-1.0, fillColor=array([1., 1., 1.]), fillColorSpace='rgb', interpolate=True, lineColor=array([1., 1., 1.]), lineColorSpace='rgb', lineWidth=0.001, name='fixation_cross', opacity=1.0, ori=array(0.), pos=array([0., 0.]), size=array([0.01, 0.01]), units='height', vertices=ndarray(...), win=Window(...), windingRule=None)
9.0479 	EXP 	Created unnamed ImageStim = ImageStim(__class__=<class 'psychopy.visual.image.ImageStim'>, autoLog=True, color=array([1., 1., 1.]), colorSpace='rgb', contrast=1.0, depth=0, flipHoriz=False, flipVert=False, image=BmpImageFile(...), interpolate=False, mask=None, maskParams=None, name='unnamed ImageStim', opacity=1.0, ori=0.0, pos=array([-0.25,  0.1 ]), size=array([0.29222222, 0.29222222]), texRes=128, units='height', win=Window(...))
9.0502 	EXP 	Created unnamed ImageStim = ImageStim(__class__=<class 'psychopy.visual.image.ImageStim'>, autoLog=True, color=array([1., 1., 1.]), colorSpace='rgb', contrast=1.0, depth=0, flipHoriz=False, flipVert=False, image=BmpImageFile(...), interpolate=False, mask=None, maskParams=None, name='unnamed ImageStim', opacity=1.0, ori=0.0, pos=array([0.25, 0.1 ]), size=array([0.29222222, 0.29222222]), texRes=128, units='height', win=Window(...))
9.1272 	EXP 	Created unnamed TextStim = TextStim(__class__=<class 'psychopy.visual.text.TextStim'>, alignHoriz='center', alignVert='center', antialias=True, autoLog=True, bold=False, color=array([1., 1., 1.]), colorSpace='rgb', contrast=1.0, depth=0, flipHoriz=False, flipVert=False, font='', fontFiles=[], height=0.2, italic=False, languageStyle='LTR', name='unnamed TextStim', opacity=1.0, ori=0.0, pos=array([-0.25, -0.1 ]), rgb=array([1., 1., 1.]), text='q', units='height', win=Window(...), wrapWidth=1)
9.1316 	EXP 	Created unnamed TextStim = TextStim(__class__=<class 'psychopy.visual.text.TextStim'>, alignHoriz='center', alignVert='center', antialias=True, autoLog=True, bold=False, color=array([1., 1., 1.]), colorSpace='rgb', contrast=1.0, depth=0, flipHoriz=False, flipVert=False, font='', fontFiles=[], height=0.2, italic=False, languageStyle='LTR', name='unnamed TextStim', opacity=1.0, ori=0.0, pos=array([ 0.25, -0.1 ]), rgb=array([1., 1., 1.]), text='p', units='height', win=Window(...), wrapWidth=1)
9.1472 	EXP 	Created unnamed TextStim = TextStim(__class__=<class 'psychopy.visual.text.TextStim'>, alignHoriz='center', alignVert='center', antialias=True, autoLog=True, bold=False, color=array([1., 1., 1.]), colorSpace='rgb', contrast=1.0, depth=0, flipHoriz=False, flipVert=False, font='', fontFiles=[], height=0.07, italic=False, languageStyle='LTR', name='unnamed TextStim', opacity=1.0, ori=0.0, pos=array([ 0. , -0.4]), rgb=array([1., 1., 1.]), text='Press spacebar to continue', units='height', win=Window(...), wrapWidth=1)
9.1743 	EXP 	unnamed ImageStim: autoDraw = True
9.1743 	EXP 	unnamed ImageStim: autoDraw = True
9.1743 	EXP 	unnamed TextStim: autoDraw = True
9.1743 	EXP 	unnamed TextStim: autoDraw = True
9.1743 	EXP 	unnamed TextStim: autoDraw = True
10.6257 	DATA 	Keypress: space
10.7627 	EXP 	Created unnamed ImageStim = ImageStim(__class__=<class 'psychopy.visual.image.ImageStim'>, autoLog=True, color=array([1., 1., 1.]), colorSpace='rgb', contrast=1.0, depth=0, flipHoriz=False, flipVert=False, image=BmpImageFile(...), interpolate=False, mask=None, maskParams=None, name='unnamed ImageStim', opacity=1.0, ori=0.0, pos=array([0., 0.]), size=array([0.29222222, 0.29222222]), texRes=128, units='height', win=Window(...))
10.8090 	DATA 	Keypress: q
10.8239 	EXP 	unnamed ImageStim: autoDraw = False
10.8239 	EXP 	unnamed ImageStim: autoDraw = False
10.8239 	EXP 	unnamed TextStim: autoDraw = False
10.8239 	EXP 	unnamed TextStim: autoDraw = False
10.8239 	EXP 	unnamed TextStim: autoDraw = False
10.8239 	EXP 	unnamed ImageStim: size = array([0.29222222, 0.29222222])
10.8239 	EXP 	unnamed ImageStim: image = <PIL.Image.Image image mode=F size=263x263 at 0x12B51B240>
10.8239 	EXP 	fixation_cross: autoDraw = True
10.9731 	EXP 	fixation_cross: autoDraw = False
11.2403 	EXP 	unnamed ImageStim: autoDraw = True
11.7224 	EXP 	unnamed ImageStim: autoDraw = False
11.8585 	DATA 	Keypress: p
12.8369 	EXP 	unnamed ImageStim: autoDraw = False
12.8369 	EXP 	fixation_cross: autoDraw = False
12.8369 	EXP 	unnamed ImageStim: size = array([0.29222222, 0.29222222])
12.8369 	EXP 	unnamed ImageStim: image = <PIL.Image.Image image mode=F size=263x263 at 0x12B51B780>
12.8369 	EXP 	fixation_cross: autoDraw = True
12.9896 	EXP 	fixation_cross: autoDraw = False
13.2558 	EXP 	unnamed ImageStim: autoDraw = True
13.7397 	EXP 	unnamed ImageStim: autoDraw = False
13.7419 	DATA 	Keypress: p
14.8733 	EXP 	unnamed ImageStim: autoDraw = False
14.8733 	EXP 	fixation_cross: autoDraw = False
14.8733 	EXP 	unnamed ImageStim: size = array([0.29222222, 0.29222222])
14.8733 	EXP 	unnamed ImageStim: image = <PIL.Image.Image image mode=F size=263x263 at 0x12B51B9B0>
14.8733 	EXP 	fixation_cross: autoDraw = True
15.0058 	EXP 	fixation_cross: autoDraw = False
15.2735 	EXP 	unnamed ImageStim: autoDraw = True
15.6580 	DATA 	Keypress: p
16.8896 	EXP 	unnamed ImageStim: autoDraw = False
16.8896 	EXP 	fixation_cross: autoDraw = False
16.8896 	EXP 	unnamed ImageStim: size = array([0.29222222, 0.29222222])
16.8896 	EXP 	unnamed ImageStim: image = <PIL.Image.Image image mode=F size=263x263 at 0x12B51BBE0>
16.8896 	EXP 	fixation_cross: autoDraw = True
17.0396 	EXP 	fixation_cross: autoDraw = False
17.2896 	EXP 	unnamed ImageStim: autoDraw = True
17.7087 	DATA 	Keypress: p
18.9066 	EXP 	unnamed ImageStim: autoDraw = False
18.9066 	EXP 	fixation_cross: autoDraw = False
18.9066 	EXP 	unnamed ImageStim: size = array([0.29222222, 0.29222222])
18.9066 	EXP 	unnamed ImageStim: image = <PIL.Image.Image image mode=F size=263x263 at 0x12B51BD68>
18.9066 	EXP 	fixation_cross: autoDraw = True
19.0565 	EXP 	fixation_cross: autoDraw = False
19.3234 	EXP 	unnamed ImageStim: autoDraw = True
19.8060 	EXP 	unnamed ImageStim: autoDraw = False
19.8248 	DATA 	Keypress: q
20.9239 	EXP 	unnamed ImageStim: autoDraw = False
20.9239 	EXP 	fixation_cross: autoDraw = False
20.9239 	EXP 	unnamed ImageStim: size = array([0.29222222, 0.29222222])
20.9239 	EXP 	unnamed ImageStim: image = <PIL.Image.Image image mode=F size=263x263 at 0x12B51BF98>
20.9239 	EXP 	fixation_cross: autoDraw = True
21.0725 	EXP 	fixation_cross: autoDraw = False
21.3395 	EXP 	unnamed ImageStim: autoDraw = True
21.7749 	DATA 	Keypress: p
22.9565 	EXP 	unnamed ImageStim: autoDraw = False
22.9565 	EXP 	fixation_cross: autoDraw = False
22.9565 	EXP 	unnamed ImageStim: size = array([0.29222222, 0.29222222])
22.9565 	EXP 	unnamed ImageStim: image = <PIL.Image.Image image mode=F size=263x263 at 0x12B49E0F0>
22.9565 	EXP 	fixation_cross: autoDraw = True
23.1058 	EXP 	fixation_cross: autoDraw = False
23.3562 	EXP 	unnamed ImageStim: autoDraw = True
23.8562 	EXP 	unnamed ImageStim: autoDraw = False
23.9253 	DATA 	Keypress: p
24.9728 	EXP 	unnamed ImageStim: autoDraw = False
24.9728 	EXP 	fixation_cross: autoDraw = False
24.9728 	EXP 	unnamed ImageStim: size = array([0.29222222, 0.29222222])
24.9728 	EXP 	unnamed ImageStim: image = <PIL.Image.Image image mode=F size=263x263 at 0x12B49E358>
24.9728 	EXP 	fixation_cross: autoDraw = True
25.1235 	EXP 	fixation_cross: autoDraw = False
25.3901 	EXP 	unnamed ImageStim: autoDraw = True
25.8603 	DATA 	Keypress: q
25.8731 	EXP 	unnamed ImageStim: autoDraw = False
26.9889 	EXP 	unnamed ImageStim: autoDraw = False
26.9889 	EXP 	fixation_cross: autoDraw = False
26.9889 	EXP 	unnamed ImageStim: size = array([0.29222222, 0.29222222])
26.9889 	EXP 	unnamed ImageStim: image = <PIL.Image.Image image mode=F size=263x263 at 0x12B49E390>
26.9889 	EXP 	fixation_cross: autoDraw = True
27.1398 	EXP 	fixation_cross: autoDraw = False
27.4065 	EXP 	unnamed ImageStim: autoDraw = True
27.8899 	EXP 	unnamed ImageStim: autoDraw = False
28.0269 	DATA 	Keypress: p
29.0243 	EXP 	unnamed ImageStim: autoDraw = False
29.0243 	EXP 	fixation_cross: autoDraw = False
29.0243 	EXP 	unnamed ImageStim: size = array([0.29222222, 0.29222222])
29.0243 	EXP 	unnamed ImageStim: image = <PIL.Image.Image image mode=F size=263x263 at 0x12B49E4A8>
29.0243 	EXP 	fixation_cross: autoDraw = True
29.1568 	EXP 	fixation_cross: autoDraw = False
29.4232 	EXP 	unnamed ImageStim: autoDraw = True
29.9060 	EXP 	unnamed ImageStim: autoDraw = False
29.9098 	DATA 	Keypress: p
31.0395 	EXP 	unnamed ImageStim: autoDraw = False
31.0395 	EXP 	fixation_cross: autoDraw = False
31.0395 	EXP 	unnamed ImageStim: size = array([0.29222222, 0.29222222])
31.0395 	EXP 	unnamed ImageStim: image = <PIL.Image.Image image mode=F size=263x263 at 0x12B49E978>
31.0395 	EXP 	fixation_cross: autoDraw = True
31.1898 	EXP 	fixation_cross: autoDraw = False
31.4564 	EXP 	unnamed ImageStim: autoDraw = True
31.9399 	EXP 	unnamed ImageStim: autoDraw = False
32.0436 	DATA 	Keypress: q
33.0566 	EXP 	unnamed ImageStim: autoDraw = False
33.0566 	EXP 	fixation_cross: autoDraw = False
33.0566 	EXP 	unnamed ImageStim: size = array([0.29222222, 0.29222222])
33.0566 	EXP 	unnamed ImageStim: image = <PIL.Image.Image image mode=F size=263x263 at 0x12B49EB00>
33.0566 	EXP 	fixation_cross: autoDraw = True
33.2063 	EXP 	fixation_cross: autoDraw = False
33.4732 	EXP 	unnamed ImageStim: autoDraw = True
33.9565 	EXP 	unnamed ImageStim: autoDraw = False
34.0100 	DATA 	Keypress: p
35.0892 	EXP 	unnamed ImageStim: autoDraw = False
35.0892 	EXP 	fixation_cross: autoDraw = False
35.0892 	EXP 	unnamed ImageStim: size = array([0.29222222, 0.29222222])
35.0892 	EXP 	unnamed ImageStim: image = <PIL.Image.Image image mode=F size=263x263 at 0x12B49EB38>
35.0892 	EXP 	fixation_cross: autoDraw = True
35.2230 	EXP 	fixation_cross: autoDraw = False
35.4897 	EXP 	unnamed ImageStim: autoDraw = True
35.9730 	EXP 	unnamed ImageStim: autoDraw = False
36.0100 	DATA 	Keypress: q
37.1061 	EXP 	unnamed ImageStim: autoDraw = False
37.1061 	EXP 	fixation_cross: autoDraw = False
37.1061 	EXP 	unnamed ImageStim: size = array([0.29222222, 0.29222222])
37.1061 	EXP 	unnamed ImageStim: image = <PIL.Image.Image image mode=F size=263x263 at 0x12B49ED30>
37.1061 	EXP 	fixation_cross: autoDraw = True
37.2565 	EXP 	fixation_cross: autoDraw = False
37.5065 	EXP 	unnamed ImageStim: autoDraw = True
38.0063 	EXP 	unnamed ImageStim: autoDraw = False
38.0766 	DATA 	Keypress: p
39.1223 	EXP 	unnamed ImageStim: autoDraw = False
39.1223 	EXP 	fixation_cross: autoDraw = False
39.1223 	EXP 	unnamed ImageStim: size = array([0.29222222, 0.29222222])
39.1223 	EXP 	unnamed ImageStim: image = <PIL.Image.Image image mode=F size=263x263 at 0x12B4A4160>
39.1223 	EXP 	fixation_cross: autoDraw = True
39.2732 	EXP 	fixation_cross: autoDraw = False
39.5395 	EXP 	unnamed ImageStim: autoDraw = True
40.0230 	EXP 	unnamed ImageStim: autoDraw = False
40.1103 	DATA 	Keypress: p
41.1389 	EXP 	unnamed ImageStim: autoDraw = False
41.1389 	EXP 	fixation_cross: autoDraw = False
41.1389 	EXP 	unnamed ImageStim: size = array([0.29222222, 0.29222222])
41.1389 	EXP 	unnamed ImageStim: image = <PIL.Image.Image image mode=F size=263x263 at 0x12B4A4278>
41.1389 	EXP 	fixation_cross: autoDraw = True
41.2898 	EXP 	fixation_cross: autoDraw = False
41.5563 	EXP 	unnamed ImageStim: autoDraw = True
42.0397 	EXP 	unnamed ImageStim: autoDraw = False
42.5769 	DATA 	Keypress: p
43.1724 	EXP 	unnamed ImageStim: autoDraw = False
43.1724 	EXP 	fixation_cross: autoDraw = False
43.1724 	EXP 	unnamed ImageStim: size = array([0.29222222, 0.29222222])
43.1724 	EXP 	unnamed ImageStim: image = <PIL.Image.Image image mode=F size=263x263 at 0x12B4A4320>
43.1724 	EXP 	fixation_cross: autoDraw = True
43.3064 	EXP 	fixation_cross: autoDraw = False
43.5732 	EXP 	unnamed ImageStim: autoDraw = True
44.0562 	EXP 	unnamed ImageStim: autoDraw = False
45.1768 	DATA 	Keypress: p
45.2057 	EXP 	unnamed ImageStim: autoDraw = False
45.2057 	EXP 	fixation_cross: autoDraw = False
45.2057 	EXP 	unnamed ImageStim: size = array([0.29222222, 0.29222222])
45.2057 	EXP 	unnamed ImageStim: image = <PIL.Image.Image image mode=F size=263x263 at 0x12B4A4518>
45.2057 	EXP 	fixation_cross: autoDraw = True
45.3565 	EXP 	fixation_cross: autoDraw = False
45.6063 	EXP 	unnamed ImageStim: autoDraw = True
46.1065 	EXP 	unnamed ImageStim: autoDraw = False
46.5258 	DATA 	Keypress: q
47.2231 	EXP 	unnamed ImageStim: autoDraw = False
47.2231 	EXP 	fixation_cross: autoDraw = False
47.2231 	EXP 	unnamed ImageStim: size = array([0.29222222, 0.29222222])
47.2231 	EXP 	unnamed ImageStim: image = <PIL.Image.Image image mode=F size=263x263 at 0x12B4A4978>
47.2231 	EXP 	fixation_cross: autoDraw = True
47.3731 	EXP 	fixation_cross: autoDraw = False
47.6395 	EXP 	unnamed ImageStim: autoDraw = True
48.1229 	EXP 	unnamed ImageStim: autoDraw = False
48.3267 	DATA 	Keypress: q
49.2384 	EXP 	unnamed ImageStim: autoDraw = False
49.2384 	EXP 	fixation_cross: autoDraw = False
49.2384 	EXP 	unnamed ImageStim: size = array([0.29222222, 0.29222222])
49.2384 	EXP 	unnamed ImageStim: image = <PIL.Image.Image image mode=F size=263x263 at 0x12B4A4B70>
49.2384 	EXP 	fixation_cross: autoDraw = True
49.3891 	EXP 	fixation_cross: autoDraw = False
49.6562 	EXP 	unnamed ImageStim: autoDraw = True
50.1396 	EXP 	unnamed ImageStim: autoDraw = False
50.5259 	DATA 	Keypress: q
51.2722 	EXP 	unnamed ImageStim: autoDraw = False
51.2722 	EXP 	fixation_cross: autoDraw = False
51.2722 	EXP 	unnamed ImageStim: size = array([0.29222222, 0.29222222])
51.2722 	EXP 	unnamed ImageStim: image = <PIL.Image.Image image mode=F size=263x263 at 0x12B4A4B38>
51.2722 	EXP 	fixation_cross: autoDraw = True
51.4230 	EXP 	fixation_cross: autoDraw = False
51.6728 	EXP 	unnamed ImageStim: autoDraw = True
52.1730 	EXP 	unnamed ImageStim: autoDraw = False
52.4767 	DATA 	Keypress: p
53.2895 	EXP 	unnamed ImageStim: autoDraw = False
53.2895 	EXP 	fixation_cross: autoDraw = False
53.2895 	EXP 	unnamed ImageStim: size = array([0.29222222, 0.29222222])
53.2895 	EXP 	unnamed ImageStim: image = <PIL.Image.Image image mode=F size=263x263 at 0x12B4A4F60>
53.2895 	EXP 	fixation_cross: autoDraw = True
53.4397 	EXP 	fixation_cross: autoDraw = False
53.7064 	EXP 	unnamed ImageStim: autoDraw = True
54.1897 	EXP 	unnamed ImageStim: autoDraw = False
54.7099 	DATA 	Keypress: q
55.3063 	EXP 	unnamed ImageStim: autoDraw = False
55.3063 	EXP 	fixation_cross: autoDraw = False
55.3063 	EXP 	unnamed ImageStim: size = array([0.29222222, 0.29222222])
55.3063 	EXP 	unnamed ImageStim: image = <PIL.Image.Image image mode=F size=263x263 at 0x12B4AB160>
55.3063 	EXP 	fixation_cross: autoDraw = True
55.4563 	EXP 	fixation_cross: autoDraw = False
55.7229 	EXP 	unnamed ImageStim: autoDraw = True
56.2063 	EXP 	unnamed ImageStim: autoDraw = False
56.4102 	DATA 	Keypress: p
57.3393 	EXP 	unnamed ImageStim: autoDraw = False
57.3393 	EXP 	fixation_cross: autoDraw = False
57.3393 	EXP 	unnamed ImageStim: size = array([0.29222222, 0.29222222])
57.3393 	EXP 	unnamed ImageStim: image = <PIL.Image.Image image mode=F size=263x263 at 0x12B4AB320>
57.3393 	EXP 	fixation_cross: autoDraw = True
57.4729 	EXP 	fixation_cross: autoDraw = False
57.7396 	EXP 	unnamed ImageStim: autoDraw = True
58.2228 	EXP 	unnamed ImageStim: autoDraw = False
58.6260 	DATA 	Keypress: p
59.3544 	EXP 	unnamed ImageStim: autoDraw = False
59.3544 	EXP 	fixation_cross: autoDraw = False
59.3544 	EXP 	unnamed ImageStim: size = array([0.29222222, 0.29222222])
59.3544 	EXP 	unnamed ImageStim: image = <PIL.Image.Image image mode=F size=263x263 at 0x12B4AB588>
59.3544 	EXP 	fixation_cross: autoDraw = True
59.5063 	EXP 	fixation_cross: autoDraw = False
59.7563 	EXP 	unnamed ImageStim: autoDraw = True
60.2563 	EXP 	unnamed ImageStim: autoDraw = False
60.4098 	DATA 	Keypress: q
61.3720 	EXP 	unnamed ImageStim: autoDraw = False
61.3720 	EXP 	fixation_cross: autoDraw = False
61.3720 	EXP 	unnamed ImageStim: size = array([0.29222222, 0.29222222])
61.3720 	EXP 	unnamed ImageStim: image = <PIL.Image.Image image mode=F size=263x263 at 0x12B4AB780>
61.3720 	EXP 	fixation_cross: autoDraw = True
61.5229 	EXP 	fixation_cross: autoDraw = False
61.7894 	EXP 	unnamed ImageStim: autoDraw = True
62.2729 	EXP 	unnamed ImageStim: autoDraw = False
62.3597 	DATA 	Keypress: q
63.4061 	EXP 	unnamed ImageStim: autoDraw = False
63.4061 	EXP 	fixation_cross: autoDraw = False
63.4061 	EXP 	unnamed ImageStim: size = array([0.29222222, 0.29222222])
63.4061 	EXP 	unnamed ImageStim: image = <PIL.Image.Image image mode=F size=263x263 at 0x12B4AB748>
63.4061 	EXP 	fixation_cross: autoDraw = True
63.5394 	EXP 	fixation_cross: autoDraw = False
63.8062 	EXP 	unnamed ImageStim: autoDraw = True
64.2895 	EXP 	unnamed ImageStim: autoDraw = False
64.6596 	DATA 	Keypress: q
65.4221 	EXP 	unnamed ImageStim: autoDraw = False
65.4221 	EXP 	fixation_cross: autoDraw = False
65.4221 	EXP 	unnamed ImageStim: size = array([0.29222222, 0.29222222])
65.4221 	EXP 	unnamed ImageStim: image = <PIL.Image.Image image mode=F size=263x263 at 0x12B4ABB38>
65.4221 	EXP 	fixation_cross: autoDraw = True
65.5728 	EXP 	fixation_cross: autoDraw = False
65.8228 	EXP 	unnamed ImageStim: autoDraw = True
66.3226 	EXP 	unnamed ImageStim: autoDraw = False
66.5761 	DATA 	Keypress: p
67.4388 	EXP 	unnamed ImageStim: autoDraw = False
67.4388 	EXP 	fixation_cross: autoDraw = False
67.4388 	EXP 	unnamed ImageStim: size = array([0.29222222, 0.29222222])
67.4388 	EXP 	unnamed ImageStim: image = <PIL.Image.Image image mode=F size=263x263 at 0x12B4ABA90>
67.4388 	EXP 	fixation_cross: autoDraw = True
67.5895 	EXP 	fixation_cross: autoDraw = False
67.8561 	EXP 	unnamed ImageStim: autoDraw = True
68.3395 	EXP 	unnamed ImageStim: autoDraw = False
68.5098 	DATA 	Keypress: q
69.4559 	EXP 	unnamed ImageStim: autoDraw = False
69.4559 	EXP 	fixation_cross: autoDraw = False
69.4559 	EXP 	unnamed ImageStim: size = array([0.29222222, 0.29222222])
69.4559 	EXP 	unnamed ImageStim: image = <PIL.Image.Image image mode=F size=263x263 at 0x12B4ABD30>
69.4559 	EXP 	fixation_cross: autoDraw = True
69.6062 	EXP 	fixation_cross: autoDraw = False
69.8727 	EXP 	unnamed ImageStim: autoDraw = True
70.3559 	EXP 	unnamed ImageStim: autoDraw = False
70.6098 	DATA 	Keypress: q
71.4887 	EXP 	unnamed ImageStim: autoDraw = False
71.4887 	EXP 	fixation_cross: autoDraw = False
71.4887 	EXP 	unnamed ImageStim: size = array([0.29222222, 0.29222222])
71.4887 	EXP 	unnamed ImageStim: image = <PIL.Image.Image image mode=F size=263x263 at 0x12B4B5128>
71.4887 	EXP 	fixation_cross: autoDraw = True
71.6393 	EXP 	fixation_cross: autoDraw = False
71.8892 	EXP 	unnamed ImageStim: autoDraw = True
71.9415 	DATA 	Keypress: backspace
72.3894 	EXP 	unnamed ImageStim: autoDraw = False
72.6764 	DATA 	Keypress: p
73.5054 	EXP 	unnamed ImageStim: autoDraw = False
73.5054 	EXP 	fixation_cross: autoDraw = False
73.5054 	EXP 	unnamed ImageStim: size = array([0.29222222, 0.29222222])
73.5054 	EXP 	unnamed ImageStim: image = <PIL.Image.Image image mode=F size=263x263 at 0x12B4B5390>
73.5054 	EXP 	fixation_cross: autoDraw = True
73.6562 	EXP 	fixation_cross: autoDraw = False
73.9225 	EXP 	unnamed ImageStim: autoDraw = True
74.4059 	EXP 	unnamed ImageStim: autoDraw = False
74.6767 	DATA 	Keypress: q
75.5205 	EXP 	unnamed ImageStim: autoDraw = False
75.5205 	EXP 	fixation_cross: autoDraw = False
75.5205 	EXP 	unnamed ImageStim: size = array([0.29222222, 0.29222222])
75.5205 	EXP 	unnamed ImageStim: image = <PIL.Image.Image image mode=F size=263x263 at 0x12B4B5358>
75.5205 	EXP 	fixation_cross: autoDraw = True
75.6728 	EXP 	fixation_cross: autoDraw = False
75.9393 	EXP 	unnamed ImageStim: autoDraw = True
76.4225 	EXP 	unnamed ImageStim: autoDraw = False
78.5205 	EXP 	unnamed ImageStim: autoDraw = False
78.5205 	EXP 	fixation_cross: autoDraw = False
78.5205 	EXP 	unnamed ImageStim: size = array([0.29222222, 0.29222222])
78.5205 	EXP 	unnamed ImageStim: image = <PIL.Image.Image image mode=F size=263x263 at 0x12B4B56A0>
78.5205 	EXP 	fixation_cross: autoDraw = True
78.6721 	EXP 	fixation_cross: autoDraw = False
78.9388 	EXP 	unnamed ImageStim: autoDraw = True
79.4227 	EXP 	unnamed ImageStim: autoDraw = False
80.1101 	DATA 	Keypress: p
80.5561 	EXP 	unnamed ImageStim: autoDraw = False
80.5561 	EXP 	fixation_cross: autoDraw = False
80.5561 	EXP 	unnamed ImageStim: size = array([0.29222222, 0.29222222])
80.5561 	EXP 	unnamed ImageStim: image = <PIL.Image.Image image mode=F size=263x263 at 0x12B4B54A8>
80.5561 	EXP 	fixation_cross: autoDraw = True
80.6888 	EXP 	fixation_cross: autoDraw = False
80.9555 	EXP 	unnamed ImageStim: autoDraw = True
81.4390 	EXP 	unnamed ImageStim: autoDraw = False
82.9261 	DATA 	Keypress: p
82.9552 	EXP 	unnamed ImageStim: autoDraw = False
82.9552 	EXP 	fixation_cross: autoDraw = False
82.9552 	EXP 	unnamed ImageStim: size = array([0.29222222, 0.29222222])
82.9552 	EXP 	unnamed ImageStim: image = <PIL.Image.Image image mode=F size=263x263 at 0x12B4B5828>
82.9552 	EXP 	fixation_cross: autoDraw = True
83.1060 	EXP 	fixation_cross: autoDraw = False
83.3558 	EXP 	unnamed ImageStim: autoDraw = True
83.8559 	EXP 	unnamed ImageStim: autoDraw = False
84.4590 	DATA 	Keypress: q
84.9716 	EXP 	unnamed ImageStim: autoDraw = False
84.9716 	EXP 	fixation_cross: autoDraw = False
84.9716 	EXP 	unnamed ImageStim: size = array([0.29222222, 0.29222222])
84.9716 	EXP 	unnamed ImageStim: image = <PIL.Image.Image image mode=F size=263x263 at 0x12B4B5A20>
84.9716 	EXP 	fixation_cross: autoDraw = True
85.1227 	EXP 	fixation_cross: autoDraw = False
85.3891 	EXP 	unnamed ImageStim: autoDraw = True
85.8726 	EXP 	unnamed ImageStim: autoDraw = False
86.5097 	DATA 	Keypress: p
86.9880 	EXP 	unnamed ImageStim: autoDraw = False
86.9880 	EXP 	fixation_cross: autoDraw = False
86.9880 	EXP 	unnamed ImageStim: size = array([0.29222222, 0.29222222])
86.9880 	EXP 	unnamed ImageStim: image = <PIL.Image.Image image mode=F size=263x263 at 0x12B4B5F60>
86.9880 	EXP 	fixation_cross: autoDraw = True
87.1392 	EXP 	fixation_cross: autoDraw = False
87.4057 	EXP 	unnamed ImageStim: autoDraw = True
87.8890 	EXP 	unnamed ImageStim: autoDraw = False
88.0093 	DATA 	Keypress: p
89.0235 	EXP 	unnamed ImageStim: autoDraw = False
89.0235 	EXP 	fixation_cross: autoDraw = False
89.0235 	EXP 	unnamed ImageStim: size = array([0.29222222, 0.29222222])
89.0235 	EXP 	unnamed ImageStim: image = <PIL.Image.Image image mode=F size=263x263 at 0x12B4BB160>
89.0235 	EXP 	fixation_cross: autoDraw = True
89.1725 	EXP 	fixation_cross: autoDraw = False
89.4223 	EXP 	unnamed ImageStim: autoDraw = True
89.9223 	EXP 	unnamed ImageStim: autoDraw = False
90.3259 	DATA 	Keypress: p
91.0385 	EXP 	unnamed ImageStim: autoDraw = False
91.0385 	EXP 	fixation_cross: autoDraw = False
91.0385 	EXP 	unnamed ImageStim: size = array([0.29222222, 0.29222222])
91.0385 	EXP 	unnamed ImageStim: image = <PIL.Image.Image image mode=F size=263x263 at 0x12B4BB2E8>
91.0385 	EXP 	fixation_cross: autoDraw = True
91.1892 	EXP 	fixation_cross: autoDraw = False
91.4558 	EXP 	unnamed ImageStim: autoDraw = True
91.9390 	EXP 	unnamed ImageStim: autoDraw = False
92.8098 	DATA 	Keypress: q
93.0533 	EXP 	unnamed ImageStim: autoDraw = False
93.0533 	EXP 	fixation_cross: autoDraw = False
93.0533 	EXP 	unnamed ImageStim: size = array([0.29222222, 0.29222222])
93.0533 	EXP 	unnamed ImageStim: image = <PIL.Image.Image image mode=F size=263x263 at 0x12B4BB588>
93.0533 	EXP 	fixation_cross: autoDraw = True
93.2056 	EXP 	fixation_cross: autoDraw = False
93.4724 	EXP 	unnamed ImageStim: autoDraw = True
93.9558 	EXP 	unnamed ImageStim: autoDraw = False
94.4761 	DATA 	Keypress: p
95.0884 	EXP 	unnamed ImageStim: autoDraw = False
95.0884 	EXP 	fixation_cross: autoDraw = False
95.0884 	EXP 	unnamed ImageStim: size = array([0.29222222, 0.29222222])
95.0884 	EXP 	unnamed ImageStim: image = <PIL.Image.Image image mode=F size=263x263 at 0x12B4BB748>
95.0884 	EXP 	fixation_cross: autoDraw = True
95.2224 	EXP 	fixation_cross: autoDraw = False
95.4889 	EXP 	unnamed ImageStim: autoDraw = True
95.9718 	EXP 	unnamed ImageStim: autoDraw = False
96.4426 	DATA 	Keypress: p
97.1049 	EXP 	unnamed ImageStim: autoDraw = False
97.1049 	EXP 	fixation_cross: autoDraw = False
97.1049 	EXP 	unnamed ImageStim: size = array([0.29222222, 0.29222222])
97.1049 	EXP 	unnamed ImageStim: image = <PIL.Image.Image image mode=F size=263x263 at 0x12B4BB668>
97.1049 	EXP 	fixation_cross: autoDraw = True
97.2557 	EXP 	fixation_cross: autoDraw = False
97.5056 	EXP 	unnamed ImageStim: autoDraw = True
98.0057 	EXP 	unnamed ImageStim: autoDraw = False
98.3592 	DATA 	Keypress: p
99.1215 	EXP 	unnamed ImageStim: autoDraw = False
99.1215 	EXP 	fixation_cross: autoDraw = False
99.1215 	EXP 	unnamed ImageStim: size = array([0.29222222, 0.29222222])
99.1215 	EXP 	unnamed ImageStim: image = <PIL.Image.Image image mode=F size=263x263 at 0x12B4BB898>
99.1215 	EXP 	fixation_cross: autoDraw = True
99.2724 	EXP 	fixation_cross: autoDraw = False
99.5390 	EXP 	unnamed ImageStim: autoDraw = True
100.0224 	EXP 	unnamed ImageStim: autoDraw = False
100.2261 	DATA 	Keypress: p
101.1401 	EXP 	unnamed ImageStim: autoDraw = False
101.1401 	EXP 	fixation_cross: autoDraw = False
101.1401 	EXP 	unnamed ImageStim: size = array([0.29222222, 0.29222222])
101.1401 	EXP 	unnamed ImageStim: image = <PIL.Image.Image image mode=F size=263x263 at 0x12B4BBB38>
101.1401 	EXP 	fixation_cross: autoDraw = True
101.2889 	EXP 	fixation_cross: autoDraw = False
101.5557 	EXP 	unnamed ImageStim: autoDraw = True
102.0390 	EXP 	unnamed ImageStim: autoDraw = False
102.1762 	DATA 	Keypress: p
103.1718 	EXP 	unnamed ImageStim: autoDraw = False
103.1718 	EXP 	fixation_cross: autoDraw = False
103.1718 	EXP 	unnamed ImageStim: size = array([0.29222222, 0.29222222])
103.1718 	EXP 	unnamed ImageStim: image = <PIL.Image.Image image mode=F size=263x263 at 0x12B4BBF60>
103.1718 	EXP 	fixation_cross: autoDraw = True
103.3223 	EXP 	fixation_cross: autoDraw = False
103.5723 	EXP 	unnamed ImageStim: autoDraw = True
104.0723 	EXP 	unnamed ImageStim: autoDraw = False
104.7761 	DATA 	Keypress: p
105.1890 	EXP 	unnamed ImageStim: autoDraw = False
105.1890 	EXP 	fixation_cross: autoDraw = False
105.1890 	EXP 	unnamed ImageStim: size = array([0.29222222, 0.29222222])
105.1890 	EXP 	unnamed ImageStim: image = <PIL.Image.Image image mode=F size=263x263 at 0x129B080F0>
105.1890 	EXP 	fixation_cross: autoDraw = True
105.3389 	EXP 	fixation_cross: autoDraw = False
105.6054 	EXP 	unnamed ImageStim: autoDraw = True
106.0884 	EXP 	unnamed ImageStim: autoDraw = False
106.4093 	DATA 	Keypress: q
107.2034 	EXP 	unnamed ImageStim: autoDraw = False
107.2034 	EXP 	fixation_cross: autoDraw = False
107.2034 	EXP 	unnamed ImageStim: size = array([0.29222222, 0.29222222])
107.2034 	EXP 	unnamed ImageStim: image = <PIL.Image.Image image mode=F size=263x263 at 0x129B08358>
107.2034 	EXP 	fixation_cross: autoDraw = True
107.3556 	EXP 	fixation_cross: autoDraw = False
107.6221 	EXP 	unnamed ImageStim: autoDraw = True
108.1054 	EXP 	unnamed ImageStim: autoDraw = False
108.4925 	DATA 	Keypress: p
109.2388 	EXP 	unnamed ImageStim: autoDraw = False
109.2388 	EXP 	fixation_cross: autoDraw = False
109.2388 	EXP 	unnamed ImageStim: size = array([0.29222222, 0.29222222])
109.2388 	EXP 	unnamed ImageStim: image = <PIL.Image.Image image mode=F size=263x263 at 0x129B08278>
109.2388 	EXP 	fixation_cross: autoDraw = True
109.3722 	EXP 	fixation_cross: autoDraw = False
109.6387 	EXP 	unnamed ImageStim: autoDraw = True
110.1388 	EXP 	unnamed ImageStim: autoDraw = False
112.2233 	EXP 	unnamed ImageStim: autoDraw = False
112.2233 	EXP 	fixation_cross: autoDraw = False
112.2233 	EXP 	unnamed ImageStim: size = array([0.29222222, 0.29222222])
112.2233 	EXP 	unnamed ImageStim: image = <PIL.Image.Image image mode=F size=263x263 at 0x129B08748>
112.2233 	EXP 	fixation_cross: autoDraw = True
112.3721 	EXP 	fixation_cross: autoDraw = False
112.6387 	EXP 	unnamed ImageStim: autoDraw = True
113.1222 	EXP 	unnamed ImageStim: autoDraw = False
113.6258 	DATA 	Keypress: q
114.5149 	EXP 	window1: mouseVisible = True
